<?xml version="1.0" encoding="UTF-8"?>
<coverage generated="1743160813215" clover="3.2.0">
  <project timestamp="1743160813215" name="All files">
    <metrics statements="3468" coveredstatements="1924" conditionals="1327" coveredconditionals="540" methods="784" coveredmethods="405" elements="5579" coveredelements="2869" complexity="0" loc="3468" ncloc="3468" packages="1" files="25" classes="25"/>
    <file name="computed.ts" path="C:\Users\Ahmad\reactive-y\src\computed.ts">
      <metrics statements="52" coveredstatements="50" conditionals="20" coveredconditionals="18" methods="13" coveredmethods="12"/>
      <line num="1" count="7" type="stmt"/>
      <line num="2" count="7" type="stmt"/>
      <line num="15" count="7" type="cond" truecount="3" falsecount="1"/>
      <line num="21" count="7" type="cond" truecount="1" falsecount="0"/>
      <line num="24" count="50" type="stmt"/>
      <line num="25" count="50" type="stmt"/>
      <line num="26" count="50" type="stmt"/>
      <line num="27" count="50" type="cond" truecount="2" falsecount="0"/>
      <line num="29" count="50" type="stmt"/>
      <line num="30" count="310" type="cond" truecount="1" falsecount="0"/>
      <line num="31" count="146" type="stmt"/>
      <line num="32" count="218" type="stmt"/>
      <line num="36" count="50" type="stmt"/>
      <line num="37" count="634" type="cond" truecount="3" falsecount="0"/>
      <line num="39" count="204" type="cond" truecount="0" falsecount="1"/>
      <line num="40" count="0" type="stmt"/>
      <line num="43" count="204" type="stmt"/>
      <line num="44" count="204" type="stmt"/>
      <line num="45" count="204" type="stmt"/>
      <line num="46" count="204" type="cond" truecount="3" falsecount="0"/>
      <line num="47" count="164" type="stmt"/>
      <line num="48" count="164" type="stmt"/>
      <line num="49" count="164" type="stmt"/>
      <line num="50" count="164" type="stmt"/>
      <line num="52" count="204" type="stmt"/>
      <line num="54" count="204" type="stmt"/>
      <line num="59" count="50" type="stmt"/>
      <line num="60" count="50" type="stmt"/>
      <line num="63" count="50" type="stmt"/>
      <line num="64" count="461" type="stmt"/>
      <line num="65" count="461" type="stmt"/>
      <line num="66" count="461" type="cond" truecount="1" falsecount="0"/>
      <line num="67" count="146" type="stmt"/>
      <line num="68" count="146" type="stmt"/>
      <line num="69" count="146" type="stmt"/>
      <line num="74" count="50" type="stmt"/>
      <line num="76" count="583" type="cond" truecount="1" falsecount="0"/>
      <line num="77" count="583" type="stmt"/>
      <line num="79" count="583" type="stmt"/>
      <line num="83" count="50" type="cond" truecount="1" falsecount="0"/>
      <line num="84" count="50" type="stmt"/>
      <line num="86" count="50" type="stmt"/>
      <line num="89" count="0" type="stmt"/>
      <line num="92" count="3" type="cond" truecount="1" falsecount="0"/>
      <line num="93" count="1" type="stmt"/>
      <line num="95" count="3" type="stmt"/>
      <line num="98" count="1" type="stmt"/>
      <line num="99" count="1" type="stmt"/>
      <line num="100" count="1" type="stmt"/>
      <line num="101" count="1" type="stmt"/>
      <line num="111" count="7" type="cond" truecount="1" falsecount="0"/>
      <line num="112" count="1" type="stmt"/>
    </file>
    <file name="derivedSignal.ts" path="C:\Users\Ahmad\reactive-y\src\derivedSignal.ts">
      <metrics statements="194" coveredstatements="123" conditionals="54" coveredconditionals="29" methods="52" coveredmethods="33"/>
      <line num="1" count="6" type="stmt"/>
      <line num="13" count="6" type="cond" truecount="3" falsecount="1"/>
      <line num="36" count="6" type="stmt"/>
      <line num="43" count="2" type="cond" truecount="1" falsecount="0"/>
      <line num="45" count="1" type="stmt"/>
      <line num="48" count="2" type="stmt"/>
      <line num="49" count="1" type="stmt"/>
      <line num="50" count="1" type="stmt"/>
      <line num="53" count="1" type="stmt"/>
      <line num="54" count="1" type="stmt"/>
      <line num="57" count="1" type="cond" truecount="1" falsecount="1"/>
      <line num="59" count="1" type="stmt"/>
      <line num="60" count="2" type="stmt"/>
      <line num="61" count="4" type="cond" truecount="0" falsecount="1"/>
      <line num="64" count="8" type="stmt"/>
      <line num="67" count="4" type="stmt"/>
      <line num="70" count="4" type="cond" truecount="2" falsecount="0"/>
      <line num="73" count="2" type="stmt"/>
      <line num="74" count="2" type="stmt"/>
      <line num="77" count="2" type="cond" truecount="1" falsecount="0"/>
      <line num="78" count="1" type="stmt"/>
      <line num="79" count="1" type="stmt"/>
      <line num="86" count="3" type="stmt"/>
      <line num="89" count="1" type="stmt"/>
      <line num="90" count="1" type="stmt"/>
      <line num="92" count="0" type="stmt"/>
      <line num="93" count="0" type="stmt"/>
      <line num="97" count="1" type="cond" truecount="0" falsecount="1"/>
      <line num="98" count="0" type="stmt"/>
      <line num="99" count="0" type="stmt"/>
      <line num="100" count="0" type="stmt"/>
      <line num="104" count="1" type="stmt"/>
      <line num="108" count="0" type="stmt"/>
      <line num="109" count="0" type="stmt"/>
      <line num="110" count="0" type="cond" truecount="0" falsecount="1"/>
      <line num="113" count="0" type="stmt"/>
      <line num="116" count="0" type="stmt"/>
      <line num="119" count="0" type="cond" truecount="0" falsecount="1"/>
      <line num="120" count="0" type="stmt"/>
      <line num="121" count="0" type="stmt"/>
      <line num="127" count="0" type="stmt"/>
      <line num="129" count="0" type="cond" truecount="0" falsecount="1"/>
      <line num="130" count="0" type="stmt"/>
      <line num="131" count="0" type="stmt"/>
      <line num="133" count="0" type="cond" truecount="0" falsecount="1"/>
      <line num="134" count="0" type="stmt"/>
      <line num="137" count="0" type="stmt"/>
      <line num="141" count="0" type="stmt"/>
      <line num="142" count="0" type="stmt"/>
      <line num="145" count="0" type="cond" truecount="0" falsecount="1"/>
      <line num="146" count="0" type="stmt"/>
      <line num="147" count="0" type="stmt"/>
      <line num="148" count="0" type="stmt"/>
      <line num="152" count="0" type="stmt"/>
      <line num="172" count="6" type="stmt"/>
      <line num="177" count="2" type="cond" truecount="1" falsecount="0"/>
      <line num="180" count="2" type="stmt"/>
      <line num="181" count="2" type="stmt"/>
      <line num="186" count="2" type="stmt"/>
      <line num="187" count="7" type="cond" truecount="1" falsecount="0"/>
      <line num="188" count="3" type="stmt"/>
      <line num="193" count="7" type="stmt"/>
      <line num="196" count="2" type="stmt"/>
      <line num="197" count="2" type="stmt"/>
      <line num="199" count="2" type="stmt"/>
      <line num="209" count="6" type="stmt"/>
      <line num="214" count="2" type="stmt"/>
      <line num="217" count="2" type="stmt"/>
      <line num="220" count="2" type="stmt"/>
      <line num="222" count="6" type="cond" truecount="1" falsecount="0"/>
      <line num="223" count="4" type="stmt"/>
      <line num="227" count="6" type="stmt"/>
      <line num="228" count="2" type="stmt"/>
      <line num="229" count="2" type="stmt"/>
      <line num="234" count="6" type="stmt"/>
      <line num="237" count="2" type="stmt"/>
      <line num="238" count="2" type="stmt"/>
      <line num="240" count="2" type="stmt"/>
      <line num="259" count="6" type="stmt"/>
      <line num="264" count="0" type="cond" truecount="0" falsecount="1"/>
      <line num="267" count="0" type="stmt"/>
      <line num="270" count="0" type="stmt"/>
      <line num="273" count="0" type="cond" truecount="0" falsecount="2"/>
      <line num="274" count="0" type="stmt"/>
      <line num="277" count="0" type="cond" truecount="0" falsecount="1"/>
      <line num="278" count="0" type="stmt"/>
      <line num="279" count="0" type="stmt"/>
      <line num="281" count="0" type="stmt"/>
      <line num="284" count="0" type="cond" truecount="0" falsecount="1"/>
      <line num="286" count="0" type="stmt"/>
      <line num="289" count="0" type="stmt"/>
      <line num="294" count="0" type="stmt"/>
      <line num="295" count="0" type="stmt"/>
      <line num="296" count="0" type="stmt"/>
      <line num="300" count="0" type="cond" truecount="0" falsecount="2"/>
      <line num="301" count="0" type="stmt"/>
      <line num="304" count="0" type="cond" truecount="0" falsecount="1"/>
      <line num="305" count="0" type="stmt"/>
      <line num="310" count="0" type="stmt"/>
      <line num="311" count="0" type="stmt"/>
      <line num="312" count="0" type="stmt"/>
      <line num="316" count="0" type="stmt"/>
      <line num="317" count="0" type="stmt"/>
      <line num="319" count="0" type="cond" truecount="0" falsecount="2"/>
      <line num="321" count="0" type="stmt"/>
      <line num="322" count="0" type="stmt"/>
      <line num="323" count="0" type="stmt"/>
      <line num="326" count="0" type="stmt"/>
      <line num="329" count="0" type="cond" truecount="0" falsecount="3"/>
      <line num="330" count="0" type="stmt"/>
      <line num="331" count="0" type="stmt"/>
      <line num="332" count="0" type="cond" truecount="0" falsecount="1"/>
      <line num="333" count="0" type="stmt"/>
      <line num="334" count="0" type="stmt"/>
      <line num="335" count="0" type="stmt"/>
      <line num="337" count="0" type="stmt"/>
      <line num="345" count="0" type="stmt"/>
      <line num="348" count="0" type="stmt"/>
      <line num="349" count="0" type="stmt"/>
      <line num="351" count="0" type="stmt"/>
      <line num="371" count="6" type="stmt"/>
      <line num="376" count="3" type="stmt"/>
      <line num="377" count="3" type="stmt"/>
      <line num="380" count="3" type="stmt"/>
      <line num="381" count="7" type="stmt"/>
      <line num="382" count="7" type="stmt"/>
      <line num="385" count="7" type="cond" truecount="1" falsecount="0"/>
      <line num="386" count="1" type="stmt"/>
      <line num="389" count="7" type="stmt"/>
      <line num="393" count="3" type="stmt"/>
      <line num="394" count="3" type="stmt"/>
      <line num="395" count="3" type="stmt"/>
      <line num="399" count="3" type="stmt"/>
      <line num="402" count="3" type="stmt"/>
      <line num="403" count="5" type="stmt"/>
      <line num="404" count="5" type="cond" truecount="1" falsecount="0"/>
      <line num="406" count="2" type="stmt"/>
      <line num="408" count="3" type="stmt"/>
      <line num="412" count="3" type="stmt"/>
      <line num="413" count="0" type="stmt"/>
      <line num="414" count="0" type="stmt"/>
      <line num="417" count="3" type="stmt"/>
      <line num="418" count="0" type="stmt"/>
      <line num="421" count="3" type="stmt"/>
      <line num="444" count="6" type="stmt"/>
      <line num="448" count="3" type="stmt"/>
      <line num="449" count="3" type="stmt"/>
      <line num="450" count="3" type="stmt"/>
      <line num="453" count="3" type="stmt"/>
      <line num="454" count="7" type="stmt"/>
      <line num="455" count="7" type="stmt"/>
      <line num="458" count="7" type="cond" truecount="2" falsecount="0"/>
      <line num="463" count="7" type="stmt"/>
      <line num="464" count="7" type="stmt"/>
      <line num="468" count="3" type="stmt"/>
      <line num="471" count="3" type="stmt"/>
      <line num="472" count="13" type="stmt"/>
      <line num="476" count="12" type="stmt"/>
      <line num="479" count="3" type="stmt"/>
      <line num="480" count="4" type="stmt"/>
      <line num="481" count="4" type="cond" truecount="1" falsecount="0"/>
      <line num="482" count="4" type="stmt"/>
      <line num="487" count="3" type="stmt"/>
      <line num="488" count="4" type="stmt"/>
      <line num="489" count="4" type="stmt"/>
      <line num="490" count="4" type="cond" truecount="1" falsecount="0"/>
      <line num="491" count="2" type="stmt"/>
      <line num="496" count="3" type="stmt"/>
      <line num="497" count="3" type="stmt"/>
      <line num="500" count="3" type="stmt"/>
      <line num="501" count="3" type="stmt"/>
      <line num="503" count="3" type="stmt"/>
      <line num="530" count="6" type="stmt"/>
      <line num="534" count="5" type="stmt"/>
      <line num="537" count="5" type="stmt"/>
      <line num="538" count="14" type="cond" truecount="1" falsecount="0"/>
      <line num="540" count="10" type="cond" truecount="2" falsecount="0"/>
      <line num="545" count="10" type="stmt"/>
      <line num="546" count="10" type="stmt"/>
      <line num="547" count="10" type="stmt"/>
      <line num="550" count="4" type="stmt"/>
      <line num="554" count="5" type="stmt"/>
      <line num="555" count="4" type="cond" truecount="1" falsecount="0"/>
      <line num="557" count="2" type="stmt"/>
      <line num="560" count="4" type="stmt"/>
      <line num="564" count="5" type="stmt"/>
      <line num="565" count="5" type="stmt"/>
      <line num="569" count="5" type="stmt"/>
      <line num="570" count="1" type="stmt"/>
      <line num="574" count="5" type="stmt"/>
      <line num="575" count="2" type="stmt"/>
      <line num="579" count="5" type="stmt"/>
      <line num="580" count="1" type="stmt"/>
      <line num="583" count="5" type="stmt"/>
    </file>
    <file name="effect.ts" path="C:\Users\Ahmad\reactive-y\src\effect.ts">
      <metrics statements="47" coveredstatements="39" conditionals="14" coveredconditionals="11" methods="11" coveredmethods="6"/>
      <line num="1" count="16" type="stmt"/>
      <line num="24" count="16" type="stmt"/>
      <line num="25" count="16" type="stmt"/>
      <line num="30" count="16" type="stmt"/>
      <line num="31" count="3137" type="cond" truecount="3" falsecount="0"/>
      <line num="32" count="173" type="stmt"/>
      <line num="39" count="16" type="stmt"/>
      <line num="45" count="0" type="stmt"/>
      <line num="46" count="0" type="stmt"/>
      <line num="47" count="0" type="cond" truecount="0" falsecount="1"/>
      <line num="48" count="0" type="stmt"/>
      <line num="56" count="16" type="cond" truecount="3" falsecount="1"/>
      <line num="63" count="0" type="stmt"/>
      <line num="70" count="0" type="stmt"/>
      <line num="79" count="16" type="stmt"/>
      <line num="83" count="73" type="cond" truecount="1" falsecount="0"/>
      <line num="86" count="73" type="stmt"/>
      <line num="89" count="73" type="stmt"/>
      <line num="90" count="513" type="cond" truecount="1" falsecount="0"/>
      <line num="93" count="511" type="cond" truecount="1" falsecount="0"/>
      <line num="94" count="1" type="stmt"/>
      <line num="95" count="1" type="stmt"/>
      <line num="99" count="511" type="stmt"/>
      <line num="100" count="511" type="stmt"/>
      <line num="103" count="511" type="stmt"/>
      <line num="104" count="511" type="stmt"/>
      <line num="106" count="511" type="stmt"/>
      <line num="107" count="511" type="stmt"/>
      <line num="110" count="511" type="cond" truecount="1" falsecount="0"/>
      <line num="111" count="2" type="stmt"/>
      <line num="112" count="2" type="stmt"/>
      <line num="116" count="511" type="stmt"/>
      <line num="119" count="511" type="stmt"/>
      <line num="120" count="511" type="stmt"/>
      <line num="125" count="73" type="stmt"/>
      <line num="128" count="73" type="stmt"/>
      <line num="129" count="7" type="stmt"/>
      <line num="130" count="7" type="cond" truecount="0" falsecount="1"/>
      <line num="131" count="0" type="stmt"/>
      <line num="139" count="16" type="stmt"/>
      <line num="140" count="12" type="stmt"/>
      <line num="141" count="12" type="stmt"/>
      <line num="142" count="12" type="stmt"/>
      <line num="143" count="12" type="stmt"/>
      <line num="145" count="12" type="stmt"/>
      <line num="152" count="16" type="stmt"/>
      <line num="153" count="0" type="stmt"/>
    </file>
    <file name="index.ts" path="C:\Users\Ahmad\reactive-y\src\index.ts">
      <metrics statements="35" coveredstatements="35" conditionals="0" coveredconditionals="0" methods="12" coveredmethods="0"/>
      <line num="6" count="5" type="stmt"/>
      <line num="7" count="5" type="stmt"/>
      <line num="8" count="5" type="stmt"/>
      <line num="12" count="5" type="stmt"/>
      <line num="15" count="5" type="stmt"/>
      <line num="16" count="5" type="stmt"/>
      <line num="17" count="5" type="stmt"/>
      <line num="18" count="5" type="stmt"/>
      <line num="25" count="5" type="stmt"/>
      <line num="26" count="5" type="stmt"/>
      <line num="27" count="5" type="stmt"/>
      <line num="28" count="5" type="stmt"/>
      <line num="29" count="5" type="stmt"/>
      <line num="30" count="5" type="stmt"/>
      <line num="31" count="5" type="stmt"/>
      <line num="35" count="5" type="stmt"/>
      <line num="36" count="5" type="stmt"/>
      <line num="39" count="5" type="stmt"/>
      <line num="40" count="5" type="stmt"/>
      <line num="41" count="5" type="stmt"/>
      <line num="42" count="5" type="stmt"/>
      <line num="43" count="5" type="stmt"/>
      <line num="44" count="5" type="stmt"/>
      <line num="45" count="5" type="stmt"/>
      <line num="46" count="5" type="stmt"/>
      <line num="47" count="5" type="stmt"/>
      <line num="48" count="5" type="stmt"/>
      <line num="49" count="5" type="stmt"/>
      <line num="60" count="5" type="stmt"/>
      <line num="61" count="5" type="stmt"/>
      <line num="62" count="5" type="stmt"/>
      <line num="67" count="5" type="stmt"/>
      <line num="68" count="5" type="stmt"/>
      <line num="69" count="5" type="stmt"/>
      <line num="72" count="5" type="stmt"/>
    </file>
    <file name="linkedSignal.ts" path="C:\Users\Ahmad\reactive-y\src\linkedSignal.ts">
      <metrics statements="99" coveredstatements="33" conditionals="19" coveredconditionals="8" methods="37" coveredmethods="10"/>
      <line num="1" count="5" type="stmt"/>
      <line num="2" count="5" type="stmt"/>
      <line num="19" count="5" type="stmt"/>
      <line num="24" count="0" type="cond" truecount="0" falsecount="1"/>
      <line num="27" count="0" type="stmt"/>
      <line num="36" count="0" type="stmt"/>
      <line num="38" count="0" type="cond" truecount="0" falsecount="1"/>
      <line num="39" count="0" type="stmt"/>
      <line num="40" count="0" type="stmt"/>
      <line num="44" count="0" type="stmt"/>
      <line num="48" count="0" type="stmt"/>
      <line num="49" count="0" type="stmt"/>
      <line num="52" count="0" type="stmt"/>
      <line num="53" count="0" type="stmt"/>
      <line num="54" count="0" type="stmt"/>
      <line num="57" count="0" type="stmt"/>
      <line num="66" count="5" type="stmt"/>
      <line num="70" count="0" type="stmt"/>
      <line num="71" count="0" type="stmt"/>
      <line num="74" count="0" type="stmt"/>
      <line num="75" count="0" type="stmt"/>
      <line num="79" count="0" type="stmt"/>
      <line num="80" count="0" type="stmt"/>
      <line num="83" count="0" type="stmt"/>
      <line num="93" count="5" type="stmt"/>
      <line num="97" count="0" type="stmt"/>
      <line num="100" count="0" type="stmt"/>
      <line num="102" count="0" type="stmt"/>
      <line num="110" count="0" type="stmt"/>
      <line num="113" count="0" type="stmt"/>
      <line num="114" count="0" type="cond" truecount="0" falsecount="1"/>
      <line num="115" count="0" type="stmt"/>
      <line num="116" count="0" type="stmt"/>
      <line num="118" count="0" type="stmt"/>
      <line num="122" count="0" type="stmt"/>
      <line num="123" count="0" type="stmt"/>
      <line num="124" count="0" type="stmt"/>
      <line num="128" count="0" type="stmt"/>
      <line num="131" count="0" type="stmt"/>
      <line num="134" count="0" type="stmt"/>
      <line num="135" count="0" type="stmt"/>
      <line num="138" count="0" type="stmt"/>
      <line num="147" count="5" type="stmt"/>
      <line num="152" count="3" type="stmt"/>
      <line num="153" count="1" type="stmt"/>
      <line num="156" count="1" type="stmt"/>
      <line num="159" count="1" type="stmt"/>
      <line num="160" count="3" type="stmt"/>
      <line num="161" count="15" type="stmt"/>
      <line num="162" count="5" type="stmt"/>
      <line num="166" count="1" type="stmt"/>
      <line num="172" count="5" type="cond" truecount="3" falsecount="1"/>
      <line num="179" count="5" type="stmt"/>
      <line num="184" count="1" type="cond" truecount="0" falsecount="1"/>
      <line num="185" count="0" type="stmt"/>
      <line num="186" count="0" type="stmt"/>
      <line num="190" count="1" type="stmt"/>
      <line num="193" count="1" type="cond" truecount="5" falsecount="0"/>
      <line num="195" count="1" type="stmt"/>
      <line num="198" count="1" type="stmt"/>
      <line num="200" count="1" type="cond" truecount="0" falsecount="1"/>
      <line num="201" count="0" type="stmt"/>
      <line num="205" count="1" type="stmt"/>
      <line num="209" count="0" type="stmt"/>
      <line num="212" count="0" type="stmt"/>
      <line num="213" count="0" type="stmt"/>
      <line num="217" count="0" type="stmt"/>
      <line num="220" count="0" type="stmt"/>
      <line num="221" count="0" type="stmt"/>
      <line num="224" count="0" type="stmt"/>
      <line num="225" count="0" type="stmt"/>
      <line num="229" count="0" type="stmt"/>
      <line num="232" count="0" type="stmt"/>
      <line num="241" count="5" type="stmt"/>
      <line num="244" count="1" type="stmt"/>
      <line num="247" count="1" type="stmt"/>
      <line num="249" count="1" type="stmt"/>
      <line num="250" count="2" type="stmt"/>
      <line num="254" count="1" type="stmt"/>
      <line num="256" count="1" type="stmt"/>
      <line num="259" count="1" type="stmt"/>
      <line num="270" count="5" type="stmt"/>
      <line num="277" count="0" type="cond" truecount="0" falsecount="2"/>
      <line num="280" count="0" type="stmt"/>
      <line num="282" count="0" type="cond" truecount="0" falsecount="1"/>
      <line num="283" count="0" type="stmt"/>
      <line num="284" count="0" type="stmt"/>
      <line num="288" count="0" type="stmt"/>
      <line num="289" count="0" type="stmt"/>
      <line num="290" count="0" type="stmt"/>
      <line num="294" count="0" type="stmt"/>
      <line num="296" count="0" type="stmt"/>
      <line num="297" count="0" type="stmt"/>
      <line num="298" count="0" type="stmt"/>
      <line num="303" count="0" type="stmt"/>
      <line num="304" count="0" type="stmt"/>
      <line num="305" count="0" type="stmt"/>
      <line num="308" count="0" type="stmt"/>
      <line num="312" count="5" type="stmt"/>
    </file>
    <file name="provideInject.ts" path="C:\Users\Ahmad\reactive-y\src\provideInject.ts">
      <metrics statements="45" coveredstatements="34" conditionals="18" coveredconditionals="11" methods="7" coveredmethods="6"/>
      <line num="2" count="5" type="stmt"/>
      <line num="12" count="5" type="stmt"/>
      <line num="17" count="5" type="stmt"/>
      <line num="24" count="5" type="stmt"/>
      <line num="25" count="1" type="stmt"/>
      <line num="33" count="5" type="stmt"/>
      <line num="34" count="7" type="cond" truecount="1" falsecount="1"/>
      <line num="35" count="7" type="stmt"/>
      <line num="44" count="5" type="stmt"/>
      <line num="46" count="8" type="stmt"/>
      <line num="47" count="7" type="stmt"/>
      <line num="48" count="7" type="cond" truecount="1" falsecount="0"/>
      <line num="49" count="6" type="stmt"/>
      <line num="51" count="6" type="cond" truecount="3" falsecount="0"/>
      <line num="52" count="1" type="stmt"/>
      <line num="54" count="5" type="stmt"/>
      <line num="59" count="2" type="cond" truecount="0" falsecount="1"/>
      <line num="60" count="0" type="stmt"/>
      <line num="62" count="0" type="cond" truecount="0" falsecount="3"/>
      <line num="63" count="0" type="stmt"/>
      <line num="65" count="0" type="stmt"/>
      <line num="69" count="2" type="cond" truecount="1" falsecount="0"/>
      <line num="70" count="1" type="stmt"/>
      <line num="73" count="1" type="stmt"/>
      <line num="81" count="5" type="stmt"/>
      <line num="82" count="7" type="stmt"/>
      <line num="83" count="7" type="stmt"/>
      <line num="85" count="7" type="stmt"/>
      <line num="86" count="7" type="stmt"/>
      <line num="88" count="7" type="stmt"/>
      <line num="96" count="1" type="cond" truecount="4" falsecount="0"/>
      <line num="97" count="1" type="stmt"/>
      <line num="99" count="0" type="stmt"/>
      <line num="108" count="5" type="stmt"/>
      <line num="113" count="1" type="stmt"/>
      <line num="114" count="1" type="stmt"/>
      <line num="115" count="1" type="cond" truecount="1" falsecount="0"/>
      <line num="116" count="1" type="stmt"/>
      <line num="117" count="1" type="stmt"/>
      <line num="122" count="0" type="cond" truecount="0" falsecount="1"/>
      <line num="123" count="0" type="stmt"/>
      <line num="124" count="0" type="stmt"/>
      <line num="128" count="0" type="cond" truecount="0" falsecount="1"/>
      <line num="129" count="0" type="stmt"/>
      <line num="132" count="0" type="stmt"/>
    </file>
    <file name="reactive.ts" path="C:\Users\Ahmad\reactive-y\src\reactive.ts">
      <metrics statements="92" coveredstatements="0" conditionals="54" coveredconditionals="0" methods="21" coveredmethods="0"/>
      <line num="1" count="0" type="stmt"/>
      <line num="2" count="0" type="stmt"/>
      <line num="7" count="0" type="stmt"/>
      <line num="12" count="0" type="stmt"/>
      <line num="17" count="0" type="stmt"/>
      <line num="22" count="0" type="cond" truecount="0" falsecount="4"/>
      <line num="30" count="0" type="stmt"/>
      <line num="32" count="0" type="cond" truecount="0" falsecount="1"/>
      <line num="33" count="0" type="stmt"/>
      <line num="37" count="0" type="cond" truecount="0" falsecount="1"/>
      <line num="38" count="0" type="stmt"/>
      <line num="42" count="0" type="stmt"/>
      <line num="43" count="0" type="stmt"/>
      <line num="44" count="0" type="stmt"/>
      <line num="50" count="0" type="stmt"/>
      <line num="51" count="0" type="cond" truecount="0" falsecount="2"/>
      <line num="57" count="0" type="stmt"/>
      <line num="58" count="0" type="cond" truecount="0" falsecount="2"/>
      <line num="59" count="0" type="cond" truecount="0" falsecount="2"/>
      <line num="67" count="0" type="cond" truecount="0" falsecount="3"/>
      <line num="69" count="0" type="stmt"/>
      <line num="71" count="0" type="cond" truecount="0" falsecount="1"/>
      <line num="73" count="0" type="stmt"/>
      <line num="74" count="0" type="stmt"/>
      <line num="75" count="0" type="cond" truecount="0" falsecount="1"/>
      <line num="76" count="0" type="stmt"/>
      <line num="78" count="0" type="stmt"/>
      <line num="79" count="0" type="stmt"/>
      <line num="83" count="0" type="cond" truecount="0" falsecount="1"/>
      <line num="84" count="0" type="stmt"/>
      <line num="85" count="0" type="stmt"/>
      <line num="89" count="0" type="cond" truecount="0" falsecount="3"/>
      <line num="92" count="0" type="stmt"/>
      <line num="93" count="0" type="stmt"/>
      <line num="95" count="0" type="cond" truecount="0" falsecount="1"/>
      <line num="96" count="0" type="stmt"/>
      <line num="107" count="0" type="stmt"/>
      <line num="109" count="0" type="stmt"/>
      <line num="112" count="0" type="cond" truecount="0" falsecount="1"/>
      <line num="113" count="0" type="stmt"/>
      <line num="115" count="0" type="cond" truecount="0" falsecount="1"/>
      <line num="116" count="0" type="stmt"/>
      <line num="119" count="0" type="stmt"/>
      <line num="122" count="0" type="cond" truecount="0" falsecount="3"/>
      <line num="123" count="0" type="stmt"/>
      <line num="124" count="0" type="stmt"/>
      <line num="127" count="0" type="stmt"/>
      <line num="129" count="0" type="stmt"/>
      <line num="134" count="0" type="cond" truecount="0" falsecount="3"/>
      <line num="135" count="0" type="stmt"/>
      <line num="139" count="0" type="cond" truecount="0" falsecount="4"/>
      <line num="140" count="0" type="stmt"/>
      <line num="144" count="0" type="cond" truecount="0" falsecount="1"/>
      <line num="145" count="0" type="stmt"/>
      <line num="148" count="0" type="stmt"/>
      <line num="149" count="0" type="stmt"/>
      <line num="154" count="0" type="stmt"/>
      <line num="157" count="0" type="stmt"/>
      <line num="160" count="0" type="cond" truecount="0" falsecount="1"/>
      <line num="162" count="0" type="cond" truecount="0" falsecount="2"/>
      <line num="163" count="0" type="stmt"/>
      <line num="164" count="0" type="stmt"/>
      <line num="167" count="0" type="stmt"/>
      <line num="171" count="0" type="cond" truecount="0" falsecount="4"/>
      <line num="173" count="0" type="cond" truecount="0" falsecount="1"/>
      <line num="174" count="0" type="stmt"/>
      <line num="175" count="0" type="stmt"/>
      <line num="180" count="0" type="stmt"/>
      <line num="184" count="0" type="stmt"/>
      <line num="185" count="0" type="stmt"/>
      <line num="188" count="0" type="cond" truecount="0" falsecount="3"/>
      <line num="190" count="0" type="cond" truecount="0" falsecount="1"/>
      <line num="191" count="0" type="stmt"/>
      <line num="195" count="0" type="stmt"/>
      <line num="199" count="0" type="stmt"/>
      <line num="203" count="0" type="stmt"/>
      <line num="207" count="0" type="stmt"/>
      <line num="215" count="0" type="stmt"/>
      <line num="216" count="0" type="stmt"/>
      <line num="232" count="0" type="stmt"/>
      <line num="234" count="0" type="cond" truecount="0" falsecount="1"/>
      <line num="235" count="0" type="stmt"/>
      <line num="239" count="0" type="stmt"/>
      <line num="242" count="0" type="stmt"/>
      <line num="243" count="0" type="cond" truecount="0" falsecount="2"/>
      <line num="245" count="0" type="stmt"/>
      <line num="252" count="0" type="stmt"/>
      <line num="257" count="0" type="stmt"/>
      <line num="263" count="0" type="stmt"/>
      <line num="264" count="0" type="cond" truecount="0" falsecount="2"/>
      <line num="270" count="0" type="stmt"/>
      <line num="271" count="0" type="cond" truecount="0" falsecount="2"/>
    </file>
    <file name="reactiveActions.ts" path="C:\Users\Ahmad\reactive-y\src\reactiveActions.ts">
      <metrics statements="163" coveredstatements="73" conditionals="45" coveredconditionals="12" methods="45" coveredmethods="20"/>
      <line num="1" count="6" type="stmt"/>
      <line num="2" count="6" type="stmt"/>
      <line num="3" count="6" type="stmt"/>
      <line num="102" count="6" type="stmt"/>
      <line num="104" count="11" type="cond" truecount="1" falsecount="0"/>
      <line num="106" count="31" type="stmt"/>
      <line num="111" count="31" type="stmt"/>
      <line num="112" count="31" type="stmt"/>
      <line num="118" count="6" type="stmt"/>
      <line num="122" count="5" type="stmt"/>
      <line num="123" count="13" type="stmt"/>
      <line num="124" count="13" type="stmt"/>
      <line num="131" count="6" type="stmt"/>
      <line num="134" count="5" type="stmt"/>
      <line num="140" count="6" type="stmt"/>
      <line num="150" count="6" type="stmt"/>
      <line num="153" count="6" type="stmt"/>
      <line num="154" count="6" type="stmt"/>
      <line num="162" count="6" type="stmt"/>
      <line num="165" count="6" type="stmt"/>
      <line num="168" count="6" type="cond" truecount="1" falsecount="2"/>
      <line num="169" count="0" type="stmt"/>
      <line num="170" count="0" type="stmt"/>
      <line num="171" count="0" type="stmt"/>
      <line num="173" count="0" type="stmt"/>
      <line num="174" count="0" type="stmt"/>
      <line num="179" count="0" type="stmt"/>
      <line num="185" count="6" type="stmt"/>
      <line num="186" count="22" type="stmt"/>
      <line num="188" count="22" type="cond" truecount="1" falsecount="0"/>
      <line num="190" count="22" type="stmt"/>
      <line num="191" count="22" type="stmt"/>
      <line num="195" count="0" type="stmt"/>
      <line num="197" count="0" type="stmt"/>
      <line num="198" count="0" type="cond" truecount="0" falsecount="1"/>
      <line num="199" count="0" type="stmt"/>
      <line num="200" count="0" type="stmt"/>
      <line num="202" count="0" type="stmt"/>
      <line num="206" count="0" type="stmt"/>
      <line num="207" count="0" type="stmt"/>
      <line num="211" count="6" type="stmt"/>
      <line num="213" count="22" type="stmt"/>
      <line num="217" count="22" type="cond" truecount="1" falsecount="1"/>
      <line num="222" count="22" type="stmt"/>
      <line num="225" count="22" type="cond" truecount="0" falsecount="1"/>
      <line num="226" count="0" type="stmt"/>
      <line num="230" count="22" type="stmt"/>
      <line num="231" count="22" type="stmt"/>
      <line num="233" count="22" type="stmt"/>
      <line num="242" count="22" type="stmt"/>
      <line num="243" count="22" type="cond" truecount="0" falsecount="1"/>
      <line num="244" count="0" type="stmt"/>
      <line num="245" count="0" type="stmt"/>
      <line num="251" count="6" type="stmt"/>
      <line num="252" count="22" type="stmt"/>
      <line num="256" count="6" type="stmt"/>
      <line num="257" count="0" type="cond" truecount="0" falsecount="1"/>
      <line num="259" count="0" type="stmt"/>
      <line num="260" count="0" type="cond" truecount="0" falsecount="1"/>
      <line num="262" count="0" type="stmt"/>
      <line num="263" count="0" type="cond" truecount="0" falsecount="1"/>
      <line num="266" count="0" type="stmt"/>
      <line num="267" count="0" type="stmt"/>
      <line num="268" count="0" type="stmt"/>
      <line num="278" count="6" type="stmt"/>
      <line num="279" count="0" type="cond" truecount="0" falsecount="1"/>
      <line num="281" count="0" type="stmt"/>
      <line num="282" count="0" type="cond" truecount="0" falsecount="1"/>
      <line num="284" count="0" type="stmt"/>
      <line num="285" count="0" type="cond" truecount="0" falsecount="1"/>
      <line num="288" count="0" type="stmt"/>
      <line num="291" count="0" type="stmt"/>
      <line num="292" count="0" type="stmt"/>
      <line num="293" count="0" type="stmt"/>
      <line num="302" count="0" type="stmt"/>
      <line num="303" count="0" type="cond" truecount="0" falsecount="1"/>
      <line num="304" count="0" type="stmt"/>
      <line num="305" count="0" type="stmt"/>
      <line num="311" count="6" type="stmt"/>
      <line num="312" count="0" type="cond" truecount="0" falsecount="1"/>
      <line num="314" count="0" type="stmt"/>
      <line num="315" count="0" type="cond" truecount="0" falsecount="3"/>
      <line num="318" count="0" type="stmt"/>
      <line num="319" count="0" type="stmt"/>
      <line num="320" count="0" type="stmt"/>
      <line num="330" count="6" type="stmt"/>
      <line num="331" count="0" type="stmt"/>
      <line num="332" count="0" type="stmt"/>
      <line num="333" count="0" type="stmt"/>
      <line num="343" count="6" type="stmt"/>
      <line num="347" count="0" type="cond" truecount="0" falsecount="1"/>
      <line num="348" count="0" type="stmt"/>
      <line num="351" count="0" type="stmt"/>
      <line num="354" count="0" type="stmt"/>
      <line num="355" count="0" type="stmt"/>
      <line num="356" count="0" type="cond" truecount="0" falsecount="1"/>
      <line num="357" count="0" type="stmt"/>
      <line num="358" count="0" type="cond" truecount="0" falsecount="1"/>
      <line num="359" count="0" type="stmt"/>
      <line num="366" count="6" type="stmt"/>
      <line num="367" count="0" type="stmt"/>
      <line num="370" count="0" type="stmt"/>
      <line num="371" count="0" type="stmt"/>
      <line num="372" count="0" type="cond" truecount="0" falsecount="1"/>
      <line num="373" count="0" type="stmt"/>
      <line num="378" count="6" type="stmt"/>
      <line num="381" count="0" type="stmt"/>
      <line num="395" count="6" type="stmt"/>
      <line num="396" count="0" type="stmt"/>
      <line num="397" count="0" type="stmt"/>
      <line num="398" count="0" type="stmt"/>
      <line num="399" count="0" type="cond" truecount="0" falsecount="1"/>
      <line num="400" count="0" type="stmt"/>
      <line num="404" count="0" type="stmt"/>
      <line num="406" count="0" type="stmt"/>
      <line num="407" count="0" type="stmt"/>
      <line num="414" count="6" type="stmt"/>
      <line num="417" count="0" type="stmt"/>
      <line num="418" count="0" type="cond" truecount="0" falsecount="1"/>
      <line num="419" count="0" type="stmt"/>
      <line num="421" count="0" type="stmt"/>
      <line num="428" count="6" type="stmt"/>
      <line num="431" count="0" type="stmt"/>
      <line num="433" count="0" type="stmt"/>
      <line num="434" count="0" type="stmt"/>
      <line num="435" count="0" type="cond" truecount="0" falsecount="2"/>
      <line num="437" count="0" type="cond" truecount="0" falsecount="1"/>
      <line num="438" count="0" type="stmt"/>
      <line num="439" count="0" type="stmt"/>
      <line num="441" count="0" type="stmt"/>
      <line num="448" count="6" type="stmt"/>
      <line num="462" count="4" type="stmt"/>
      <line num="465" count="4" type="stmt"/>
      <line num="470" count="4" type="stmt"/>
      <line num="473" count="0" type="stmt"/>
      <line num="479" count="0" type="stmt"/>
      <line num="483" count="4" type="stmt"/>
      <line num="485" count="0" type="cond" truecount="0" falsecount="1"/>
      <line num="486" count="0" type="cond" truecount="0" falsecount="2"/>
      <line num="487" count="0" type="cond" truecount="0" falsecount="1"/>
      <line num="488" count="0" type="stmt"/>
      <line num="490" count="0" type="stmt"/>
      <line num="495" count="6" type="stmt"/>
      <line num="501" count="6" type="stmt"/>
      <line num="502" count="22" type="stmt"/>
      <line num="506" count="6" type="stmt"/>
      <line num="509" count="6" type="stmt"/>
      <line num="510" count="0" type="stmt"/>
      <line num="514" count="6" type="stmt"/>
      <line num="517" count="4" type="stmt"/>
      <line num="519" count="4" type="stmt"/>
      <line num="520" count="4" type="stmt"/>
      <line num="521" count="4" type="stmt"/>
      <line num="525" count="4" type="stmt"/>
      <line num="526" count="5" type="stmt"/>
      <line num="528" count="5" type="stmt"/>
      <line num="529" count="10" type="cond" truecount="1" falsecount="0"/>
      <line num="530" count="6" type="stmt"/>
      <line num="531" count="6" type="stmt"/>
      <line num="533" count="4" type="stmt"/>
      <line num="537" count="5" type="stmt"/>
      <line num="538" count="5" type="cond" truecount="1" falsecount="0"/>
      <line num="539" count="2" type="stmt"/>
    </file>
    <file name="reactiveCache.ts" path="C:\Users\Ahmad\reactive-y\src\reactiveCache.ts">
      <metrics statements="196" coveredstatements="5" conditionals="94" coveredconditionals="0" methods="30" coveredmethods="0"/>
      <line num="1" count="6" type="stmt"/>
      <line num="117" count="6" type="cond" truecount="0" falsecount="1"/>
      <line num="128" count="0" type="stmt"/>
      <line num="131" count="0" type="stmt"/>
      <line num="134" count="0" type="stmt"/>
      <line num="135" count="0" type="stmt"/>
      <line num="138" count="0" type="stmt"/>
      <line num="139" count="0" type="stmt"/>
      <line num="142" count="0" type="stmt"/>
      <line num="145" count="0" type="stmt"/>
      <line num="151" count="0" type="cond" truecount="0" falsecount="1"/>
      <line num="152" count="0" type="stmt"/>
      <line num="160" count="0" type="cond" truecount="0" falsecount="3"/>
      <line num="161" count="0" type="stmt"/>
      <line num="162" count="0" type="cond" truecount="0" falsecount="2"/>
      <line num="166" count="0" type="stmt"/>
      <line num="167" count="0" type="cond" truecount="0" falsecount="1"/>
      <line num="168" count="0" type="stmt"/>
      <line num="171" count="0" type="stmt"/>
      <line num="172" count="0" type="stmt"/>
      <line num="175" count="0" type="stmt"/>
      <line num="178" count="0" type="stmt"/>
      <line num="183" count="0" type="cond" truecount="0" falsecount="1"/>
      <line num="184" count="0" type="stmt"/>
      <line num="192" count="0" type="cond" truecount="0" falsecount="3"/>
      <line num="193" count="0" type="stmt"/>
      <line num="194" count="0" type="cond" truecount="0" falsecount="2"/>
      <line num="198" count="0" type="stmt"/>
      <line num="199" count="0" type="stmt"/>
      <line num="201" count="0" type="stmt"/>
      <line num="210" count="0" type="cond" truecount="0" falsecount="1"/>
      <line num="211" count="0" type="stmt"/>
      <line num="212" count="0" type="stmt"/>
      <line num="220" count="0" type="stmt"/>
      <line num="227" count="0" type="stmt"/>
      <line num="229" count="0" type="stmt"/>
      <line num="230" count="0" type="cond" truecount="0" falsecount="2"/>
      <line num="237" count="0" type="stmt"/>
      <line num="238" count="0" type="stmt"/>
      <line num="240" count="0" type="stmt"/>
      <line num="241" count="0" type="cond" truecount="0" falsecount="1"/>
      <line num="242" count="0" type="stmt"/>
      <line num="243" count="0" type="stmt"/>
      <line num="244" count="0" type="stmt"/>
      <line num="245" count="0" type="stmt"/>
      <line num="248" count="0" type="stmt"/>
      <line num="252" count="0" type="cond" truecount="0" falsecount="1"/>
      <line num="253" count="0" type="stmt"/>
      <line num="254" count="0" type="stmt"/>
      <line num="262" count="0" type="stmt"/>
      <line num="264" count="0" type="cond" truecount="0" falsecount="1"/>
      <line num="265" count="0" type="stmt"/>
      <line num="268" count="0" type="stmt"/>
      <line num="273" count="0" type="cond" truecount="0" falsecount="2"/>
      <line num="275" count="0" type="cond" truecount="0" falsecount="4"/>
      <line num="276" count="0" type="cond" truecount="0" falsecount="2"/>
      <line num="278" count="0" type="cond" truecount="0" falsecount="4"/>
      <line num="281" count="0" type="stmt"/>
      <line num="282" count="0" type="cond" truecount="0" falsecount="4"/>
      <line num="287" count="0" type="stmt"/>
      <line num="289" count="0" type="stmt"/>
      <line num="290" count="0" type="stmt"/>
      <line num="291" count="0" type="stmt"/>
      <line num="292" count="0" type="stmt"/>
      <line num="295" count="0" type="stmt"/>
      <line num="298" count="0" type="stmt"/>
      <line num="299" count="0" type="stmt"/>
      <line num="306" count="0" type="cond" truecount="0" falsecount="2"/>
      <line num="307" count="0" type="stmt"/>
      <line num="323" count="0" type="stmt"/>
      <line num="326" count="0" type="stmt"/>
      <line num="328" count="0" type="cond" truecount="0" falsecount="2"/>
      <line num="329" count="0" type="stmt"/>
      <line num="331" count="0" type="cond" truecount="0" falsecount="2"/>
      <line num="333" count="0" type="stmt"/>
      <line num="334" count="0" type="stmt"/>
      <line num="337" count="0" type="stmt"/>
      <line num="342" count="0" type="stmt"/>
      <line num="343" count="0" type="cond" truecount="0" falsecount="3"/>
      <line num="345" count="0" type="stmt"/>
      <line num="346" count="0" type="stmt"/>
      <line num="349" count="0" type="stmt"/>
      <line num="355" count="0" type="stmt"/>
      <line num="357" count="0" type="stmt"/>
      <line num="361" count="0" type="stmt"/>
      <line num="362" count="0" type="stmt"/>
      <line num="365" count="0" type="stmt"/>
      <line num="366" count="0" type="stmt"/>
      <line num="370" count="0" type="stmt"/>
      <line num="371" count="0" type="stmt"/>
      <line num="374" count="0" type="stmt"/>
      <line num="375" count="0" type="stmt"/>
      <line num="384" count="0" type="stmt"/>
      <line num="387" count="0" type="stmt"/>
      <line num="390" count="0" type="stmt"/>
      <line num="393" count="0" type="stmt"/>
      <line num="395" count="0" type="stmt"/>
      <line num="397" count="0" type="stmt"/>
      <line num="399" count="0" type="cond" truecount="0" falsecount="3"/>
      <line num="401" count="0" type="stmt"/>
      <line num="404" count="0" type="stmt"/>
      <line num="411" count="0" type="stmt"/>
      <line num="413" count="0" type="stmt"/>
      <line num="417" count="0" type="stmt"/>
      <line num="418" count="0" type="stmt"/>
      <line num="428" count="0" type="stmt"/>
      <line num="430" count="0" type="stmt"/>
      <line num="442" count="0" type="cond" truecount="0" falsecount="3"/>
      <line num="444" count="0" type="stmt"/>
      <line num="445" count="0" type="stmt"/>
      <line num="448" count="0" type="stmt"/>
      <line num="449" count="0" type="stmt"/>
      <line num="457" count="0" type="stmt"/>
      <line num="460" count="0" type="stmt"/>
      <line num="463" count="0" type="stmt"/>
      <line num="465" count="0" type="stmt"/>
      <line num="467" count="0" type="stmt"/>
      <line num="469" count="0" type="cond" truecount="0" falsecount="4"/>
      <line num="471" count="0" type="stmt"/>
      <line num="478" count="0" type="stmt"/>
      <line num="479" count="0" type="stmt"/>
      <line num="490" count="0" type="stmt"/>
      <line num="498" count="0" type="stmt"/>
      <line num="500" count="0" type="cond" truecount="0" falsecount="1"/>
      <line num="501" count="0" type="stmt"/>
      <line num="503" count="0" type="cond" truecount="0" falsecount="3"/>
      <line num="504" count="0" type="stmt"/>
      <line num="505" count="0" type="stmt"/>
      <line num="509" count="0" type="cond" truecount="0" falsecount="3"/>
      <line num="510" count="0" type="stmt"/>
      <line num="516" count="0" type="stmt"/>
      <line num="520" count="0" type="stmt"/>
      <line num="521" count="0" type="stmt"/>
      <line num="528" count="0" type="stmt"/>
      <line num="539" count="0" type="cond" truecount="0" falsecount="2"/>
      <line num="541" count="0" type="stmt"/>
      <line num="542" count="0" type="stmt"/>
      <line num="551" count="0" type="stmt"/>
      <line num="554" count="0" type="stmt"/>
      <line num="557" count="0" type="stmt"/>
      <line num="560" count="0" type="stmt"/>
      <line num="562" count="0" type="stmt"/>
      <line num="569" count="0" type="cond" truecount="0" falsecount="1"/>
      <line num="570" count="0" type="stmt"/>
      <line num="571" count="0" type="stmt"/>
      <line num="572" count="0" type="stmt"/>
      <line num="575" count="0" type="stmt"/>
      <line num="578" count="0" type="stmt"/>
      <line num="580" count="0" type="stmt"/>
      <line num="588" count="0" type="cond" truecount="0" falsecount="2"/>
      <line num="590" count="0" type="cond" truecount="0" falsecount="1"/>
      <line num="591" count="0" type="stmt"/>
      <line num="594" count="0" type="stmt"/>
      <line num="596" count="0" type="stmt"/>
      <line num="597" count="0" type="stmt"/>
      <line num="600" count="0" type="cond" truecount="0" falsecount="1"/>
      <line num="601" count="0" type="stmt"/>
      <line num="602" count="0" type="stmt"/>
      <line num="603" count="0" type="stmt"/>
      <line num="604" count="0" type="stmt"/>
      <line num="607" count="0" type="stmt"/>
      <line num="611" count="0" type="cond" truecount="0" falsecount="1"/>
      <line num="612" count="0" type="stmt"/>
      <line num="615" count="0" type="stmt"/>
      <line num="623" count="0" type="stmt"/>
      <line num="624" count="0" type="stmt"/>
      <line num="625" count="0" type="stmt"/>
      <line num="626" count="0" type="stmt"/>
      <line num="629" count="0" type="stmt"/>
      <line num="633" count="0" type="stmt"/>
      <line num="634" count="0" type="stmt"/>
      <line num="637" count="0" type="stmt"/>
      <line num="639" count="0" type="stmt"/>
      <line num="646" count="0" type="stmt"/>
      <line num="659" count="0" type="cond" truecount="0" falsecount="1"/>
      <line num="661" count="0" type="stmt"/>
      <line num="662" count="0" type="stmt"/>
      <line num="666" count="0" type="stmt"/>
      <line num="670" count="0" type="stmt"/>
      <line num="673" count="0" type="cond" truecount="0" falsecount="1"/>
      <line num="674" count="0" type="stmt"/>
      <line num="675" count="0" type="cond" truecount="0" falsecount="1"/>
      <line num="676" count="0" type="stmt"/>
      <line num="681" count="0" type="stmt"/>
      <line num="697" count="6" type="stmt"/>
      <line num="702" count="6" type="stmt"/>
      <line num="703" count="0" type="cond" truecount="0" falsecount="1"/>
      <line num="704" count="0" type="stmt"/>
      <line num="706" count="0" type="stmt"/>
      <line num="712" count="6" type="stmt"/>
      <line num="724" count="0" type="cond" truecount="0" falsecount="1"/>
      <line num="728" count="0" type="stmt"/>
      <line num="730" count="0" type="stmt"/>
      <line num="731" count="0" type="stmt"/>
      <line num="733" count="0" type="stmt"/>
      <line num="735" count="0" type="stmt"/>
    </file>
    <file name="reactiveContext.ts" path="C:\Users\Ahmad\reactive-y\src\reactiveContext.ts">
      <metrics statements="90" coveredstatements="89" conditionals="24" coveredconditionals="21" methods="22" coveredmethods="22"/>
      <line num="1" count="6" type="stmt"/>
      <line num="2" count="6" type="stmt"/>
      <line num="3" count="6" type="stmt"/>
      <line num="13" count="6" type="stmt"/>
      <line num="14" count="11" type="stmt"/>
      <line num="36" count="6" type="stmt"/>
      <line num="42" count="25" type="stmt"/>
      <line num="43" count="25" type="cond" truecount="3" falsecount="0"/>
      <line num="44" count="7" type="stmt"/>
      <line num="46" count="18" type="stmt"/>
      <line num="56" count="6" type="stmt"/>
      <line num="61" count="8" type="cond" truecount="1" falsecount="0"/>
      <line num="62" count="8" type="cond" truecount="2" falsecount="0"/>
      <line num="66" count="8" type="stmt"/>
      <line num="71" count="8" type="stmt"/>
      <line num="72" count="17" type="stmt"/>
      <line num="73" count="17" type="cond" truecount="2" falsecount="0"/>
      <line num="74" count="12" type="stmt"/>
      <line num="75" count="5" type="cond" truecount="0" falsecount="1"/>
      <line num="76" count="0" type="stmt"/>
      <line num="81" count="8" type="stmt"/>
      <line num="82" count="1" type="cond" truecount="1" falsecount="1"/>
      <line num="83" count="1" type="stmt"/>
      <line num="85" count="1" type="stmt"/>
      <line num="87" count="1" type="stmt"/>
      <line num="89" count="1" type="cond" truecount="1" falsecount="1"/>
      <line num="90" count="1" type="stmt"/>
      <line num="95" count="8" type="stmt"/>
      <line num="97" count="1" type="stmt"/>
      <line num="100" count="1" type="stmt"/>
      <line num="103" count="1" type="stmt"/>
      <line num="104" count="2" type="stmt"/>
      <line num="105" count="2" type="stmt"/>
      <line num="106" count="2" type="stmt"/>
      <line num="109" count="1" type="stmt"/>
      <line num="113" count="8" type="stmt"/>
      <line num="118" count="1" type="stmt"/>
      <line num="121" count="1" type="stmt"/>
      <line num="124" count="1" type="stmt"/>
      <line num="125" count="3" type="stmt"/>
      <line num="126" count="3" type="stmt"/>
      <line num="127" count="3" type="stmt"/>
      <line num="128" count="3" type="stmt"/>
      <line num="131" count="1" type="stmt"/>
      <line num="134" count="8" type="stmt"/>
      <line num="143" count="6" type="stmt"/>
      <line num="146" count="2" type="stmt"/>
      <line num="147" count="2" type="stmt"/>
      <line num="148" count="2" type="cond" truecount="1" falsecount="0"/>
      <line num="176" count="6" type="stmt"/>
      <line num="180" count="6" type="stmt"/>
      <line num="182" count="6" type="stmt"/>
      <line num="183" count="13" type="cond" truecount="1" falsecount="0"/>
      <line num="184" count="13" type="stmt"/>
      <line num="189" count="6" type="stmt"/>
      <line num="190" count="15" type="cond" truecount="1" falsecount="0"/>
      <line num="191" count="1" type="stmt"/>
      <line num="193" count="14" type="stmt"/>
      <line num="197" count="6" type="stmt"/>
      <line num="201" count="16" type="cond" truecount="1" falsecount="0"/>
      <line num="202" count="1" type="stmt"/>
      <line num="205" count="15" type="stmt"/>
      <line num="207" count="15" type="cond" truecount="2" falsecount="0"/>
      <line num="208" count="1" type="stmt"/>
      <line num="209" count="1" type="stmt"/>
      <line num="211" count="14" type="stmt"/>
      <line num="216" count="6" type="stmt"/>
      <line num="219" count="6" type="stmt"/>
      <line num="220" count="13" type="cond" truecount="1" falsecount="0"/>
      <line num="221" count="13" type="stmt"/>
      <line num="223" count="13" type="stmt"/>
      <line num="224" count="39" type="stmt"/>
      <line num="225" count="39" type="stmt"/>
      <line num="231" count="6" type="stmt"/>
      <line num="232" count="1" type="stmt"/>
      <line num="233" count="1" type="stmt"/>
      <line num="234" count="2" type="cond" truecount="1" falsecount="0"/>
      <line num="235" count="2" type="stmt"/>
      <line num="242" count="6" type="stmt"/>
      <line num="246" count="1" type="stmt"/>
      <line num="247" count="1" type="stmt"/>
      <line num="250" count="1" type="stmt"/>
      <line num="251" count="3" type="stmt"/>
      <line num="252" count="3" type="stmt"/>
      <line num="255" count="3" type="stmt"/>
      <line num="256" count="3" type="stmt"/>
      <line num="257" count="6" type="cond" truecount="1" falsecount="0"/>
      <line num="258" count="6" type="stmt"/>
      <line num="264" count="1" type="stmt"/>
      <line num="267" count="6" type="stmt"/>
    </file>
    <file name="reactiveForms.ts" path="C:\Users\Ahmad\reactive-y\src\reactiveForms.ts">
      <metrics statements="249" coveredstatements="64" conditionals="95" coveredconditionals="7" methods="64" coveredmethods="6"/>
      <line num="1" count="6" type="stmt"/>
      <line num="2" count="6" type="stmt"/>
      <line num="3" count="6" type="stmt"/>
      <line num="109" count="6" type="stmt"/>
      <line num="117" count="28" type="stmt"/>
      <line num="120" count="28" type="stmt"/>
      <line num="132" count="28" type="stmt"/>
      <line num="135" count="28" type="stmt"/>
      <line num="136" count="28" type="stmt"/>
      <line num="137" count="28" type="stmt"/>
      <line num="138" count="28" type="stmt"/>
      <line num="139" count="28" type="stmt"/>
      <line num="140" count="28" type="stmt"/>
      <line num="141" count="28" type="stmt"/>
      <line num="142" count="28" type="stmt"/>
      <line num="145" count="28" type="stmt"/>
      <line num="146" count="28" type="stmt"/>
      <line num="148" count="28" type="cond" truecount="0" falsecount="1"/>
      <line num="149" count="0" type="stmt"/>
      <line num="152" count="28" type="cond" truecount="0" falsecount="1"/>
      <line num="153" count="0" type="stmt"/>
      <line num="156" count="28" type="cond" truecount="0" falsecount="1"/>
      <line num="157" count="0" type="stmt"/>
      <line num="160" count="28" type="cond" truecount="0" falsecount="1"/>
      <line num="161" count="0" type="stmt"/>
      <line num="164" count="28" type="cond" truecount="0" falsecount="1"/>
      <line num="165" count="0" type="stmt"/>
      <line num="168" count="28" type="cond" truecount="0" falsecount="1"/>
      <line num="169" count="0" type="stmt"/>
      <line num="172" count="28" type="cond" truecount="1" falsecount="0"/>
      <line num="173" count="28" type="stmt"/>
      <line num="176" count="28" type="cond" truecount="0" falsecount="1"/>
      <line num="177" count="0" type="stmt"/>
      <line num="182" count="28" type="stmt"/>
      <line num="183" count="2" type="stmt"/>
      <line num="184" count="2" type="cond" truecount="1" falsecount="1"/>
      <line num="188" count="2" type="stmt"/>
      <line num="196" count="2" type="cond" truecount="1" falsecount="0"/>
      <line num="197" count="2" type="stmt"/>
      <line num="202" count="28" type="cond" truecount="0" falsecount="1"/>
      <line num="203" count="0" type="stmt"/>
      <line num="211" count="28" type="cond" truecount="0" falsecount="1"/>
      <line num="212" count="0" type="stmt"/>
      <line num="218" count="0" type="cond" truecount="0" falsecount="3"/>
      <line num="219" count="0" type="stmt"/>
      <line num="224" count="28" type="cond" truecount="0" falsecount="1"/>
      <line num="225" count="0" type="stmt"/>
      <line num="232" count="28" type="stmt"/>
      <line num="233" count="2" type="cond" truecount="1" falsecount="0"/>
      <line num="235" count="2" type="stmt"/>
      <line num="240" count="2" type="stmt"/>
      <line num="244" count="0" type="stmt"/>
      <line num="249" count="0" type="stmt"/>
      <line num="251" count="0" type="stmt"/>
      <line num="252" count="0" type="stmt"/>
      <line num="253" count="0" type="stmt"/>
      <line num="257" count="0" type="stmt"/>
      <line num="258" count="0" type="cond" truecount="0" falsecount="2"/>
      <line num="261" count="0" type="stmt"/>
      <line num="268" count="0" type="stmt"/>
      <line num="271" count="0" type="cond" truecount="0" falsecount="2"/>
      <line num="273" count="0" type="stmt"/>
      <line num="280" count="0" type="stmt"/>
      <line num="285" count="28" type="stmt"/>
      <line num="286" count="0" type="stmt"/>
      <line num="290" count="28" type="stmt"/>
      <line num="291" count="0" type="stmt"/>
      <line num="293" count="0" type="stmt"/>
      <line num="295" count="0" type="stmt"/>
      <line num="296" count="0" type="stmt"/>
      <line num="298" count="0" type="stmt"/>
      <line num="303" count="28" type="stmt"/>
      <line num="306" count="28" type="stmt"/>
      <line num="307" count="28" type="stmt"/>
      <line num="308" count="28" type="stmt"/>
      <line num="309" count="28" type="stmt"/>
      <line num="310" count="28" type="stmt"/>
      <line num="311" count="28" type="stmt"/>
      <line num="312" count="28" type="stmt"/>
      <line num="313" count="28" type="stmt"/>
      <line num="314" count="28" type="stmt"/>
      <line num="315" count="28" type="stmt"/>
      <line num="316" count="28" type="stmt"/>
      <line num="317" count="28" type="stmt"/>
      <line num="318" count="28" type="stmt"/>
      <line num="320" count="28" type="stmt"/>
      <line num="408" count="6" type="stmt"/>
      <line num="415" count="0" type="stmt"/>
      <line num="418" count="0" type="stmt"/>
      <line num="427" count="0" type="stmt"/>
      <line num="428" count="0" type="stmt"/>
      <line num="433" count="0" type="stmt"/>
      <line num="436" count="0" type="stmt"/>
      <line num="437" count="0" type="stmt"/>
      <line num="438" count="0" type="stmt"/>
      <line num="439" count="0" type="stmt"/>
      <line num="440" count="0" type="stmt"/>
      <line num="441" count="0" type="stmt"/>
      <line num="444" count="0" type="stmt"/>
      <line num="445" count="0" type="stmt"/>
      <line num="447" count="0" type="cond" truecount="0" falsecount="1"/>
      <line num="448" count="0" type="stmt"/>
      <line num="451" count="0" type="cond" truecount="0" falsecount="1"/>
      <line num="452" count="0" type="stmt"/>
      <line num="455" count="0" type="cond" truecount="0" falsecount="1"/>
      <line num="456" count="0" type="stmt"/>
      <line num="459" count="0" type="cond" truecount="0" falsecount="1"/>
      <line num="460" count="0" type="stmt"/>
      <line num="463" count="0" type="cond" truecount="0" falsecount="1"/>
      <line num="464" count="0" type="stmt"/>
      <line num="467" count="0" type="cond" truecount="0" falsecount="1"/>
      <line num="468" count="0" type="stmt"/>
      <line num="472" count="0" type="cond" truecount="0" falsecount="1"/>
      <line num="473" count="0" type="stmt"/>
      <line num="478" count="0" type="stmt"/>
      <line num="481" count="0" type="stmt"/>
      <line num="486" count="0" type="stmt"/>
      <line num="494" count="0" type="stmt"/>
      <line num="497" count="0" type="stmt"/>
      <line num="498" count="0" type="stmt"/>
      <line num="501" count="0" type="stmt"/>
      <line num="517" count="0" type="stmt"/>
      <line num="520" count="0" type="stmt"/>
      <line num="524" count="0" type="stmt"/>
      <line num="525" count="0" type="stmt"/>
      <line num="528" count="0" type="stmt"/>
      <line num="529" count="0" type="stmt"/>
      <line num="530" count="0" type="stmt"/>
      <line num="532" count="0" type="stmt"/>
      <line num="533" count="0" type="stmt"/>
      <line num="535" count="0" type="stmt"/>
      <line num="543" count="0" type="stmt"/>
      <line num="547" count="0" type="stmt"/>
      <line num="548" count="0" type="stmt"/>
      <line num="551" count="0" type="stmt"/>
      <line num="552" count="0" type="cond" truecount="0" falsecount="1"/>
      <line num="553" count="0" type="stmt"/>
      <line num="554" count="0" type="stmt"/>
      <line num="559" count="0" type="stmt"/>
      <line num="566" count="0" type="stmt"/>
      <line num="571" count="0" type="stmt"/>
      <line num="573" count="0" type="cond" truecount="0" falsecount="2"/>
      <line num="575" count="0" type="stmt"/>
      <line num="578" count="0" type="stmt"/>
      <line num="579" count="0" type="cond" truecount="0" falsecount="2"/>
      <line num="583" count="0" type="stmt"/>
      <line num="596" count="0" type="stmt"/>
      <line num="600" count="0" type="cond" truecount="0" falsecount="2"/>
      <line num="605" count="0" type="stmt"/>
      <line num="606" count="0" type="stmt"/>
      <line num="607" count="0" type="stmt"/>
      <line num="613" count="0" type="stmt"/>
      <line num="614" count="0" type="stmt"/>
      <line num="616" count="0" type="cond" truecount="0" falsecount="1"/>
      <line num="617" count="0" type="stmt"/>
      <line num="620" count="0" type="stmt"/>
      <line num="624" count="0" type="stmt"/>
      <line num="625" count="0" type="stmt"/>
      <line num="627" count="0" type="stmt"/>
      <line num="630" count="0" type="stmt"/>
      <line num="631" count="0" type="cond" truecount="0" falsecount="2"/>
      <line num="635" count="0" type="stmt"/>
      <line num="638" count="0" type="stmt"/>
      <line num="641" count="0" type="stmt"/>
      <line num="644" count="0" type="cond" truecount="0" falsecount="3"/>
      <line num="648" count="0" type="stmt"/>
      <line num="651" count="0" type="stmt"/>
      <line num="652" count="0" type="stmt"/>
      <line num="654" count="0" type="stmt"/>
      <line num="659" count="0" type="stmt"/>
      <line num="661" count="0" type="stmt"/>
      <line num="662" count="0" type="stmt"/>
      <line num="666" count="0" type="stmt"/>
      <line num="670" count="0" type="stmt"/>
      <line num="674" count="0" type="cond" truecount="0" falsecount="1"/>
      <line num="676" count="0" type="stmt"/>
      <line num="678" count="0" type="cond" truecount="0" falsecount="3"/>
      <line num="679" count="0" type="stmt"/>
      <line num="683" count="0" type="stmt"/>
      <line num="689" count="0" type="stmt"/>
      <line num="690" count="0" type="cond" truecount="0" falsecount="1"/>
      <line num="691" count="0" type="stmt"/>
      <line num="694" count="0" type="cond" truecount="0" falsecount="1"/>
      <line num="695" count="0" type="stmt"/>
      <line num="699" count="0" type="stmt"/>
      <line num="704" count="0" type="stmt"/>
      <line num="706" count="0" type="stmt"/>
      <line num="709" count="0" type="stmt"/>
      <line num="715" count="0" type="stmt"/>
      <line num="721" count="0" type="stmt"/>
      <line num="727" count="0" type="stmt"/>
      <line num="730" count="0" type="stmt"/>
      <line num="731" count="0" type="stmt"/>
      <line num="732" count="0" type="stmt"/>
      <line num="733" count="0" type="stmt"/>
      <line num="734" count="0" type="stmt"/>
      <line num="735" count="0" type="stmt"/>
      <line num="736" count="0" type="stmt"/>
      <line num="737" count="0" type="stmt"/>
      <line num="738" count="0" type="stmt"/>
      <line num="739" count="0" type="stmt"/>
      <line num="740" count="0" type="stmt"/>
      <line num="741" count="0" type="stmt"/>
      <line num="742" count="0" type="stmt"/>
      <line num="743" count="0" type="stmt"/>
      <line num="745" count="0" type="stmt"/>
      <line num="754" count="6" type="cond" truecount="0" falsecount="1"/>
      <line num="755" count="0" type="stmt"/>
      <line num="756" count="0" type="cond" truecount="0" falsecount="4"/>
      <line num="757" count="0" type="stmt"/>
      <line num="760" count="0" type="cond" truecount="0" falsecount="3"/>
      <line num="761" count="0" type="stmt"/>
      <line num="764" count="0" type="stmt"/>
      <line num="775" count="6" type="stmt"/>
      <line num="776" count="0" type="stmt"/>
      <line num="777" count="0" type="cond" truecount="0" falsecount="3"/>
      <line num="778" count="0" type="cond" truecount="0" falsecount="2"/>
      <line num="780" count="0" type="stmt"/>
      <line num="791" count="6" type="stmt"/>
      <line num="792" count="0" type="stmt"/>
      <line num="793" count="0" type="cond" truecount="0" falsecount="3"/>
      <line num="794" count="0" type="cond" truecount="0" falsecount="2"/>
      <line num="796" count="0" type="stmt"/>
      <line num="806" count="6" type="cond" truecount="0" falsecount="1"/>
      <line num="807" count="0" type="stmt"/>
      <line num="808" count="0" type="cond" truecount="0" falsecount="1"/>
      <line num="810" count="0" type="stmt"/>
      <line num="811" count="0" type="cond" truecount="0" falsecount="1"/>
      <line num="812" count="0" type="stmt"/>
      <line num="815" count="0" type="stmt"/>
      <line num="826" count="6" type="cond" truecount="0" falsecount="1"/>
      <line num="827" count="0" type="stmt"/>
      <line num="828" count="0" type="cond" truecount="0" falsecount="1"/>
      <line num="830" count="0" type="cond" truecount="0" falsecount="1"/>
      <line num="831" count="0" type="stmt"/>
      <line num="834" count="0" type="stmt"/>
      <line num="846" count="6" type="stmt"/>
      <line num="847" count="0" type="stmt"/>
      <line num="848" count="0" type="cond" truecount="0" falsecount="3"/>
      <line num="850" count="0" type="cond" truecount="0" falsecount="3"/>
      <line num="851" count="0" type="cond" truecount="0" falsecount="2"/>
      <line num="854" count="0" type="stmt"/>
      <line num="864" count="6" type="stmt"/>
      <line num="865" count="0" type="stmt"/>
      <line num="866" count="0" type="stmt"/>
      <line num="867" count="0" type="stmt"/>
      <line num="868" count="0" type="cond" truecount="0" falsecount="1"/>
      <line num="869" count="0" type="stmt"/>
      <line num="872" count="0" type="stmt"/>
    </file>
    <file name="reactiveHistory.ts" path="C:\Users\Ahmad\reactive-y\src\reactiveHistory.ts">
      <metrics statements="171" coveredstatements="123" conditionals="58" coveredconditionals="27" methods="26" coveredmethods="22"/>
      <line num="1" count="6" type="stmt"/>
      <line num="2" count="6" type="stmt"/>
      <line num="137" count="6" type="stmt"/>
      <line num="150" count="12" type="stmt"/>
      <line num="153" count="12" type="stmt"/>
      <line num="156" count="12" type="stmt"/>
      <line num="157" count="12" type="stmt"/>
      <line num="160" count="12" type="stmt"/>
      <line num="166" count="12" type="stmt"/>
      <line num="167" count="12" type="stmt"/>
      <line num="170" count="12" type="stmt"/>
      <line num="171" count="12" type="stmt"/>
      <line num="174" count="12" type="stmt"/>
      <line num="177" count="12" type="stmt"/>
      <line num="178" count="12" type="stmt"/>
      <line num="181" count="12" type="cond" truecount="1" falsecount="2"/>
      <line num="182" count="0" type="stmt"/>
      <line num="183" count="0" type="stmt"/>
      <line num="184" count="0" type="cond" truecount="0" falsecount="1"/>
      <line num="185" count="0" type="stmt"/>
      <line num="187" count="0" type="cond" truecount="0" falsecount="4"/>
      <line num="188" count="0" type="stmt"/>
      <line num="189" count="0" type="stmt"/>
      <line num="190" count="0" type="stmt"/>
      <line num="191" count="0" type="stmt"/>
      <line num="193" count="0" type="stmt"/>
      <line num="197" count="0" type="stmt"/>
      <line num="205" count="35" type="cond" truecount="1" falsecount="2"/>
      <line num="206" count="0" type="stmt"/>
      <line num="207" count="0" type="stmt"/>
      <line num="216" count="0" type="stmt"/>
      <line num="229" count="35" type="stmt"/>
      <line num="236" count="35" type="stmt"/>
      <line num="237" count="4" type="stmt"/>
      <line num="245" count="47" type="stmt"/>
      <line num="246" count="47" type="stmt"/>
      <line num="247" count="47" type="stmt"/>
      <line num="255" count="23" type="stmt"/>
      <line num="256" count="23" type="stmt"/>
      <line num="259" count="23" type="cond" truecount="3" falsecount="0"/>
      <line num="261" count="3" type="stmt"/>
      <line num="263" count="3" type="cond" truecount="3" falsecount="1"/>
      <line num="264" count="0" type="stmt"/>
      <line num="268" count="3" type="stmt"/>
      <line num="275" count="3" type="stmt"/>
      <line num="277" count="3" type="stmt"/>
      <line num="281" count="20" type="cond" truecount="2" falsecount="1"/>
      <line num="282" count="0" type="stmt"/>
      <line num="286" count="20" type="stmt"/>
      <line num="293" count="20" type="stmt"/>
      <line num="294" count="20" type="stmt"/>
      <line num="297" count="20" type="cond" truecount="0" falsecount="1"/>
      <line num="298" count="0" type="stmt"/>
      <line num="302" count="20" type="stmt"/>
      <line num="304" count="20" type="stmt"/>
      <line num="305" count="20" type="stmt"/>
      <line num="306" count="20" type="stmt"/>
      <line num="313" count="24" type="stmt"/>
      <line num="316" count="24" type="cond" truecount="2" falsecount="1"/>
      <line num="317" count="0" type="stmt"/>
      <line num="321" count="24" type="stmt"/>
      <line num="324" count="24" type="cond" truecount="2" falsecount="0"/>
      <line num="325" count="22" type="stmt"/>
      <line num="328" count="2" type="cond" truecount="0" falsecount="1"/>
      <line num="329" count="0" type="cond" truecount="0" falsecount="4"/>
      <line num="330" count="0" type="stmt"/>
      <line num="333" count="0" type="cond" truecount="0" falsecount="1"/>
      <line num="334" count="0" type="stmt"/>
      <line num="335" count="0" type="cond" truecount="0" falsecount="1"/>
      <line num="336" count="0" type="stmt"/>
      <line num="337" count="0" type="stmt"/>
      <line num="339" count="0" type="stmt"/>
      <line num="343" count="0" type="stmt"/>
      <line num="352" count="8" type="stmt"/>
      <line num="354" count="8" type="cond" truecount="0" falsecount="1"/>
      <line num="355" count="0" type="stmt"/>
      <line num="358" count="8" type="stmt"/>
      <line num="359" count="8" type="stmt"/>
      <line num="361" count="8" type="stmt"/>
      <line num="363" count="8" type="stmt"/>
      <line num="366" count="8" type="stmt"/>
      <line num="367" count="8" type="stmt"/>
      <line num="370" count="8" type="stmt"/>
      <line num="372" count="8" type="stmt"/>
      <line num="375" count="8" type="stmt"/>
      <line num="376" count="8" type="stmt"/>
      <line num="378" count="8" type="stmt"/>
      <line num="385" count="2" type="stmt"/>
      <line num="387" count="2" type="cond" truecount="0" falsecount="1"/>
      <line num="388" count="0" type="stmt"/>
      <line num="391" count="2" type="stmt"/>
      <line num="392" count="2" type="stmt"/>
      <line num="394" count="2" type="stmt"/>
      <line num="396" count="2" type="stmt"/>
      <line num="399" count="2" type="stmt"/>
      <line num="400" count="2" type="stmt"/>
      <line num="403" count="2" type="stmt"/>
      <line num="405" count="2" type="stmt"/>
      <line num="408" count="2" type="stmt"/>
      <line num="409" count="2" type="stmt"/>
      <line num="411" count="2" type="stmt"/>
      <line num="418" count="2" type="stmt"/>
      <line num="419" count="2" type="stmt"/>
      <line num="420" count="2" type="stmt"/>
      <line num="421" count="2" type="stmt"/>
      <line num="424" count="2" type="stmt"/>
      <line num="425" count="2" type="stmt"/>
      <line num="432" count="1" type="stmt"/>
      <line num="433" count="1" type="stmt"/>
      <line num="434" count="1" type="stmt"/>
      <line num="438" count="1" type="stmt"/>
      <line num="439" count="1" type="stmt"/>
      <line num="440" count="1" type="stmt"/>
      <line num="443" count="1" type="stmt"/>
      <line num="444" count="1" type="stmt"/>
      <line num="452" count="1" type="cond" truecount="0" falsecount="1"/>
      <line num="453" count="0" type="stmt"/>
      <line num="456" count="1" type="stmt"/>
      <line num="457" count="1" type="stmt"/>
      <line num="463" count="1" type="stmt"/>
      <line num="470" count="1" type="cond" truecount="2" falsecount="1"/>
      <line num="471" count="0" type="stmt"/>
      <line num="474" count="1" type="stmt"/>
      <line num="477" count="1" type="cond" truecount="0" falsecount="1"/>
      <line num="478" count="0" type="stmt"/>
      <line num="479" count="0" type="stmt"/>
      <line num="483" count="1" type="stmt"/>
      <line num="486" count="1" type="stmt"/>
      <line num="487" count="1" type="stmt"/>
      <line num="490" count="1" type="cond" truecount="0" falsecount="1"/>
      <line num="491" count="0" type="stmt"/>
      <line num="494" count="1" type="stmt"/>
      <line num="495" count="1" type="stmt"/>
      <line num="497" count="1" type="stmt"/>
      <line num="499" count="1" type="stmt"/>
      <line num="506" count="1" type="stmt"/>
      <line num="508" count="1" type="cond" truecount="2" falsecount="1"/>
      <line num="509" count="0" type="stmt"/>
      <line num="512" count="1" type="cond" truecount="0" falsecount="1"/>
      <line num="514" count="0" type="stmt"/>
      <line num="518" count="1" type="stmt"/>
      <line num="521" count="1" type="stmt"/>
      <line num="524" count="1" type="stmt"/>
      <line num="526" count="1" type="stmt"/>
      <line num="527" count="1" type="stmt"/>
      <line num="528" count="1" type="stmt"/>
      <line num="529" count="1" type="stmt"/>
      <line num="530" count="1" type="stmt"/>
      <line num="532" count="1" type="stmt"/>
      <line num="535" count="1" type="stmt"/>
      <line num="536" count="1" type="stmt"/>
      <line num="538" count="1" type="stmt"/>
      <line num="545" count="1" type="stmt"/>
      <line num="548" count="1" type="stmt"/>
      <line num="549" count="1" type="stmt"/>
      <line num="557" count="1" type="stmt"/>
      <line num="565" count="12" type="stmt"/>
      <line num="567" count="12" type="stmt"/>
      <line num="590" count="6" type="stmt"/>
      <line num="596" count="0" type="stmt"/>
      <line num="602" count="0" type="stmt"/>
      <line num="605" count="0" type="stmt"/>
      <line num="606" count="0" type="stmt"/>
      <line num="607" count="0" type="stmt"/>
      <line num="608" count="0" type="stmt"/>
      <line num="612" count="0" type="stmt"/>
      <line num="613" count="0" type="cond" truecount="0" falsecount="1"/>
      <line num="614" count="0" type="cond" truecount="0" falsecount="1"/>
      <line num="615" count="0" type="stmt"/>
      <line num="617" count="0" type="stmt"/>
      <line num="620" count="0" type="stmt"/>
    </file>
    <file name="reactiveInspector.ts" path="C:\Users\Ahmad\reactive-y\src\reactiveInspector.ts">
      <metrics statements="205" coveredstatements="146" conditionals="75" coveredconditionals="38" methods="34" coveredmethods="25"/>
      <line num="1" count="6" type="stmt"/>
      <line num="2" count="6" type="stmt"/>
      <line num="192" count="6" type="stmt"/>
      <line num="204" count="10" type="stmt"/>
      <line num="207" count="10" type="stmt"/>
      <line num="210" count="10" type="stmt"/>
      <line num="213" count="10" type="stmt"/>
      <line num="216" count="10" type="stmt"/>
      <line num="219" count="10" type="stmt"/>
      <line num="222" count="10" type="stmt"/>
      <line num="231" count="10" type="stmt"/>
      <line num="238" count="44" type="stmt"/>
      <line num="243" count="44" type="cond" truecount="1" falsecount="0"/>
      <line num="244" count="44" type="stmt"/>
      <line num="245" count="50" type="stmt"/>
      <line num="246" count="10" type="stmt"/>
      <line num="255" count="44" type="stmt"/>
      <line num="257" count="44" type="cond" truecount="1" falsecount="0"/>
      <line num="258" count="44" type="stmt"/>
      <line num="260" count="50" type="stmt"/>
      <line num="261" count="50" type="cond" truecount="2" falsecount="0"/>
      <line num="262" count="5" type="stmt"/>
      <line num="264" count="50" type="stmt"/>
      <line num="267" count="50" type="stmt"/>
      <line num="268" count="50" type="stmt"/>
      <line num="270" count="50" type="stmt"/>
      <line num="283" count="44" type="stmt"/>
      <line num="287" count="44" type="stmt"/>
      <line num="301" count="28" type="cond" truecount="0" falsecount="1"/>
      <line num="302" count="0" type="stmt"/>
      <line num="305" count="28" type="cond" truecount="1" falsecount="0"/>
      <line num="307" count="28" type="cond" truecount="2" falsecount="1"/>
      <line num="308" count="0" type="stmt"/>
      <line num="311" count="28" type="cond" truecount="0" falsecount="1"/>
      <line num="313" count="0" type="cond" truecount="0" falsecount="1"/>
      <line num="314" count="0" type="stmt"/>
      <line num="318" count="0" type="stmt"/>
      <line num="322" count="28" type="cond" truecount="1" falsecount="0"/>
      <line num="324" count="28" type="cond" truecount="0" falsecount="1"/>
      <line num="328" count="0" type="stmt"/>
      <line num="333" count="28" type="stmt"/>
      <line num="345" count="16" type="stmt"/>
      <line num="360" count="16" type="stmt"/>
      <line num="361" count="16" type="stmt"/>
      <line num="368" count="1" type="cond" truecount="0" falsecount="1"/>
      <line num="369" count="0" type="stmt"/>
      <line num="373" count="1" type="stmt"/>
      <line num="374" count="0" type="cond" truecount="0" falsecount="1"/>
      <line num="375" count="0" type="stmt"/>
      <line num="376" count="0" type="stmt"/>
      <line num="381" count="1" type="stmt"/>
      <line num="382" count="0" type="cond" truecount="0" falsecount="1"/>
      <line num="383" count="0" type="stmt"/>
      <line num="384" count="0" type="stmt"/>
      <line num="390" count="1" type="stmt"/>
      <line num="391" count="1" type="stmt"/>
      <line num="393" count="1" type="stmt"/>
      <line num="405" count="4" type="cond" truecount="0" falsecount="1"/>
      <line num="406" count="0" type="stmt"/>
      <line num="409" count="4" type="stmt"/>
      <line num="412" count="4" type="cond" truecount="0" falsecount="1"/>
[...]
      <line num="649" count="0" type="stmt"/>
      <line num="653" count="2" type="stmt"/>
      <line num="663" count="2" type="stmt"/>
      <line num="668" count="2" type="cond" truecount="0" falsecount="1"/>
      <line num="669" count="0" type="stmt"/>
      <line num="675" count="1" type="stmt"/>
      <line num="676" count="1" type="stmt"/>
      <line num="678" count="1" type="cond" truecount="3" falsecount="0"/>
      <line num="679" count="1" type="stmt"/>
      <line num="683" count="0" type="stmt"/>
      <line num="692" count="0" type="stmt"/>
      <line num="697" count="0" type="stmt"/>
      <line num="700" count="0" type="cond" truecount="0" falsecount="1"/>
      <line num="701" count="0" type="stmt"/>
      <line num="707" count="0" type="stmt"/>
      <line num="708" count="0" type="cond" truecount="0" falsecount="1"/>
      <line num="711" count="0" type="stmt"/>
      <line num="715" count="0" type="cond" truecount="0" falsecount="1"/>
      <line num="716" count="0" type="stmt"/>
      <line num="718" count="0" type="stmt"/>
      <line num="724" count="0" type="stmt"/>
      <line num="729" count="0" type="cond" truecount="0" falsecount="1"/>
      <line num="730" count="0" type="stmt"/>
      <line num="736" count="1" type="stmt"/>
      <line num="745" count="0" type="stmt"/>
      <line num="747" count="0" type="stmt"/>
      <line num="755" count="1" type="cond" truecount="1" falsecount="0"/>
      <line num="756" count="1" type="stmt"/>
      <line num="759" count="1" type="stmt"/>
      <line num="762" count="1" type="stmt"/>
      <line num="763" count="0" type="stmt"/>
      <line num="764" count="0" type="cond" truecount="0" falsecount="1"/>
      <line num="765" count="0" type="stmt"/>
      <line num="766" count="0" type="cond" truecount="0" falsecount="1"/>
      <line num="767" count="0" type="stmt"/>
      <line num="775" count="1" type="stmt"/>
      <line num="778" count="1" type="stmt"/>
      <line num="779" count="1" type="stmt"/>
      <line num="785" count="58" type="stmt"/>
      <line num="786" count="58" type="cond" truecount="1" falsecount="0"/>
      <line num="788" count="1" type="stmt"/>
      <line num="789" count="1" type="stmt"/>
      <line num="790" count="1" type="stmt"/>
      <line num="795" count="23" type="cond" truecount="1" falsecount="3"/>
      <line num="797" count="0" type="stmt"/>
      <line num="798" count="0" type="stmt"/>
      <line num="799" count="0" type="cond" truecount="0" falsecount="1"/>
      <line num="800" count="0" type="stmt"/>
      <line num="801" count="0" type="stmt"/>
      <line num="804" count="0" type="stmt"/>
      <line num="808" count="0" type="stmt"/>
      <line num="809" count="0" type="stmt"/>
      <line num="810" count="0" type="stmt"/>
      <line num="811" count="0" type="stmt"/>
      <line num="816" count="0" type="stmt"/>
      <line num="821" count="23" type="stmt"/>
      <line num="844" count="6" type="stmt"/>
      <line num="851" count="2" type="stmt"/>
      <line num="858" count="1" type="stmt"/>
      <line num="872" count="6" type="stmt"/>
      <line num="879" count="2" type="stmt"/>
      <line num="886" count="1" type="stmt"/>
      <line num="899" count="6" type="stmt"/>
      <line num="905" count="2" type="stmt"/>
      <line num="907" count="2" type="cond" truecount="3" falsecount="1"/>
      <line num="910" count="2" type="stmt"/>
      <line num="912" count="2" type="cond" truecount="3" falsecount="1"/>
      <line num="915" count="2" type="stmt"/>
    </file>
    <file name="signal.ts" path="C:\Users\Ahmad\reactive-y\src\signal.ts">
      <metrics statements="61" coveredstatements="55" conditionals="14" coveredconditionals="9" methods="21" coveredmethods="18"/>
      <line num="1" count="16" type="stmt"/>
      <line num="2" count="16" type="stmt"/>
      <line num="7" count="16" type="cond" truecount="3" falsecount="1"/>
      <line num="39" count="16" type="stmt"/>
      <line num="40" count="342" type="stmt"/>
      <line num="41" count="342" type="stmt"/>
      <line num="42" count="342" type="stmt"/>
      <line num="44" count="342" type="stmt"/>
      <line num="45" count="658" type="cond" truecount="0" falsecount="1"/>
      <line num="46" count="658" type="stmt"/>
      <line num="47" count="658" type="stmt"/>
      <line num="48" count="658" type="stmt"/>
      <line num="50" count="658" type="stmt"/>
      <line num="57" count="2945" type="cond" truecount="1" falsecount="0"/>
      <line num="58" count="2185" type="cond" truecount="1" falsecount="0"/>
      <line num="59" count="2185" type="stmt"/>
      <line num="61" count="2185" type="stmt"/>
      <line num="64" count="760" type="cond" truecount="2" falsecount="0"/>
      <line num="68" count="760" type="cond" truecount="1" falsecount="0"/>
      <line num="69" count="657" type="stmt"/>
      <line num="70" count="657" type="stmt"/>
      <line num="71" count="657" type="stmt"/>
      <line num="75" count="342" type="stmt"/>
      <line num="78" count="319" type="cond" truecount="1" falsecount="0"/>
      <line num="79" count="319" type="stmt"/>
      <line num="81" count="319" type="stmt"/>
      <line num="84" count="1" type="cond" truecount="0" falsecount="1"/>
      <line num="85" count="1" type="stmt"/>
      <line num="86" count="1" type="stmt"/>
      <line num="92" count="1" type="stmt"/>
      <line num="98" count="0" type="stmt"/>
      <line num="99" count="0" type="cond" truecount="0" falsecount="1"/>
      <line num="100" count="0" type="stmt"/>
      <line num="101" count="0" type="stmt"/>
      <line num="108" count="27" type="stmt"/>
      <line num="109" count="27" type="stmt"/>
      <line num="110" count="27" type="stmt"/>
      <line num="111" count="1" type="stmt"/>
      <line num="119" count="342" type="stmt"/>
      <line num="125" count="16" type="stmt"/>
      <line num="126" count="315" type="stmt"/>
      <line num="129" count="315" type="stmt"/>
      <line num="130" count="2121" type="stmt"/>
      <line num="133" count="315" type="stmt"/>
      <line num="136" count="0" type="stmt"/>
      <line num="143" count="315" type="stmt"/>
      <line num="149" count="16" type="stmt"/>
      <line num="150" count="3" type="stmt"/>
      <line num="151" count="3" type="stmt"/>
      <line num="153" count="3" type="stmt"/>
      <line num="154" count="7" type="cond" truecount="0" falsecount="1"/>
      <line num="155" count="7" type="stmt"/>
      <line num="156" count="7" type="stmt"/>
      <line num="157" count="7" type="stmt"/>
      <line num="161" count="3" type="stmt"/>
      <line num="162" count="9" type="stmt"/>
      <line num="165" count="3" type="stmt"/>
      <line num="168" count="0" type="stmt"/>
      <line num="175" count="3" type="stmt"/>
      <line num="181" count="16" type="stmt"/>
      <line num="182" count="3" type="stmt"/>
    </file>
    <file name="statefulSignal.ts" path="C:\Users\Ahmad\reactive-y\src\statefulSignal.ts">
      <metrics statements="158" coveredstatements="90" conditionals="42" coveredconditionals="16" methods="27" coveredmethods="12"/>
      <line num="1" count="6" type="stmt"/>
      <line num="2" count="6" type="stmt"/>
      <line num="7" count="6" type="cond" truecount="3" falsecount="1"/>
      <line num="47" count="6" type="stmt"/>
      <line num="56" count="1" type="stmt"/>
      <line num="59" count="1" type="stmt"/>
      <line num="60" count="1" type="stmt"/>
      <line num="61" count="1" type="stmt"/>
      <line num="65" count="1" type="stmt"/>
      <line num="66" count="1" type="stmt"/>
      <line num="69" count="1" type="stmt"/>
      <line num="72" count="1" type="cond" truecount="1" falsecount="0"/>
      <line num="74" count="1" type="cond" truecount="1" falsecount="1"/>
      <line num="77" count="1" type="cond" truecount="1" falsecount="1"/>
      <line num="79" count="0" type="stmt"/>
      <line num="80" count="0" type="stmt"/>
      <line num="82" count="0" type="stmt"/>
      <line num="83" count="0" type="stmt"/>
      <line num="84" count="0" type="stmt"/>
      <line num="85" count="0" type="stmt"/>
      <line num="86" count="0" type="cond" truecount="0" falsecount="1"/>
      <line num="87" count="0" type="stmt"/>
      <line num="92" count="1" type="cond" truecount="1" falsecount="1"/>
      <line num="94" count="0" type="stmt"/>
      <line num="95" count="0" type="stmt"/>
      <line num="98" count="0" type="stmt"/>
      <line num="99" count="0" type="stmt"/>
      <line num="100" count="0" type="stmt"/>
      <line num="104" count="1" type="cond" truecount="1" falsecount="1"/>
      <line num="106" count="0" type="stmt"/>
      <line num="107" count="0" type="stmt"/>
      <line num="109" count="0" type="stmt"/>
      <line num="110" count="0" type="stmt"/>
      <line num="111" count="0" type="stmt"/>
      <line num="113" count="0" type="stmt"/>
      <line num="114" count="0" type="stmt"/>
      <line num="119" count="1" type="stmt"/>
      <line num="120" count="1" type="stmt"/>
      <line num="125" count="1" type="stmt"/>
      <line num="127" count="0" type="cond" truecount="0" falsecount="1"/>
      <line num="129" count="0" type="cond" truecount="0" falsecount="2"/>
      <line num="132" count="0" type="cond" truecount="0" falsecount="1"/>
      <line num="133" count="0" type="stmt"/>
      <line num="134" count="0" type="cond" truecount="0" falsecount="4"/>
      <line num="136" count="0" type="stmt"/>
      <line num="140" count="0" type="stmt"/>
      <line num="141" count="0" type="stmt"/>
      <line num="142" count="0" type="stmt"/>
      <line num="146" count="0" type="cond" truecount="0" falsecount="1"/>
      <line num="147" count="0" type="stmt"/>
      <line num="148" count="0" type="stmt"/>
      <line num="149" count="0" type="stmt"/>
      <line num="150" count="0" type="stmt"/>
      <line num="151" count="0" type="stmt"/>
      <line num="152" count="0" type="cond" truecount="0" falsecount="1"/>
      <line num="153" count="0" type="stmt"/>
      <line num="156" count="0" type="stmt"/>
      <line num="160" count="0" type="stmt"/>
      <line num="165" count="0" type="stmt"/>
      <line num="166" count="0" type="cond" truecount="0" falsecount="4"/>
      <line num="168" count="0" type="stmt"/>
      <line num="172" count="0" type="stmt"/>
      <line num="173" count="0" type="stmt"/>
      <line num="174" count="0" type="stmt"/>
      <line num="177" count="0" type="stmt"/>
      <line num="178" count="0" type="stmt"/>
      <line num="179" count="0" type="stmt"/>
      <line num="181" count="0" type="stmt"/>
      <line num="182" count="0" type="stmt"/>
      <line num="183" count="0" type="stmt"/>
      <line num="186" count="0" type="stmt"/>
      <line num="188" count="0" type="stmt"/>
      <line num="190" count="0" type="stmt"/>
      <line num="191" count="0" type="stmt"/>
      <line num="192" count="0" type="stmt"/>
      <line num="195" count="0" type="cond" truecount="0" falsecount="1"/>
      <line num="196" count="0" type="stmt"/>
      <line num="199" count="0" type="stmt"/>
      <line num="204" count="1" type="stmt"/>
      <line num="205" count="1" type="cond" truecount="1" falsecount="1"/>
      <line num="206" count="0" type="stmt"/>
      <line num="208" count="1" type="stmt"/>
      <line num="210" count="1" type="stmt"/>
      <line num="214" count="1" type="cond" truecount="0" falsecount="1"/>
      <line num="215" count="0" type="stmt"/>
      <line num="219" count="1" type="cond" truecount="0" falsecount="1"/>
      <line num="220" count="0" type="stmt"/>
      <line num="224" count="1" type="stmt"/>
      <line num="226" count="1" type="stmt"/>
      <line num="227" count="1" type="stmt"/>
      <line num="228" count="1" type="stmt"/>
      <line num="229" count="1" type="stmt"/>
      <line num="230" count="1" type="stmt"/>
      <line num="233" count="1" type="stmt"/>
      <line num="234" count="1" type="stmt"/>
      <line num="237" count="1" type="stmt"/>
      <line num="238" count="0" type="stmt"/>
      <line num="242" count="1" type="cond" truecount="1" falsecount="0"/>
      <line num="243" count="1" type="stmt"/>
      <line num="244" count="0" type="stmt"/>
      <line num="248" count="1" type="stmt"/>
      <line num="250" count="0" type="cond" truecount="0" falsecount="1"/>
      <line num="251" count="0" type="stmt"/>
      <line num="252" count="0" type="stmt"/>
      <line num="258" count="1" type="stmt"/>
      <line num="277" count="6" type="stmt"/>
      <line num="284" count="3" type="stmt"/>
      <line num="293" count="3" type="stmt"/>
      <line num="296" count="3" type="stmt"/>
      <line num="297" count="1" type="stmt"/>
      <line num="301" count="3" type="stmt"/>
      <line num="302" count="2" type="stmt"/>
      <line num="309" count="2" type="stmt"/>
      <line num="310" count="2" type="stmt"/>
      <line num="312" count="1" type="stmt"/>
      <line num="319" count="1" type="stmt"/>
      <line num="321" count="1" type="stmt"/>
      <line num="323" count="1" type="stmt"/>
      <line num="331" count="1" type="stmt"/>
      <line num="335" count="3" type="stmt"/>
      <line num="369" count="6" type="stmt"/>
      <line num="375" count="3" type="stmt"/>
      <line num="376" count="3" type="stmt"/>
      <line num="377" count="3" type="stmt"/>
      <line num="382" count="3" type="stmt"/>
      <line num="383" count="8" type="stmt"/>
      <line num="384" count="8" type="stmt"/>
      <line num="386" count="8" type="stmt"/>
      <line num="388" count="8" type="cond" truecount="1" falsecount="0"/>
      <line num="389" count="8" type="stmt"/>
      <line num="390" count="8" type="stmt"/>
      <line num="391" count="8" type="stmt"/>
      <line num="392" count="8" type="stmt"/>
      <line num="398" count="3" type="stmt"/>
      <line num="399" count="6" type="stmt"/>
      <line num="400" count="6" type="stmt"/>
      <line num="402" count="6" type="stmt"/>
      <line num="406" count="6" type="stmt"/>
      <line num="408" count="3" type="stmt"/>
      <line num="409" count="3" type="stmt"/>
      <line num="410" count="3" type="stmt"/>
      <line num="411" count="3" type="stmt"/>
      <line num="414" count="3" type="stmt"/>
      <line num="415" count="3" type="stmt"/>
      <line num="418" count="3" type="stmt"/>
      <line num="419" count="0" type="stmt"/>
      <line num="422" count="3" type="stmt"/>
      <line num="441" count="6" type="stmt"/>
      <line num="449" count="2" type="stmt"/>
      <line num="452" count="2" type="stmt"/>
      <line num="455" count="2" type="stmt"/>
      <line num="458" count="5" type="cond" truecount="2" falsecount="0"/>
      <line num="459" count="2" type="stmt"/>
      <line num="461" count="3" type="stmt"/>
      <line num="464" count="5" type="stmt"/>
      <line num="465" count="5" type="stmt"/>
      <line num="466" count="5" type="stmt"/>
      <line num="469" count="2" type="stmt"/>
    </file>
    <file name="utils.ts" path="C:\Users\Ahmad\reactive-y\src\utils.ts">
      <metrics statements="45" coveredstatements="16" conditionals="26" coveredconditionals="5" methods="12" coveredmethods="2"/>
      <line num="9" count="17" type="stmt"/>
      <line num="10" count="22" type="stmt"/>
      <line num="15" count="17" type="stmt"/>
      <line num="16" count="0" type="cond" truecount="0" falsecount="2"/>
      <line num="21" count="17" type="stmt"/>
      <line num="22" count="0" type="cond" truecount="0" falsecount="1"/>
      <line num="23" count="0" type="stmt"/>
      <line num="24" count="0" type="cond" truecount="0" falsecount="2"/>
      <line num="30" count="17" type="stmt"/>
      <line num="35" count="17" type="cond" truecount="3" falsecount="1"/>
      <line num="41" count="17" type="stmt"/>
      <line num="42" count="17" type="stmt"/>
      <line num="47" count="17" type="stmt"/>
      <line num="48" count="917" type="stmt"/>
      <line num="49" count="917" type="stmt"/>
      <line num="50" count="917" type="stmt"/>
      <line num="52" count="917" type="stmt"/>
      <line num="54" count="917" type="cond" truecount="2" falsecount="1"/>
      <line num="55" count="0" type="stmt"/>
      <line num="56" count="0" type="stmt"/>
      <line num="58" count="0" type="cond" truecount="0" falsecount="2"/>
      <line num="61" count="0" type="stmt"/>
      <line num="64" count="0" type="cond" truecount="0" falsecount="2"/>
      <line num="65" count="0" type="cond" truecount="0" falsecount="2"/>
      <line num="68" count="0" type="cond" truecount="0" falsecount="2"/>
      <line num="71" count="0" type="stmt"/>
      <line num="73" count="0" type="stmt"/>
      <line num="75" count="0" type="cond" truecount="0" falsecount="1"/>
      <line num="76" count="0" type="stmt"/>
      <line num="80" count="0" type="stmt"/>
      <line num="81" count="0" type="stmt"/>
      <line num="85" count="0" type="stmt"/>
      <line num="86" count="0" type="stmt"/>
      <line num="91" count="0" type="stmt"/>
      <line num="100" count="17" type="stmt"/>
      <line num="101" count="0" type="cond" truecount="0" falsecount="2"/>
      <line num="102" count="0" type="stmt"/>
      <line num="103" count="0" type="cond" truecount="0" falsecount="2"/>
      <line num="105" count="0" type="stmt"/>
      <line num="107" count="0" type="stmt"/>
      <line num="114" count="17" type="stmt"/>
      <line num="116" count="0" type="stmt"/>
      <line num="117" count="0" type="cond" truecount="0" falsecount="1"/>
      <line num="118" count="0" type="stmt"/>
      <line num="120" count="0" type="stmt"/>
    </file>
    <file name="watch.ts" path="C:\Users\Ahmad\reactive-y\src\watch.ts">
      <metrics statements="39" coveredstatements="36" conditionals="22" coveredconditionals="21" methods="10" coveredmethods="10"/>
      <line num="1" count="1" type="stmt"/>
      <line num="2" count="1" type="stmt"/>
      <line num="32" count="1" type="stmt"/>
      <line num="37" count="5" type="stmt"/>
      <line num="47" count="1" type="stmt"/>
      <line num="52" count="1" type="stmt"/>
      <line num="63" count="6" type="cond" truecount="2" falsecount="0"/>
      <line num="65" count="6" type="stmt"/>
      <line num="66" count="6" type="stmt"/>
      <line num="67" count="6" type="stmt"/>
      <line num="70" count="6" type="stmt"/>
      <line num="71" count="13" type="cond" truecount="3" falsecount="0"/>
      <line num="72" count="6" type="stmt"/>
      <line num="74" count="10" type="stmt"/>
      <line num="78" count="6" type="stmt"/>
      <line num="79" count="8" type="cond" truecount="4" falsecount="0"/>
      <line num="80" count="2" type="stmt"/>
      <line num="81" count="2" type="stmt"/>
      <line num="83" count="6" type="stmt"/>
      <line num="84" count="6" type="stmt"/>
      <line num="89" count="6" type="stmt"/>
      <line num="90" count="13" type="stmt"/>
      <line num="92" count="13" type="cond" truecount="2" falsecount="0"/>
      <line num="93" count="6" type="cond" truecount="2" falsecount="0"/>
      <line num="94" count="1" type="stmt"/>
      <line num="96" count="5" type="cond" truecount="4" falsecount="0"/>
      <line num="97" count="1" type="stmt"/>
      <line num="99" count="4" type="stmt"/>
      <line num="102" count="6" type="stmt"/>
      <line num="104" count="7" type="stmt"/>
      <line num="107" count="13" type="stmt"/>
      <line num="111" count="6" type="stmt"/>
      <line num="118" count="16" type="cond" truecount="1" falsecount="0"/>
      <line num="119" count="14" type="stmt"/>
      <line num="121" count="2" type="cond" truecount="1" falsecount="0"/>
      <line num="122" count="2" type="stmt"/>
      <line num="124" count="0" type="cond" truecount="0" falsecount="1"/>
      <line num="125" count="0" type="stmt"/>
      <line num="127" count="0" type="stmt"/>
    </file>
  </project>
</coverage>
