{"C:\\Users\\Ahmad\\reactive-y\\src\\computed.ts": {"path":"C:\\Users\\Ahmad\\reactive-y\\src\\computed.ts","statementMap":{"0":{"start":{"line":21,"column":0},"end":{"line":21,"column":16}},"1":{"start":{"line":111,"column":0},"end":{"line":111,"column":16}},"2":{"start":{"line":1,"column":0},"end":{"line":1,"column":44}},"3":{"start":{"line":2,"column":0},"end":{"line":2,"column":53}},"4":{"start":{"line":15,"column":18},"end":{"line":16,"column":79}},"5":{"start":{"line":24,"column":20},"end":{"line":24,"column":25}},"6":{"start":{"line":25,"column":16},"end":{"line":25,"column":20}},"7":{"start":{"line":26,"column":22},"end":{"line":26,"column":46}},"8":{"start":{"line":27,"column":17},"end":{"line":27,"column":44}},"9":{"start":{"line":29,"column":17},"end":{"line":34,"column":3}},"10":{"start":{"line":30,"column":4},"end":{"line":30,"column":28}},"11":{"start":{"line":30,"column":21},"end":{"line":30,"column":28}},"12":{"start":{"line":31,"column":4},"end":{"line":33,"column":7}},"13":{"start":{"line":32,"column":6},"end":{"line":32,"column":56}},"14":{"start":{"line":32,"column":32},"end":{"line":32,"column":54}},"15":{"start":{"line":36,"column":20},"end":{"line":56,"column":3}},"16":{"start":{"line":37,"column":4},"end":{"line":37,"column":47}},"17":{"start":{"line":37,"column":34},"end":{"line":37,"column":47}},"18":{"start":{"line":39,"column":4},"end":{"line":41,"column":5}},"19":{"start":{"line":40,"column":6},"end":{"line":40,"column":73}},"20":{"start":{"line":43,"column":4},"end":{"line":43,"column":23}},"21":{"start":{"line":44,"column":4},"end":{"line":55,"column":5}},"22":{"start":{"line":45,"column":23},"end":{"line":45,"column":32}},"23":{"start":{"line":46,"column":6},"end":{"line":51,"column":7}},"24":{"start":{"line":47,"column":8},"end":{"line":47,"column":26}},"25":{"start":{"line":48,"column":8},"end":{"line":48,"column":25}},"26":{"start":{"line":49,"column":8},"end":{"line":49,"column":24}},"27":{"start":{"line":50,"column":8},"end":{"line":50,"column":33}},"28":{"start":{"line":52,"column":6},"end":{"line":52,"column":19}},"29":{"start":{"line":54,"column":6},"end":{"line":54,"column":26}},"30":{"start":{"line":59,"column":2},"end":{"line":59,"column":20}},"31":{"start":{"line":60,"column":2},"end":{"line":60,"column":18}},"32":{"start":{"line":63,"column":2},"end":{"line":71,"column":5}},"33":{"start":{"line":64,"column":4},"end":{"line":64,"column":19}},"34":{"start":{"line":65,"column":21},"end":{"line":65,"column":30}},"35":{"start":{"line":66,"column":4},"end":{"line":70,"column":5}},"36":{"start":{"line":67,"column":6},"end":{"line":67,"column":24}},"37":{"start":{"line":68,"column":6},"end":{"line":68,"column":23}},"38":{"start":{"line":69,"column":6},"end":{"line":69,"column":31}},"39":{"start":{"line":74,"column":2},"end":{"line":105,"column":25}},"40":{"start":{"line":76,"column":6},"end":{"line":78,"column":7}},"41":{"start":{"line":77,"column":8},"end":{"line":77,"column":33}},"42":{"start":{"line":79,"column":6},"end":{"line":79,"column":25}},"43":{"start":{"line":83,"column":8},"end":{"line":85,"column":9}},"44":{"start":{"line":84,"column":10},"end":{"line":84,"column":35}},"45":{"start":{"line":86,"column":8},"end":{"line":86,"column":27}},"46":{"start":{"line":89,"column":8},"end":{"line":89,"column":63}},"47":{"start":{"line":92,"column":8},"end":{"line":94,"column":9}},"48":{"start":{"line":93,"column":10},"end":{"line":93,"column":22}},"49":{"start":{"line":95,"column":8},"end":{"line":95,"column":21}},"50":{"start":{"line":98,"column":8},"end":{"line":98,"column":28}},"51":{"start":{"line":99,"column":8},"end":{"line":99,"column":29}},"52":{"start":{"line":100,"column":8},"end":{"line":102,"column":10}},"53":{"start":{"line":101,"column":10},"end":{"line":101,"column":33}},"54":{"start":{"line":112,"column":2},"end":{"line":112,"column":42}}},"fnMap":{"0":{"name":"createComputed","decl":{"start":{"line":21,"column":16},"end":{"line":21,"column":30}},"loc":{"start":{"line":21,"column":84},"end":{"line":106,"column":1}}},"1":{"name":"(anonymous_1)","decl":{"start":{"line":29,"column":17},"end":{"line":29,"column":18}},"loc":{"start":{"line":29,"column":58},"end":{"line":34,"column":3}}},"2":{"name":"(anonymous_2)","decl":{"start":{"line":31,"column":10},"end":{"line":31,"column":13}},"loc":{"start":{"line":31,"column":15},"end":{"line":33,"column":5}}},"3":{"name":"(anonymous_3)","decl":{"start":{"line":32,"column":26},"end":{"line":32,"column":28}},"loc":{"start":{"line":32,"column":32},"end":{"line":32,"column":54}}},"4":{"name":"(anonymous_4)","decl":{"start":{"line":36,"column":20},"end":{"line":36,"column":23}},"loc":{"start":{"line":36,"column":25},"end":{"line":56,"column":3}}},"5":{"name":"(anonymous_5)","decl":{"start":{"line":63,"column":15},"end":{"line":63,"column":18}},"loc":{"start":{"line":63,"column":20},"end":{"line":71,"column":3}}},"6":{"name":"(anonymous_6)","decl":{"start":{"line":75,"column":4},"end":{"line":75,"column":7}},"loc":{"start":{"line":75,"column":9},"end":{"line":80,"column":5}}},"7":{"name":"(anonymous_7)","decl":{"start":{"line":82,"column":6},"end":{"line":82,"column":10}},"loc":{"start":{"line":82,"column":15},"end":{"line":87,"column":7}}},"8":{"name":"(anonymous_8)","decl":{"start":{"line":88,"column":6},"end":{"line":88,"column":10}},"loc":{"start":{"line":88,"column":20},"end":{"line":90,"column":7}}},"9":{"name":"(anonymous_9)","decl":{"start":{"line":91,"column":12},"end":{"line":91,"column":15}},"loc":{"start":{"line":91,"column":17},"end":{"line":96,"column":7}}},"10":{"name":"(anonymous_10)","decl":{"start":{"line":97,"column":17},"end":{"line":97,"column":18}},"loc":{"start":{"line":97,"column":39},"end":{"line":103,"column":7}}},"11":{"name":"(anonymous_11)","decl":{"start":{"line":100,"column":15},"end":{"line":100,"column":18}},"loc":{"start":{"line":100,"column":20},"end":{"line":102,"column":9}}},"12":{"name":"createMemo","decl":{"start":{"line":111,"column":16},"end":{"line":111,"column":26}},"loc":{"start":{"line":111,"column":80},"end":{"line":113,"column":1}}}},"branchMap":{"0":{"loc":{"start":{"line":15,"column":18},"end":{"line":16,"column":79}},"type":"binary-expr","locations":[{"start":{"line":15,"column":18},"end":{"line":15,"column":48}},{"start":{"line":15,"column":52},"end":{"line":15,"column":63}},{"start":{"line":16,"column":3},"end":{"line":16,"column":34}},{"start":{"line":16,"column":38},"end":{"line":16,"column":78}}]},"1":{"loc":{"start":{"line":21,"column":52},"end":{"line":21,"column":84}},"type":"default-arg","locations":[{"start":{"line":21,"column":82},"end":{"line":21,"column":84}}]},"2":{"loc":{"start":{"line":27,"column":17},"end":{"line":27,"column":44}},"type":"binary-expr","locations":[{"start":{"line":27,"column":17},"end":{"line":27,"column":31}},{"start":{"line":27,"column":35},"end":{"line":27,"column":44}}]},"3":{"loc":{"start":{"line":30,"column":4},"end":{"line":30,"column":28}},"type":"if","locations":[{"start":{"line":30,"column":4},"end":{"line":30,"column":28}}]},"4":{"loc":{"start":{"line":37,"column":4},"end":{"line":37,"column":47}},"type":"if","locations":[{"start":{"line":37,"column":4},"end":{"line":37,"column":47}}]},"5":{"loc":{"start":{"line":37,"column":8},"end":{"line":37,"column":32}},"type":"binary-expr","locations":[{"start":{"line":37,"column":8},"end":{"line":37,"column":16}},{"start":{"line":37,"column":20},"end":{"line":37,"column":32}}]},"6":{"loc":{"start":{"line":39,"column":4},"end":{"line":41,"column":5}},"type":"if","locations":[{"start":{"line":39,"column":4},"end":{"line":41,"column":5}}]},"7":{"loc":{"start":{"line":46,"column":6},"end":{"line":51,"column":7}},"type":"if","locations":[{"start":{"line":46,"column":6},"end":{"line":51,"column":7}}]},"8":{"loc":{"start":{"line":46,"column":10},"end":{"line":46,"column":65}},"type":"binary-expr","locations":[{"start":{"line":46,"column":10},"end":{"line":46,"column":33}},{"start":{"line":46,"column":37},"end":{"line":46,"column":65}}]},"9":{"loc":{"start":{"line":66,"column":4},"end":{"line":70,"column":5}},"type":"if","locations":[{"start":{"line":66,"column":4},"end":{"line":70,"column":5}}]},"10":{"loc":{"start":{"line":76,"column":6},"end":{"line":78,"column":7}},"type":"if","locations":[{"start":{"line":76,"column":6},"end":{"line":78,"column":7}}]},"11":{"loc":{"start":{"line":83,"column":8},"end":{"line":85,"column":9}},"type":"if","locations":[{"start":{"line":83,"column":8},"end":{"line":85,"column":9}}]},"12":{"loc":{"start":{"line":92,"column":8},"end":{"line":94,"column":9}},"type":"if","locations":[{"start":{"line":92,"column":8},"end":{"line":94,"column":9}}]},"13":{"loc":{"start":{"line":111,"column":48},"end":{"line":111,"column":80}},"type":"default-arg","locations":[{"start":{"line":111,"column":78},"end":{"line":111,"column":80}}]}},"s":{"0":7,"1":7,"2":7,"3":7,"4":7,"5":50,"6":50,"7":50,"8":50,"9":50,"10":310,"11":164,"12":146,"13":146,"14":218,"15":50,"16":634,"17":430,"18":204,"19":0,"20":204,"21":204,"22":204,"23":204,"24":164,"25":164,"26":164,"27":164,"28":204,"29":204,"30":50,"31":50,"32":50,"33":461,"34":461,"35":461,"36":146,"37":146,"38":146,"39":50,"40":583,"41":583,"42":583,"43":50,"44":50,"45":50,"46":0,"47":3,"48":1,"49":3,"50":1,"51":1,"52":1,"53":1,"54":1},"f":{"0":50,"1":310,"2":146,"3":218,"4":634,"5":461,"6":583,"7":50,"8":0,"9":3,"10":1,"11":1,"12":1},"b":{"0":[7,7,7,0],"1":[48],"2":[50,49],"3":[164],"4":[430],"5":[634,430],"6":[0],"7":[164],"8":[204,171],"9":[146],"10":[583],"11":[50],"12":[1],"13":[1]}}
,"C:\\Users\\Ahmad\\reactive-y\\src\\derivedSignal.ts": {"path":"C:\\Users\\Ahmad\\reactive-y\\src\\derivedSignal.ts","statementMap":{"0":{"start":{"line":36,"column":0},"end":{"line":36,"column":16}},"1":{"start":{"line":172,"column":0},"end":{"line":172,"column":16}},"2":{"start":{"line":209,"column":0},"end":{"line":209,"column":16}},"3":{"start":{"line":259,"column":0},"end":{"line":259,"column":16}},"4":{"start":{"line":371,"column":0},"end":{"line":371,"column":16}},"5":{"start":{"line":444,"column":0},"end":{"line":444,"column":16}},"6":{"start":{"line":530,"column":0},"end":{"line":530,"column":16}},"7":{"start":{"line":1,"column":0},"end":{"line":1,"column":68}},"8":{"start":{"line":13,"column":18},"end":{"line":14,"column":79}},"9":{"start":{"line":45,"column":6},"end":{"line":45,"column":13}},"10":{"start":{"line":43,"column":31},"end":{"line":43,"column":38}},"11":{"start":{"line":48,"column":21},"end":{"line":48,"column":57}},"12":{"start":{"line":48,"column":43},"end":{"line":48,"column":51}},"13":{"start":{"line":49,"column":22},"end":{"line":49,"column":43}},"14":{"start":{"line":50,"column":42},"end":{"line":50,"column":76}},"15":{"start":{"line":53,"column":19},"end":{"line":53,"column":24}},"16":{"start":{"line":54,"column":18},"end":{"line":54,"column":31}},"17":{"start":{"line":57,"column":2},"end":{"line":153,"column":3}},"18":{"start":{"line":59,"column":25},"end":{"line":83,"column":6}},"19":{"start":{"line":60,"column":6},"end":{"line":82,"column":9}},"20":{"start":{"line":61,"column":8},"end":{"line":61,"column":31}},"21":{"start":{"line":61,"column":24},"end":{"line":61,"column":31}},"22":{"start":{"line":64,"column":8},"end":{"line":64,"column":54}},"23":{"start":{"line":64,"column":42},"end":{"line":64,"column":47}},"24":{"start":{"line":67,"column":25},"end":{"line":67,"column":46}},"25":{"start":{"line":70,"column":8},"end":{"line":81,"column":9}},"26":{"start":{"line":73,"column":10},"end":{"line":73,"column":31}},"27":{"start":{"line":74,"column":10},"end":{"line":74,"column":36}},"28":{"start":{"line":77,"column":10},"end":{"line":80,"column":11}},"29":{"start":{"line":78,"column":12},"end":{"line":78,"column":33}},"30":{"start":{"line":79,"column":12},"end":{"line":79,"column":38}},"31":{"start":{"line":86,"column":21},"end":{"line":86,"column":41}},"32":{"start":{"line":86,"column":27},"end":{"line":86,"column":41}},"33":{"start":{"line":89,"column":4},"end":{"line":89,"column":37}},"34":{"start":{"line":90,"column":4},"end":{"line":94,"column":6}},"35":{"start":{"line":92,"column":6},"end":{"line":92,"column":25}},"36":{"start":{"line":93,"column":6},"end":{"line":93,"column":40}},"37":{"start":{"line":97,"column":4},"end":{"line":102,"column":5}},"38":{"start":{"line":98,"column":7},"end":{"line":101,"column":8}},"39":{"start":{"line":99,"column":8},"end":{"line":99,"column":26}},"40":{"start":{"line":100,"column":8},"end":{"line":100,"column":47}},"41":{"start":{"line":100,"column":38},"end":{"line":100,"column":45}},"42":{"start":{"line":104,"column":4},"end":{"line":104,"column":19}},"43":{"start":{"line":108,"column":25},"end":{"line":124,"column":6}},"44":{"start":{"line":109,"column":6},"end":{"line":123,"column":9}},"45":{"start":{"line":110,"column":8},"end":{"line":110,"column":31}},"46":{"start":{"line":110,"column":24},"end":{"line":110,"column":31}},"47":{"start":{"line":113,"column":8},"end":{"line":113,"column":54}},"48":{"start":{"line":113,"column":42},"end":{"line":113,"column":47}},"49":{"start":{"line":116,"column":25},"end":{"line":116,"column":46}},"50":{"start":{"line":119,"column":8},"end":{"line":122,"column":9}},"51":{"start":{"line":120,"column":10},"end":{"line":120,"column":31}},"52":{"start":{"line":121,"column":10},"end":{"line":121,"column":36}},"53":{"start":{"line":127,"column":21},"end":{"line":138,"column":5}},"54":{"start":{"line":129,"column":6},"end":{"line":136,"column":7}},"55":{"start":{"line":130,"column":8},"end":{"line":130,"column":60}},"56":{"start":{"line":130,"column":45},"end":{"line":130,"column":53}},"57":{"start":{"line":131,"column":8},"end":{"line":131,"column":42}},"58":{"start":{"line":133,"column":8},"end":{"line":135,"column":9}},"59":{"start":{"line":134,"column":10},"end":{"line":134,"column":37}},"60":{"start":{"line":137,"column":6},"end":{"line":137,"column":28}},"61":{"start":{"line":141,"column":4},"end":{"line":141,"column":37}},"62":{"start":{"line":142,"column":4},"end":{"line":142,"column":47}},"63":{"start":{"line":145,"column":4},"end":{"line":150,"column":5}},"64":{"start":{"line":146,"column":7},"end":{"line":149,"column":8}},"65":{"start":{"line":147,"column":8},"end":{"line":147,"column":26}},"66":{"start":{"line":148,"column":8},"end":{"line":148,"column":47}},"67":{"start":{"line":148,"column":38},"end":{"line":148,"column":45}},"68":{"start":{"line":152,"column":4},"end":{"line":152,"column":19}},"69":{"start":{"line":177,"column":34},"end":{"line":177,"column":41}},"70":{"start":{"line":180,"column":23},"end":{"line":180,"column":31}},"71":{"start":{"line":181,"column":44},"end":{"line":182,"column":null}},"72":{"start":{"line":186,"column":2},"end":{"line":190,"column":5}},"73":{"start":{"line":187,"column":4},"end":{"line":189,"column":5}},"74":{"start":{"line":188,"column":6},"end":{"line":188,"column":30}},"75":{"start":{"line":193,"column":20},"end":{"line":193,"column":41}},"76":{"start":{"line":193,"column":26},"end":{"line":193,"column":41}},"77":{"start":{"line":196,"column":2},"end":{"line":196,"column":37}},"78":{"start":{"line":197,"column":2},"end":{"line":197,"column":47}},"79":{"start":{"line":199,"column":2},"end":{"line":199,"column":18}},"80":{"start":{"line":214,"column":46},"end":{"line":214,"column":75}},"81":{"start":{"line":217,"column":60},"end":{"line":217,"column":64}},"82":{"start":{"line":220,"column":2},"end":{"line":231,"column":5}},"83":{"start":{"line":222,"column":4},"end":{"line":224,"column":5}},"84":{"start":{"line":223,"column":6},"end":{"line":223,"column":34}},"85":{"start":{"line":227,"column":4},"end":{"line":230,"column":14}},"86":{"start":{"line":228,"column":6},"end":{"line":228,"column":31}},"87":{"start":{"line":229,"column":6},"end":{"line":229,"column":27}},"88":{"start":{"line":234,"column":21},"end":{"line":234,"column":43}},"89":{"start":{"line":234,"column":27},"end":{"line":234,"column":43}},"90":{"start":{"line":237,"column":2},"end":{"line":237,"column":39}},"91":{"start":{"line":238,"column":2},"end":{"line":238,"column":49}},"92":{"start":{"line":240,"column":2},"end":{"line":240,"column":19}},"93":{"start":{"line":264,"column":30},"end":{"line":264,"column":37}},"94":{"start":{"line":267,"column":46},"end":{"line":267,"column":75}},"95":{"start":{"line":270,"column":25},"end":{"line":270,"column":35}},"96":{"start":{"line":273,"column":2},"end":{"line":342,"column":3}},"97":{"start":{"line":274,"column":22},"end":{"line":274,"column":23}},"98":{"start":{"line":277,"column":4},"end":{"line":291,"column":5}},"99":{"start":{"line":278,"column":38},"end":{"line":278,"column":62}},"100":{"start":{"line":279,"column":6},"end":{"line":290,"column":8}},"101":{"start":{"line":281,"column":23},"end":{"line":281,"column":66}},"102":{"start":{"line":284,"column":8},"end":{"line":287,"column":9}},"103":{"start":{"line":286,"column":10},"end":{"line":286,"column":61}},"104":{"start":{"line":289,"column":8},"end":{"line":289,"column":22}},"105":{"start":{"line":294,"column":4},"end":{"line":307,"column":7}},"106":{"start":{"line":295,"column":6},"end":{"line":295,"column":28}},"107":{"start":{"line":296,"column":6},"end":{"line":296,"column":20}},"108":{"start":{"line":300,"column":6},"end":{"line":306,"column":7}},"109":{"start":{"line":301,"column":8},"end":{"line":301,"column":33}},"110":{"start":{"line":304,"column":11},"end":{"line":306,"column":7}},"111":{"start":{"line":305,"column":8},"end":{"line":305,"column":33}},"112":{"start":{"line":310,"column":21},"end":{"line":310,"column":22}},"113":{"start":{"line":311,"column":33},"end":{"line":311,"column":37}},"114":{"start":{"line":312,"column":62},"end":{"line":312,"column":66}},"115":{"start":{"line":316,"column":4},"end":{"line":341,"column":7}},"116":{"start":{"line":317,"column":18},"end":{"line":317,"column":28}},"117":{"start":{"line":319,"column":6},"end":{"line":340,"column":7}},"118":{"start":{"line":321,"column":8},"end":{"line":321,"column":25}},"119":{"start":{"line":322,"column":8},"end":{"line":322,"column":33}},"120":{"start":{"line":323,"column":8},"end":{"line":323,"column":28}},"121":{"start":{"line":326,"column":8},"end":{"line":326,"column":29}},"122":{"start":{"line":329,"column":8},"end":{"line":339,"column":9}},"123":{"start":{"line":330,"column":34},"end":{"line":330,"column":63}},"124":{"start":{"line":331,"column":10},"end":{"line":338,"column":30}},"125":{"start":{"line":332,"column":12},"end":{"line":336,"column":13}},"126":{"start":{"line":333,"column":14},"end":{"line":333,"column":38}},"127":{"start":{"line":334,"column":14},"end":{"line":334,"column":46}},"128":{"start":{"line":335,"column":14},"end":{"line":335,"column":34}},"129":{"start":{"line":337,"column":12},"end":{"line":337,"column":33}},"130":{"start":{"line":345,"column":21},"end":{"line":345,"column":43}},"131":{"start":{"line":345,"column":27},"end":{"line":345,"column":43}},"132":{"start":{"line":348,"column":2},"end":{"line":348,"column":39}},"133":{"start":{"line":349,"column":2},"end":{"line":349,"column":49}},"134":{"start":{"line":351,"column":2},"end":{"line":351,"column":19}},"135":{"start":{"line":376,"column":23},"end":{"line":376,"column":31}},"136":{"start":{"line":377,"column":44},"end":{"line":377,"column":81}},"137":{"start":{"line":380,"column":2},"end":{"line":390,"column":5}},"138":{"start":{"line":381,"column":27},"end":{"line":381,"column":42}},"139":{"start":{"line":382,"column":21},"end":{"line":382,"column":47}},"140":{"start":{"line":385,"column":4},"end":{"line":387,"column":5}},"141":{"start":{"line":386,"column":6},"end":{"line":386,"column":65}},"142":{"start":{"line":389,"column":4},"end":{"line":389,"column":33}},"143":{"start":{"line":393,"column":25},"end":{"line":396,"column":3}},"144":{"start":{"line":394,"column":19},"end":{"line":394,"column":34}},"145":{"start":{"line":395,"column":4},"end":{"line":395,"column":37}},"146":{"start":{"line":399,"column":2},"end":{"line":399,"column":47}},"147":{"start":{"line":399,"column":31},"end":{"line":399,"column":46}},"148":{"start":{"line":402,"column":2},"end":{"line":409,"column":4}},"149":{"start":{"line":403,"column":19},"end":{"line":403,"column":34}},"150":{"start":{"line":404,"column":4},"end":{"line":407,"column":5}},"151":{"start":{"line":406,"column":6},"end":{"line":406,"column":43}},"152":{"start":{"line":408,"column":4},"end":{"line":408,"column":25}},"153":{"start":{"line":412,"column":2},"end":{"line":415,"column":4}},"154":{"start":{"line":413,"column":19},"end":{"line":413,"column":39}},"155":{"start":{"line":414,"column":4},"end":{"line":414,"column":37}},"156":{"start":{"line":417,"column":2},"end":{"line":419,"column":4}},"157":{"start":{"line":418,"column":4},"end":{"line":418,"column":38}},"158":{"start":{"line":421,"column":2},"end":{"line":421,"column":23}},"159":{"start":{"line":448,"column":23},"end":{"line":448,"column":31}},"160":{"start":{"line":449,"column":32},"end":{"line":449,"column":69}},"161":{"start":{"line":450,"column":42},"end":{"line":450,"column":69}},"162":{"start":{"line":453,"column":2},"end":{"line":465,"column":5}},"163":{"start":{"line":454,"column":27},"end":{"line":454,"column":36}},"164":{"start":{"line":455,"column":18},"end":{"line":455,"column":32}},"165":{"start":{"line":458,"column":23},"end":{"line":460,"column":22}},"166":{"start":{"line":463,"column":4},"end":{"line":463,"column":39}},"167":{"start":{"line":464,"column":4},"end":{"line":464,"column":39}},"168":{"start":{"line":468,"column":42},"end":{"line":468,"column":75}},"169":{"start":{"line":471,"column":2},"end":{"line":473,"column":5}},"170":{"start":{"line":472,"column":4},"end":{"line":472,"column":38}},"171":{"start":{"line":476,"column":28},"end":{"line":476,"column":48}},"172":{"start":{"line":476,"column":34},"end":{"line":476,"column":48}},"173":{"start":{"line":479,"column":2},"end":{"line":484,"column":4}},"174":{"start":{"line":480,"column":18},"end":{"line":480,"column":32}},"175":{"start":{"line":481,"column":4},"end":{"line":483,"column":5}},"176":{"start":{"line":482,"column":6},"end":{"line":482,"column":33}},"177":{"start":{"line":487,"column":2},"end":{"line":493,"column":4}},"178":{"start":{"line":488,"column":18},"end":{"line":488,"column":32}},"179":{"start":{"line":489,"column":26},"end":{"line":489,"column":42}},"180":{"start":{"line":490,"column":4},"end":{"line":492,"column":5}},"181":{"start":{"line":491,"column":6},"end":{"line":491,"column":33}},"182":{"start":{"line":496,"column":2},"end":{"line":496,"column":54}},"183":{"start":{"line":496,"column":35},"end":{"line":496,"column":53}},"184":{"start":{"line":497,"column":2},"end":{"line":497,"column":73}},"185":{"start":{"line":497,"column":35},"end":{"line":497,"column":72}},"186":{"start":{"line":500,"column":2},"end":{"line":500,"column":44}},"187":{"start":{"line":501,"column":2},"end":{"line":501,"column":54}},"188":{"start":{"line":503,"column":2},"end":{"line":503,"column":26}},"189":{"start":{"line":534,"column":18},"end":{"line":534,"column":63}},"190":{"start":{"line":537,"column":14},"end":{"line":551,"column":3}},"191":{"start":{"line":538,"column":4},"end":{"line":548,"column":5}},"192":{"start":{"line":540,"column":27},"end":{"line":542,"column":31}},"193":{"start":{"line":545,"column":25},"end":{"line":545,"column":58}},"194":{"start":{"line":546,"column":6},"end":{"line":546,"column":35}},"195":{"start":{"line":547,"column":6},"end":{"line":547,"column":27}},"196":{"start":{"line":550,"column":4},"end":{"line":550,"column":32}},"197":{"start":{"line":554,"column":14},"end":{"line":561,"column":3}},"198":{"start":{"line":555,"column":4},"end":{"line":558,"column":5}},"199":{"start":{"line":557,"column":6},"end":{"line":557,"column":15}},"200":{"start":{"line":560,"column":4},"end":{"line":560,"column":32}},"201":{"start":{"line":564,"column":14},"end":{"line":566,"column":3}},"202":{"start":{"line":565,"column":4},"end":{"line":565,"column":28}},"203":{"start":{"line":569,"column":20},"end":{"line":571,"column":3}},"204":{"start":{"line":570,"column":4},"end":{"line":570,"column":24}},"205":{"start":{"line":574,"column":15},"end":{"line":576,"column":3}},"206":{"start":{"line":575,"column":4},"end":{"line":575,"column":38}},"207":{"start":{"line":579,"column":16},"end":{"line":581,"column":3}},"208":{"start":{"line":580,"column":4},"end":{"line":580,"column":20}},"209":{"start":{"line":583,"column":2},"end":{"line":590,"column":4}}},"fnMap":{"0":{"name":"createDerivedSignal","decl":{"start":{"line":36,"column":16},"end":{"line":36,"column":35}},"loc":{"start":{"line":39,"column":39},"end":{"line":154,"column":1}}},"1":{"name":"(anonymous_1)","decl":{"start":{"line":43,"column":15},"end":{"line":43,"column":16}},"loc":{"start":{"line":43,"column":31},"end":{"line":43,"column":38}}},"2":{"name":"(anonymous_2)","decl":{"start":{"line":48,"column":33},"end":{"line":48,"column":39}},"loc":{"start":{"line":48,"column":43},"end":{"line":48,"column":51}}},"3":{"name":"(anonymous_3)","decl":{"start":{"line":59,"column":37},"end":{"line":59,"column":38}},"loc":{"start":{"line":59,"column":55},"end":{"line":83,"column":5}}},"4":{"name":"(anonymous_4)","decl":{"start":{"line":60,"column":30},"end":{"line":60,"column":33}},"loc":{"start":{"line":60,"column":35},"end":{"line":82,"column":7}}},"5":{"name":"(anonymous_5)","decl":{"start":{"line":64,"column":35},"end":{"line":64,"column":38}},"loc":{"start":{"line":64,"column":42},"end":{"line":64,"column":47}}},"6":{"name":"(anonymous_6)","decl":{"start":{"line":86,"column":21},"end":{"line":86,"column":24}},"loc":{"start":{"line":86,"column":27},"end":{"line":86,"column":41}}},"7":{"name":"(anonymous_7)","decl":{"start":{"line":90,"column":24},"end":{"line":90,"column":25}},"loc":{"start":{"line":90,"column":31},"end":{"line":94,"column":5}}},"8":{"name":"(anonymous_8)","decl":{"start":{"line":98,"column":33},"end":{"line":98,"column":36}},"loc":{"start":{"line":98,"column":38},"end":{"line":101,"column":7}}},"9":{"name":"(anonymous_9)","decl":{"start":{"line":100,"column":29},"end":{"line":100,"column":34}},"loc":{"start":{"line":100,"column":38},"end":{"line":100,"column":45}}},"10":{"name":"(anonymous_10)","decl":{"start":{"line":108,"column":37},"end":{"line":108,"column":38}},"loc":{"start":{"line":108,"column":48},"end":{"line":124,"column":5}}},"11":{"name":"(anonymous_11)","decl":{"start":{"line":109,"column":30},"end":{"line":109,"column":33}},"loc":{"start":{"line":109,"column":35},"end":{"line":123,"column":7}}},"12":{"name":"(anonymous_12)","decl":{"start":{"line":113,"column":35},"end":{"line":113,"column":38}},"loc":{"start":{"line":113,"column":42},"end":{"line":113,"column":47}}},"13":{"name":"(anonymous_13)","decl":{"start":{"line":127,"column":21},"end":{"line":127,"column":24}},"loc":{"start":{"line":127,"column":26},"end":{"line":138,"column":5}}},"14":{"name":"(anonymous_14)","decl":{"start":{"line":130,"column":35},"end":{"line":130,"column":41}},"loc":{"start":{"line":130,"column":45},"end":{"line":130,"column":53}}},"15":{"name":"(anonymous_15)","decl":{"start":{"line":146,"column":33},"end":{"line":146,"column":36}},"loc":{"start":{"line":146,"column":38},"end":{"line":149,"column":7}}},"16":{"name":"(anonymous_16)","decl":{"start":{"line":148,"column":29},"end":{"line":148,"column":34}},"loc":{"start":{"line":148,"column":38},"end":{"line":148,"column":45}}},"17":{"name":"createFilteredSignal","decl":{"start":{"line":172,"column":16},"end":{"line":172,"column":36}},"loc":{"start":{"line":175,"column":37},"end":{"line":200,"column":1}}},"18":{"name":"(anonymous_18)","decl":{"start":{"line":186,"column":19},"end":{"line":186,"column":20}},"loc":{"start":{"line":186,"column":29},"end":{"line":190,"column":3}}},"19":{"name":"(anonymous_19)","decl":{"start":{"line":193,"column":20},"end":{"line":193,"column":23}},"loc":{"start":{"line":193,"column":26},"end":{"line":193,"column":41}}},"20":{"name":"createDebouncedSignal","decl":{"start":{"line":209,"column":16},"end":{"line":209,"column":37}},"loc":{"start":{"line":211,"column":15},"end":{"line":241,"column":1}}},"21":{"name":"(anonymous_21)","decl":{"start":{"line":220,"column":19},"end":{"line":220,"column":20}},"loc":{"start":{"line":220,"column":29},"end":{"line":231,"column":3}}},"22":{"name":"(anonymous_22)","decl":{"start":{"line":227,"column":31},"end":{"line":227,"column":34}},"loc":{"start":{"line":227,"column":36},"end":{"line":230,"column":5}}},"23":{"name":"(anonymous_23)","decl":{"start":{"line":234,"column":21},"end":{"line":234,"column":24}},"loc":{"start":{"line":234,"column":27},"end":{"line":234,"column":43}}},"24":{"name":"createThrottledSignal","decl":{"start":{"line":259,"column":16},"end":{"line":259,"column":37}},"loc":{"start":{"line":262,"column":38},"end":{"line":352,"column":1}}},"25":{"name":"(anonymous_25)","decl":{"start":{"line":279,"column":33},"end":{"line":279,"column":42}},"loc":{"start":{"line":279,"column":57},"end":{"line":290,"column":7}}},"26":{"name":"(anonymous_26)","decl":{"start":{"line":294,"column":21},"end":{"line":294,"column":22}},"loc":{"start":{"line":294,"column":31},"end":{"line":307,"column":5}}},"27":{"name":"(anonymous_27)","decl":{"start":{"line":316,"column":21},"end":{"line":316,"column":22}},"loc":{"start":{"line":316,"column":31},"end":{"line":341,"column":5}}},"28":{"name":"(anonymous_28)","decl":{"start":{"line":331,"column":37},"end":{"line":331,"column":40}},"loc":{"start":{"line":331,"column":42},"end":{"line":338,"column":11}}},"29":{"name":"(anonymous_29)","decl":{"start":{"line":345,"column":21},"end":{"line":345,"column":24}},"loc":{"start":{"line":345,"column":27},"end":{"line":345,"column":43}}},"30":{"name":"createHistorySignal","decl":{"start":{"line":371,"column":16},"end":{"line":371,"column":35}},"loc":{"start":{"line":373,"column":22},"end":{"line":422,"column":1}}},"31":{"name":"(anonymous_31)","decl":{"start":{"line":380,"column":19},"end":{"line":380,"column":20}},"loc":{"start":{"line":380,"column":29},"end":{"line":390,"column":3}}},"32":{"name":"(anonymous_32)","decl":{"start":{"line":393,"column":25},"end":{"line":393,"column":28}},"loc":{"start":{"line":393,"column":30},"end":{"line":396,"column":3}}},"33":{"name":"(anonymous_33)","decl":{"start":{"line":399,"column":25},"end":{"line":399,"column":28}},"loc":{"start":{"line":399,"column":31},"end":{"line":399,"column":46}}},"34":{"name":"(anonymous_34)","decl":{"start":{"line":402,"column":21},"end":{"line":402,"column":22}},"loc":{"start":{"line":402,"column":39},"end":{"line":409,"column":3}}},"35":{"name":"(anonymous_35)","decl":{"start":{"line":412,"column":23},"end":{"line":412,"column":26}},"loc":{"start":{"line":412,"column":28},"end":{"line":415,"column":3}}},"36":{"name":"(anonymous_36)","decl":{"start":{"line":417,"column":28},"end":{"line":417,"column":29}},"loc":{"start":{"line":417,"column":41},"end":{"line":419,"column":3}}},"37":{"name":"createTimeTravelSignal","decl":{"start":{"line":444,"column":16},"end":{"line":444,"column":38}},"loc":{"start":{"line":445,"column":39},"end":{"line":504,"column":1}}},"38":{"name":"(anonymous_38)","decl":{"start":{"line":453,"column":19},"end":{"line":453,"column":20}},"loc":{"start":{"line":453,"column":29},"end":{"line":465,"column":3}}},"39":{"name":"(anonymous_39)","decl":{"start":{"line":471,"column":25},"end":{"line":471,"column":26}},"loc":{"start":{"line":471,"column":35},"end":{"line":473,"column":3}}},"40":{"name":"(anonymous_40)","decl":{"start":{"line":476,"column":28},"end":{"line":476,"column":31}},"loc":{"start":{"line":476,"column":34},"end":{"line":476,"column":48}}},"41":{"name":"(anonymous_41)","decl":{"start":{"line":479,"column":26},"end":{"line":479,"column":29}},"loc":{"start":{"line":479,"column":31},"end":{"line":484,"column":3}}},"42":{"name":"(anonymous_42)","decl":{"start":{"line":487,"column":26},"end":{"line":487,"column":29}},"loc":{"start":{"line":487,"column":31},"end":{"line":493,"column":3}}},"43":{"name":"(anonymous_43)","decl":{"start":{"line":496,"column":29},"end":{"line":496,"column":32}},"loc":{"start":{"line":496,"column":35},"end":{"line":496,"column":53}}},"44":{"name":"(anonymous_44)","decl":{"start":{"line":497,"column":29},"end":{"line":497,"column":32}},"loc":{"start":{"line":497,"column":35},"end":{"line":497,"column":72}}},"45":{"name":"createSignalFamily","decl":{"start":{"line":530,"column":16},"end":{"line":530,"column":34}},"loc":{"start":{"line":531,"column":44},"end":{"line":591,"column":1}}},"46":{"name":"(anonymous_46)","decl":{"start":{"line":537,"column":14},"end":{"line":537,"column":15}},"loc":{"start":{"line":537,"column":36},"end":{"line":551,"column":3}}},"47":{"name":"(anonymous_47)","decl":{"start":{"line":554,"column":14},"end":{"line":554,"column":15}},"loc":{"start":{"line":554,"column":41},"end":{"line":561,"column":3}}},"48":{"name":"(anonymous_48)","decl":{"start":{"line":564,"column":14},"end":{"line":564,"column":15}},"loc":{"start":{"line":564,"column":34},"end":{"line":566,"column":3}}},"49":{"name":"(anonymous_49)","decl":{"start":{"line":569,"column":20},"end":{"line":569,"column":21}},"loc":{"start":{"line":569,"column":37},"end":{"line":571,"column":3}}},"50":{"name":"(anonymous_50)","decl":{"start":{"line":574,"column":15},"end":{"line":574,"column":23}},"loc":{"start":{"line":574,"column":25},"end":{"line":576,"column":3}}},"51":{"name":"(anonymous_51)","decl":{"start":{"line":579,"column":16},"end":{"line":579,"column":25}},"loc":{"start":{"line":579,"column":27},"end":{"line":581,"column":3}}}},"branchMap":{"0":{"loc":{"start":{"line":13,"column":18},"end":{"line":14,"column":79}},"type":"binary-expr","locations":[{"start":{"line":13,"column":18},"end":{"line":13,"column":48}},{"start":{"line":13,"column":52},"end":{"line":13,"column":63}},{"start":{"line":14,"column":3},"end":{"line":14,"column":34}},{"start":{"line":14,"column":38},"end":{"line":14,"column":78}}]},"1":{"loc":{"start":{"line":39,"column":2},"end":{"line":39,"column":39}},"type":"default-arg","locations":[{"start":{"line":39,"column":37},"end":{"line":39,"column":39}}]},"2":{"loc":{"start":{"line":42,"column":4},"end":{"line":42,"column":20}},"type":"default-arg","locations":[{"start":{"line":42,"column":16},"end":{"line":42,"column":20}}]},"3":{"loc":{"start":{"line":43,"column":4},"end":{"line":43,"column":38}},"type":"default-arg","locations":[{"start":{"line":43,"column":15},"end":{"line":43,"column":38}}]},"4":{"loc":{"start":{"line":44,"column":4},"end":{"line":44,"column":19}},"type":"default-arg","locations":[{"start":{"line":44,"column":14},"end":{"line":44,"column":19}}]},"5":{"loc":{"start":{"line":57,"column":2},"end":{"line":153,"column":3}},"type":"if","locations":[{"start":{"line":57,"column":2},"end":{"line":153,"column":3}},{"start":{"line":105,"column":9},"end":{"line":153,"column":3}}]},"6":{"loc":{"start":{"line":61,"column":8},"end":{"line":61,"column":31}},"type":"if","locations":[{"start":{"line":61,"column":8},"end":{"line":61,"column":31}}]},"7":{"loc":{"start":{"line":70,"column":8},"end":{"line":81,"column":9}},"type":"if","locations":[{"start":{"line":70,"column":8},"end":{"line":81,"column":9}},{"start":{"line":75,"column":15},"end":{"line":81,"column":9}}]},"8":{"loc":{"start":{"line":77,"column":10},"end":{"line":80,"column":11}},"type":"if","locations":[{"start":{"line":77,"column":10},"end":{"line":80,"column":11}}]},"9":{"loc":{"start":{"line":97,"column":4},"end":{"line":102,"column":5}},"type":"if","locations":[{"start":{"line":97,"column":4},"end":{"line":102,"column":5}}]},"10":{"loc":{"start":{"line":110,"column":8},"end":{"line":110,"column":31}},"type":"if","locations":[{"start":{"line":110,"column":8},"end":{"line":110,"column":31}}]},"11":{"loc":{"start":{"line":119,"column":8},"end":{"line":122,"column":9}},"type":"if","locations":[{"start":{"line":119,"column":8},"end":{"line":122,"column":9}}]},"12":{"loc":{"start":{"line":129,"column":6},"end":{"line":136,"column":7}},"type":"if","locations":[{"start":{"line":129,"column":6},"end":{"line":136,"column":7}}]},"13":{"loc":{"start":{"line":133,"column":8},"end":{"line":135,"column":9}},"type":"if","locations":[{"start":{"line":133,"column":8},"end":{"line":135,"column":9}}]},"14":{"loc":{"start":{"line":145,"column":4},"end":{"line":150,"column":5}},"type":"if","locations":[{"start":{"line":145,"column":4},"end":{"line":150,"column":5}}]},"15":{"loc":{"start":{"line":175,"column":2},"end":{"line":175,"column":37}},"type":"default-arg","locations":[{"start":{"line":175,"column":35},"end":{"line":175,"column":37}}]},"16":{"loc":{"start":{"line":177,"column":10},"end":{"line":177,"column":29}},"type":"default-arg","locations":[{"start":{"line":177,"column":24},"end":{"line":177,"column":29}}]},"17":{"loc":{"start":{"line":182,"column":4},"end":{"line":182,"column":69}},"type":"cond-expr","locations":[{"start":{"line":182,"column":42},"end":{"line":182,"column":54}},{"start":{"line":182,"column":57},"end":{"line":182,"column":69}}]},"18":{"loc":{"start":{"line":182,"column":4},"end":{"line":182,"column":39}},"type":"binary-expr","locations":[{"start":{"line":182,"column":4},"end":{"line":182,"column":15}},{"start":{"line":182,"column":19},"end":{"line":182,"column":39}}]},"19":{"loc":{"start":{"line":187,"column":4},"end":{"line":189,"column":5}},"type":"if","locations":[{"start":{"line":187,"column":4},"end":{"line":189,"column":5}}]},"20":{"loc":{"start":{"line":222,"column":4},"end":{"line":224,"column":5}},"type":"if","locations":[{"start":{"line":222,"column":4},"end":{"line":224,"column":5}}]},"21":{"loc":{"start":{"line":262,"column":2},"end":{"line":262,"column":38}},"type":"default-arg","locations":[{"start":{"line":262,"column":36},"end":{"line":262,"column":38}}]},"22":{"loc":{"start":{"line":264,"column":10},"end":{"line":264,"column":25}},"type":"default-arg","locations":[{"start":{"line":264,"column":21},"end":{"line":264,"column":25}}]},"23":{"loc":{"start":{"line":273,"column":2},"end":{"line":342,"column":3}},"type":"if","locations":[{"start":{"line":273,"column":2},"end":{"line":342,"column":3}},{"start":{"line":308,"column":9},"end":{"line":342,"column":3}}]},"24":{"loc":{"start":{"line":277,"column":4},"end":{"line":291,"column":5}},"type":"if","locations":[{"start":{"line":277,"column":4},"end":{"line":291,"column":5}}]},"25":{"loc":{"start":{"line":284,"column":8},"end":{"line":287,"column":9}},"type":"if","locations":[{"start":{"line":284,"column":8},"end":{"line":287,"column":9}}]},"26":{"loc":{"start":{"line":300,"column":6},"end":{"line":306,"column":7}},"type":"if","locations":[{"start":{"line":300,"column":6},"end":{"line":306,"column":7}},{"start":{"line":304,"column":11},"end":{"line":306,"column":7}}]},"27":{"loc":{"start":{"line":304,"column":11},"end":{"line":306,"column":7}},"type":"if","locations":[{"start":{"line":304,"column":11},"end":{"line":306,"column":7}}]},"28":{"loc":{"start":{"line":319,"column":6},"end":{"line":340,"column":7}},"type":"if","locations":[{"start":{"line":319,"column":6},"end":{"line":340,"column":7}},{"start":{"line":324,"column":13},"end":{"line":340,"column":7}}]},"29":{"loc":{"start":{"line":329,"column":8},"end":{"line":339,"column":9}},"type":"if","locations":[{"start":{"line":329,"column":8},"end":{"line":339,"column":9}}]},"30":{"loc":{"start":{"line":329,"column":12},"end":{"line":329,"column":46}},"type":"binary-expr","locations":[{"start":{"line":329,"column":12},"end":{"line":329,"column":20}},{"start":{"line":329,"column":24},"end":{"line":329,"column":46}}]},"31":{"loc":{"start":{"line":332,"column":12},"end":{"line":336,"column":13}},"type":"if","locations":[{"start":{"line":332,"column":12},"end":{"line":336,"column":13}}]},"32":{"loc":{"start":{"line":373,"column":2},"end":{"line":373,"column":22}},"type":"default-arg","locations":[{"start":{"line":373,"column":20},"end":{"line":373,"column":22}}]},"33":{"loc":{"start":{"line":385,"column":4},"end":{"line":387,"column":5}},"type":"if","locations":[{"start":{"line":385,"column":4},"end":{"line":387,"column":5}}]},"34":{"loc":{"start":{"line":404,"column":4},"end":{"line":407,"column":5}},"type":"if","locations":[{"start":{"line":404,"column":4},"end":{"line":407,"column":5}}]},"35":{"loc":{"start":{"line":458,"column":23},"end":{"line":460,"column":22}},"type":"cond-expr","locations":[{"start":{"line":459,"column":8},"end":{"line":459,"column":42}},{"start":{"line":460,"column":8},"end":{"line":460,"column":22}}]},"36":{"loc":{"start":{"line":481,"column":4},"end":{"line":483,"column":5}},"type":"if","locations":[{"start":{"line":481,"column":4},"end":{"line":483,"column":5}}]},"37":{"loc":{"start":{"line":490,"column":4},"end":{"line":492,"column":5}},"type":"if","locations":[{"start":{"line":490,"column":4},"end":{"line":492,"column":5}}]},"38":{"loc":{"start":{"line":538,"column":4},"end":{"line":548,"column":5}},"type":"if","locations":[{"start":{"line":538,"column":4},"end":{"line":548,"column":5}}]},"39":{"loc":{"start":{"line":540,"column":27},"end":{"line":542,"column":31}},"type":"cond-expr","locations":[{"start":{"line":541,"column":11},"end":{"line":541,"column":55}},{"start":{"line":542,"column":10},"end":{"line":542,"column":31}}]},"40":{"loc":{"start":{"line":555,"column":4},"end":{"line":558,"column":5}},"type":"if","locations":[{"start":{"line":555,"column":4},"end":{"line":558,"column":5}}]}},"s":{"0":6,"1":6,"2":6,"3":6,"4":6,"5":6,"6":6,"7":6,"8":6,"9":1,"10":2,"11":1,"12":2,"13":1,"14":1,"15":1,"16":1,"17":1,"18":1,"19":2,"20":4,"21":0,"22":4,"23":8,"24":4,"25":4,"26":2,"27":2,"28":2,"29":1,"30":1,"31":1,"32":3,"33":1,"34":1,"35":0,"36":0,"37":1,"38":0,"39":0,"40":0,"41":0,"42":1,"43":0,"44":0,"45":0,"46":0,"47":0,"48":0,"49":0,"50":0,"51":0,"52":0,"53":0,"54":0,"55":0,"56":0,"57":0,"58":0,"59":0,"60":0,"61":0,"62":0,"63":0,"64":0,"65":0,"66":0,"67":0,"68":0,"69":2,"70":2,"71":2,"72":2,"73":7,"74":3,"75":2,"76":7,"77":2,"78":2,"79":2,"80":2,"81":2,"82":2,"83":6,"84":4,"85":6,"86":2,"87":2,"88":2,"89":6,"90":2,"91":2,"92":2,"93":0,"94":0,"95":0,"96":0,"97":0,"98":0,"99":0,"100":0,"101":0,"102":0,"103":0,"104":0,"105":0,"106":0,"107":0,"108":0,"109":0,"110":0,"111":0,"112":0,"113":0,"114":0,"115":0,"116":0,"117":0,"118":0,"119":0,"120":0,"121":0,"122":0,"123":0,"124":0,"125":0,"126":0,"127":0,"128":0,"129":0,"130":0,"131":0,"132":0,"133":0,"134":0,"135":3,"136":3,"137":3,"138":7,"139":7,"140":7,"141":1,"142":7,"143":3,"144":3,"145":3,"146":3,"147":1,"148":3,"149":5,"150":5,"151":2,"152":3,"153":3,"154":0,"155":0,"156":3,"157":0,"158":3,"159":3,"160":3,"161":3,"162":3,"163":7,"164":7,"165":7,"166":7,"167":7,"168":3,"169":3,"170":13,"171":3,"172":12,"173":3,"174":4,"175":4,"176":4,"177":3,"178":4,"179":4,"180":4,"181":2,"182":3,"183":1,"184":3,"185":0,"186":3,"187":3,"188":3,"189":5,"190":5,"191":14,"192":10,"193":10,"194":10,"195":10,"196":4,"197":5,"198":4,"199":2,"200":4,"201":5,"202":5,"203":5,"204":1,"205":5,"206":2,"207":5,"208":1,"209":5},"f":{"0":1,"1":2,"2":2,"3":2,"4":4,"5":8,"6":3,"7":0,"8":0,"9":0,"10":0,"11":0,"12":0,"13":0,"14":0,"15":0,"16":0,"17":2,"18":7,"19":7,"20":2,"21":6,"22":2,"23":6,"24":0,"25":0,"26":0,"27":0,"28":0,"29":0,"30":3,"31":7,"32":3,"33":1,"34":5,"35":0,"36":0,"37":3,"38":7,"39":13,"40":12,"41":4,"42":4,"43":1,"44":0,"45":5,"46":14,"47":4,"48":5,"49":1,"50":2,"51":1},"b":{"0":[6,6,6,0],"1":[1],"2":[1],"3":[1],"4":[1],"5":[1,0],"6":[0],"7":[2,2],"8":[1],"9":[0],"10":[0],"11":[0],"12":[0],"13":[0],"14":[0],"15":[1],"16":[1],"17":[2,0],"18":[2,1],"19":[3],"20":[4],"21":[0],"22":[0],"23":[0,0],"24":[0],"25":[0],"26":[0,0],"27":[0],"28":[0,0],"29":[0],"30":[0,0],"31":[0],"32":[1],"33":[1],"34":[2],"35":[2,5],"36":[4],"37":[2],"38":[10],"39":[2,8],"40":[2]}}
,"C:\\Users\\Ahmad\\reactive-y\\src\\effect.ts": {"path":"C:\\Users\\Ahmad\\reactive-y\\src\\effect.ts","statementMap":{"0":{"start":{"line":30,"column":0},"end":{"line":30,"column":16}},"1":{"start":{"line":39,"column":0},"end":{"line":39,"column":16}},"2":{"start":{"line":79,"column":0},"end":{"line":79,"column":16}},"3":{"start":{"line":139,"column":0},"end":{"line":139,"column":16}},"4":{"start":{"line":152,"column":0},"end":{"line":152,"column":16}},"5":{"start":{"line":1,"column":0},"end":{"line":1,"column":53}},"6":{"start":{"line":24,"column":42},"end":{"line":24,"column":46}},"7":{"start":{"line":25,"column":36},"end":{"line":25,"column":38}},"8":{"start":{"line":31,"column":2},"end":{"line":33,"column":3}},"9":{"start":{"line":32,"column":4},"end":{"line":32,"column":51}},"10":{"start":{"line":45,"column":18},"end":{"line":45,"column":38}},"11":{"start":{"line":46,"column":2},"end":{"line":50,"column":5}},"12":{"start":{"line":47,"column":4},"end":{"line":49,"column":5}},"13":{"start":{"line":48,"column":6},"end":{"line":48,"column":31}},"14":{"start":{"line":56,"column":18},"end":{"line":57,"column":79}},"15":{"start":{"line":63,"column":2},"end":{"line":63,"column":7}},"16":{"start":{"line":70,"column":2},"end":{"line":70,"column":21}},"17":{"start":{"line":83,"column":49},"end":{"line":83,"column":56}},"18":{"start":{"line":86,"column":19},"end":{"line":86,"column":24}},"19":{"start":{"line":89,"column":17},"end":{"line":122,"column":3}},"20":{"start":{"line":90,"column":4},"end":{"line":90,"column":27}},"21":{"start":{"line":90,"column":20},"end":{"line":90,"column":27}},"22":{"start":{"line":93,"column":4},"end":{"line":96,"column":5}},"23":{"start":{"line":94,"column":6},"end":{"line":94,"column":16}},"24":{"start":{"line":95,"column":6},"end":{"line":95,"column":26}},"25":{"start":{"line":99,"column":23},"end":{"line":99,"column":35}},"26":{"start":{"line":100,"column":22},"end":{"line":100,"column":33}},"27":{"start":{"line":103,"column":4},"end":{"line":103,"column":26}},"28":{"start":{"line":104,"column":4},"end":{"line":104,"column":41}},"29":{"start":{"line":106,"column":4},"end":{"line":121,"column":5}},"30":{"start":{"line":107,"column":21},"end":{"line":107,"column":25}},"31":{"start":{"line":110,"column":6},"end":{"line":114,"column":7}},"32":{"start":{"line":111,"column":8},"end":{"line":113,"column":11}},"33":{"start":{"line":112,"column":10},"end":{"line":112,"column":30}},"34":{"start":{"line":116,"column":6},"end":{"line":116,"column":20}},"35":{"start":{"line":119,"column":6},"end":{"line":119,"column":32}},"36":{"start":{"line":120,"column":6},"end":{"line":120,"column":30}},"37":{"start":{"line":125,"column":2},"end":{"line":125,"column":11}},"38":{"start":{"line":128,"column":2},"end":{"line":133,"column":4}},"39":{"start":{"line":129,"column":4},"end":{"line":129,"column":22}},"40":{"start":{"line":130,"column":4},"end":{"line":132,"column":5}},"41":{"start":{"line":131,"column":6},"end":{"line":131,"column":16}},"42":{"start":{"line":140,"column":21},"end":{"line":140,"column":33}},"43":{"start":{"line":141,"column":2},"end":{"line":141,"column":22}},"44":{"start":{"line":142,"column":2},"end":{"line":146,"column":3}},"45":{"start":{"line":143,"column":4},"end":{"line":143,"column":16}},"46":{"start":{"line":145,"column":4},"end":{"line":145,"column":30}},"47":{"start":{"line":153,"column":2},"end":{"line":153,"column":22}}},"fnMap":{"0":{"name":"trackEffect","decl":{"start":{"line":30,"column":16},"end":{"line":30,"column":27}},"loc":{"start":{"line":30,"column":62},"end":{"line":34,"column":1}}},"1":{"name":"triggerEffects","decl":{"start":{"line":39,"column":16},"end":{"line":39,"column":30}},"loc":{"start":{"line":42,"column":15},"end":{"line":51,"column":1}}},"2":{"name":"(anonymous_2)","decl":{"start":{"line":46,"column":18},"end":{"line":46,"column":24}},"loc":{"start":{"line":46,"column":27},"end":{"line":50,"column":3}}},"3":{"name":"runSync","decl":{"start":{"line":62,"column":9},"end":{"line":62,"column":16}},"loc":{"start":{"line":62,"column":35},"end":{"line":64,"column":1}}},"4":{"name":"queueEffect","decl":{"start":{"line":69,"column":9},"end":{"line":69,"column":20}},"loc":{"start":{"line":69,"column":39},"end":{"line":71,"column":1}}},"5":{"name":"createEffect","decl":{"start":{"line":79,"column":16},"end":{"line":79,"column":28}},"loc":{"start":{"line":81,"column":29},"end":{"line":134,"column":1}}},"6":{"name":"(anonymous_6)","decl":{"start":{"line":89,"column":17},"end":{"line":89,"column":20}},"loc":{"start":{"line":89,"column":22},"end":{"line":122,"column":3}}},"7":{"name":"(anonymous_7)","decl":{"start":{"line":111,"column":18},"end":{"line":111,"column":19}},"loc":{"start":{"line":111,"column":47},"end":{"line":113,"column":9}}},"8":{"name":"(anonymous_8)","decl":{"start":{"line":128,"column":9},"end":{"line":128,"column":12}},"loc":{"start":{"line":128,"column":14},"end":{"line":133,"column":3}}},"9":{"name":"untrack","decl":{"start":{"line":139,"column":16},"end":{"line":139,"column":23}},"loc":{"start":{"line":139,"column":38},"end":{"line":147,"column":1}}},"10":{"name":"getActiveEffect","decl":{"start":{"line":152,"column":16},"end":{"line":152,"column":31}},"loc":{"start":{"line":152,"column":31},"end":{"line":154,"column":1}}}},"branchMap":{"0":{"loc":{"start":{"line":31,"column":2},"end":{"line":33,"column":3}},"type":"if","locations":[{"start":{"line":31,"column":2},"end":{"line":33,"column":3}}]},"1":{"loc":{"start":{"line":31,"column":6},"end":{"line":31,"column":69}},"type":"binary-expr","locations":[{"start":{"line":31,"column":6},"end":{"line":31,"column":18}},{"start":{"line":31,"column":22},"end":{"line":31,"column":69}}]},"2":{"loc":{"start":{"line":47,"column":4},"end":{"line":49,"column":5}},"type":"if","locations":[{"start":{"line":47,"column":4},"end":{"line":49,"column":5}}]},"3":{"loc":{"start":{"line":56,"column":18},"end":{"line":57,"column":79}},"type":"binary-expr","locations":[{"start":{"line":56,"column":18},"end":{"line":56,"column":48}},{"start":{"line":56,"column":52},"end":{"line":56,"column":63}},{"start":{"line":57,"column":3},"end":{"line":57,"column":34}},{"start":{"line":57,"column":38},"end":{"line":57,"column":78}}]},"4":{"loc":{"start":{"line":81,"column":2},"end":{"line":81,"column":29}},"type":"default-arg","locations":[{"start":{"line":81,"column":27},"end":{"line":81,"column":29}}]},"5":{"loc":{"start":{"line":83,"column":10},"end":{"line":83,"column":33}},"type":"default-arg","locations":[{"start":{"line":83,"column":22},"end":{"line":83,"column":33}}]},"6":{"loc":{"start":{"line":90,"column":4},"end":{"line":90,"column":27}},"type":"if","locations":[{"start":{"line":90,"column":4},"end":{"line":90,"column":27}}]},"7":{"loc":{"start":{"line":93,"column":4},"end":{"line":96,"column":5}},"type":"if","locations":[{"start":{"line":93,"column":4},"end":{"line":96,"column":5}}]},"8":{"loc":{"start":{"line":110,"column":6},"end":{"line":114,"column":7}},"type":"if","locations":[{"start":{"line":110,"column":6},"end":{"line":114,"column":7}}]},"9":{"loc":{"start":{"line":130,"column":4},"end":{"line":132,"column":5}},"type":"if","locations":[{"start":{"line":130,"column":4},"end":{"line":132,"column":5}}]}},"s":{"0":16,"1":16,"2":16,"3":16,"4":16,"5":16,"6":16,"7":16,"8":3137,"9":173,"10":0,"11":0,"12":0,"13":0,"14":16,"15":0,"16":0,"17":73,"18":73,"19":73,"20":513,"21":2,"22":511,"23":1,"24":1,"25":511,"26":511,"27":511,"28":511,"29":511,"30":511,"31":511,"32":2,"33":2,"34":511,"35":511,"36":511,"37":73,"38":73,"39":7,"40":7,"41":0,"42":12,"43":12,"44":12,"45":12,"46":12,"47":0},"f":{"0":3137,"1":0,"2":0,"3":0,"4":0,"5":73,"6":513,"7":2,"8":7,"9":12,"10":0},"b":{"0":[173],"1":[3137,1502],"2":[0],"3":[16,16,16,0],"4":[66],"5":[73],"6":[2],"7":[1],"8":[2],"9":[0]}}
,"C:\\Users\\Ahmad\\reactive-y\\src\\index.ts": {"path":"C:\\Users\\Ahmad\\reactive-y\\src\\index.ts","statementMap":{"0":{"start":{"line":6,"column":0},"end":{"line":6,"column":25}},"1":{"start":{"line":7,"column":0},"end":{"line":7,"column":25}},"2":{"start":{"line":8,"column":0},"end":{"line":8,"column":27}},"3":{"start":{"line":12,"column":0},"end":{"line":12,"column":24}},"4":{"start":{"line":15,"column":0},"end":{"line":15,"column":32}},"5":{"start":{"line":16,"column":0},"end":{"line":16,"column":31}},"6":{"start":{"line":17,"column":0},"end":{"line":17,"column":33}},"7":{"start":{"line":18,"column":0},"end":{"line":18,"column":32}},"8":{"start":{"line":25,"column":0},"end":{"line":25,"column":32}},"9":{"start":{"line":26,"column":0},"end":{"line":26,"column":34}},"10":{"start":{"line":27,"column":0},"end":{"line":27,"column":32}},"11":{"start":{"line":28,"column":0},"end":{"line":28,"column":34}},"12":{"start":{"line":29,"column":0},"end":{"line":29,"column":34}},"13":{"start":{"line":30,"column":0},"end":{"line":30,"column":35}},"14":{"start":{"line":31,"column":0},"end":{"line":31,"column":35}},"15":{"start":{"line":35,"column":0},"end":{"line":35,"column":null}},"16":{"start":{"line":36,"column":2},"end":{"line":36,"column":null}},"17":{"start":{"line":39,"column":2},"end":{"line":39,"column":32}},"18":{"start":{"line":40,"column":2},"end":{"line":40,"column":34}},"19":{"start":{"line":41,"column":2},"end":{"line":41,"column":34}},"20":{"start":{"line":42,"column":2},"end":{"line":42,"column":30}},"21":{"start":{"line":43,"column":2},"end":{"line":43,"column":26}},"22":{"start":{"line":44,"column":2},"end":{"line":44,"column":null}},"23":{"start":{"line":45,"column":2},"end":{"line":45,"column":null}},"24":{"start":{"line":46,"column":2},"end":{"line":46,"column":null}},"25":{"start":{"line":47,"column":2},"end":{"line":47,"column":null}},"26":{"start":{"line":48,"column":2},"end":{"line":48,"column":null}},"27":{"start":{"line":49,"column":2},"end":{"line":49,"column":null}},"28":{"start":{"line":60,"column":0},"end":{"line":60,"column":36}},"29":{"start":{"line":61,"column":0},"end":{"line":61,"column":32}},"30":{"start":{"line":62,"column":0},"end":{"line":62,"column":38}},"31":{"start":{"line":67,"column":0},"end":{"line":67,"column":34}},"32":{"start":{"line":68,"column":0},"end":{"line":68,"column":39}},"33":{"start":{"line":69,"column":0},"end":{"line":69,"column":33}},"34":{"start":{"line":72,"column":13},"end":{"line":72,"column":31}}},"fnMap":{"0":{"name":"(anonymous_4)","decl":{"start":{"line":36,"column":2},"end":{"line":36,"column":18}},"loc":{"start":{"line":36,"column":2},"end":{"line":36,"column":null}}},"1":{"name":"(anonymous_5)","decl":{"start":{"line":39,"column":2},"end":{"line":39,"column":10}},"loc":{"start":{"line":39,"column":2},"end":{"line":39,"column":32}}},"2":{"name":"(anonymous_6)","decl":{"start":{"line":40,"column":2},"end":{"line":40,"column":11}},"loc":{"start":{"line":40,"column":2},"end":{"line":40,"column":34}}},"3":{"name":"(anonymous_7)","decl":{"start":{"line":41,"column":2},"end":{"line":41,"column":11}},"loc":{"start":{"line":41,"column":2},"end":{"line":41,"column":34}}},"4":{"name":"(anonymous_8)","decl":{"start":{"line":42,"column":2},"end":{"line":42,"column":9}},"loc":{"start":{"line":42,"column":2},"end":{"line":42,"column":30}}},"5":{"name":"(anonymous_9)","decl":{"start":{"line":43,"column":2},"end":{"line":43,"column":7}},"loc":{"start":{"line":43,"column":2},"end":{"line":43,"column":26}}},"6":{"name":"(anonymous_10)","decl":{"start":{"line":44,"column":2},"end":{"line":44,"column":5}},"loc":{"start":{"line":44,"column":2},"end":{"line":44,"column":null}}},"7":{"name":"(anonymous_11)","decl":{"start":{"line":45,"column":2},"end":{"line":45,"column":5}},"loc":{"start":{"line":45,"column":2},"end":{"line":45,"column":null}}},"8":{"name":"(anonymous_12)","decl":{"start":{"line":46,"column":2},"end":{"line":46,"column":17}},"loc":{"start":{"line":46,"column":2},"end":{"line":46,"column":null}}},"9":{"name":"(anonymous_13)","decl":{"start":{"line":47,"column":2},"end":{"line":47,"column":9}},"loc":{"start":{"line":47,"column":2},"end":{"line":47,"column":null}}},"10":{"name":"(anonymous_14)","decl":{"start":{"line":48,"column":2},"end":{"line":48,"column":16}},"loc":{"start":{"line":48,"column":2},"end":{"line":48,"column":null}}},"11":{"name":"(anonymous_15)","decl":{"start":{"line":49,"column":2},"end":{"line":49,"column":22}},"loc":{"start":{"line":49,"column":2},"end":{"line":49,"column":null}}}},"branchMap":{},"s":{"0":5,"1":5,"2":5,"3":5,"4":5,"5":5,"6":5,"7":5,"8":5,"9":5,"10":5,"11":5,"12":5,"13":5,"14":5,"15":5,"16":5,"17":5,"18":5,"19":5,"20":5,"21":5,"22":5,"23":5,"24":5,"25":5,"26":5,"27":5,"28":5,"29":5,"30":5,"31":5,"32":5,"33":5,"34":5},"f":{"0":0,"1":0,"2":0,"3":0,"4":0,"5":0,"6":0,"7":0,"8":0,"9":0,"10":0,"11":0},"b":{}}
,"C:\\Users\\Ahmad\\reactive-y\\src\\linkedSignal.ts": {"path":"C:\\Users\\Ahmad\\reactive-y\\src\\linkedSignal.ts","statementMap":{"0":{"start":{"line":19,"column":0},"end":{"line":19,"column":16}},"1":{"start":{"line":66,"column":0},"end":{"line":66,"column":16}},"2":{"start":{"line":93,"column":0},"end":{"line":93,"column":16}},"3":{"start":{"line":147,"column":0},"end":{"line":147,"column":16}},"4":{"start":{"line":179,"column":0},"end":{"line":179,"column":16}},"5":{"start":{"line":241,"column":0},"end":{"line":241,"column":16}},"6":{"start":{"line":270,"column":0},"end":{"line":270,"column":16}},"7":{"start":{"line":1,"column":0},"end":{"line":1,"column":40}},"8":{"start":{"line":2,"column":0},"end":{"line":2,"column":33}},"9":{"start":{"line":312,"column":9},"end":{"line":2,"column":68}},"10":{"start":{"line":24,"column":43},"end":{"line":24,"column":50}},"11":{"start":{"line":27,"column":28},"end":{"line":27,"column":62}},"12":{"start":{"line":36,"column":24},"end":{"line":45,"column":3}},"13":{"start":{"line":38,"column":4},"end":{"line":41,"column":5}},"14":{"start":{"line":39,"column":6},"end":{"line":39,"column":25}},"15":{"start":{"line":40,"column":6},"end":{"line":40,"column":24}},"16":{"start":{"line":44,"column":4},"end":{"line":44,"column":20}},"17":{"start":{"line":48,"column":2},"end":{"line":48,"column":34}},"18":{"start":{"line":49,"column":2},"end":{"line":49,"column":44}},"19":{"start":{"line":52,"column":2},"end":{"line":55,"column":5}},"20":{"start":{"line":53,"column":15},"end":{"line":53,"column":23}},"21":{"start":{"line":54,"column":25},"end":{"line":54,"column":39}},"22":{"start":{"line":57,"column":2},"end":{"line":57,"column":22}},"23":{"start":{"line":70,"column":35},"end":{"line":70,"column":68}},"24":{"start":{"line":71,"column":36},"end":{"line":71,"column":69}},"25":{"start":{"line":74,"column":2},"end":{"line":76,"column":5}},"26":{"start":{"line":75,"column":4},"end":{"line":75,"column":29}},"27":{"start":{"line":79,"column":2},"end":{"line":81,"column":5}},"28":{"start":{"line":80,"column":4},"end":{"line":80,"column":30}},"29":{"start":{"line":83,"column":2},"end":{"line":83,"column":37}},"30":{"start":{"line":97,"column":29},"end":{"line":97,"column":59}},"31":{"start":{"line":100,"column":18},"end":{"line":100,"column":62}},"32":{"start":{"line":100,"column":45},"end":{"line":100,"column":61}},"33":{"start":{"line":102,"column":2},"end":{"line":102,"column":26}},"34":{"start":{"line":110,"column":20},"end":{"line":110,"column":25}},"35":{"start":{"line":113,"column":18},"end":{"line":119,"column":3}},"36":{"start":{"line":114,"column":4},"end":{"line":117,"column":5}},"37":{"start":{"line":115,"column":6},"end":{"line":115,"column":19}},"38":{"start":{"line":116,"column":6},"end":{"line":116,"column":25}},"39":{"start":{"line":118,"column":4},"end":{"line":118,"column":17}},"40":{"start":{"line":122,"column":2},"end":{"line":125,"column":5}},"41":{"start":{"line":123,"column":4},"end":{"line":123,"column":17}},"42":{"start":{"line":124,"column":4},"end":{"line":124,"column":23}},"43":{"start":{"line":128,"column":2},"end":{"line":128,"column":28}},"44":{"start":{"line":128,"column":22},"end":{"line":128,"column":27}},"45":{"start":{"line":131,"column":2},"end":{"line":131,"column":36}},"46":{"start":{"line":131,"column":27},"end":{"line":131,"column":35}},"47":{"start":{"line":134,"column":2},"end":{"line":136,"column":5}},"48":{"start":{"line":135,"column":15},"end":{"line":135,"column":23}},"49":{"start":{"line":138,"column":2},"end":{"line":138,"column":16}},"50":{"start":{"line":152,"column":24},"end":{"line":152,"column":60}},"51":{"start":{"line":152,"column":46},"end":{"line":152,"column":54}},"52":{"start":{"line":153,"column":23},"end":{"line":153,"column":49}},"53":{"start":{"line":156,"column":41},"end":{"line":156,"column":74}},"54":{"start":{"line":159,"column":2},"end":{"line":164,"column":5}},"55":{"start":{"line":160,"column":4},"end":{"line":163,"column":7}},"56":{"start":{"line":161,"column":28},"end":{"line":161,"column":54}},"57":{"start":{"line":161,"column":45},"end":{"line":161,"column":48}},"58":{"start":{"line":162,"column":6},"end":{"line":162,"column":49}},"59":{"start":{"line":166,"column":2},"end":{"line":166,"column":22}},"60":{"start":{"line":172,"column":18},"end":{"line":173,"column":79}},"61":{"start":{"line":184,"column":2},"end":{"line":187,"column":3}},"62":{"start":{"line":185,"column":30},"end":{"line":185,"column":63}},"63":{"start":{"line":186,"column":4},"end":{"line":186,"column":60}},"64":{"start":{"line":190,"column":35},"end":{"line":190,"column":68}},"65":{"start":{"line":193,"column":2},"end":{"line":206,"column":3}},"66":{"start":{"line":195,"column":38},"end":{"line":195,"column":86}},"67":{"start":{"line":198,"column":4},"end":{"line":203,"column":7}},"68":{"start":{"line":200,"column":6},"end":{"line":202,"column":7}},"69":{"start":{"line":201,"column":8},"end":{"line":201,"column":47}},"70":{"start":{"line":205,"column":4},"end":{"line":205,"column":39}},"71":{"start":{"line":209,"column":26},"end":{"line":209,"column":38}},"72":{"start":{"line":212,"column":2},"end":{"line":214,"column":3}},"73":{"start":{"line":213,"column":4},"end":{"line":213,"column":43}},"74":{"start":{"line":217,"column":36},"end":{"line":217,"column":85}},"75":{"start":{"line":220,"column":2},"end":{"line":230,"column":5}},"76":{"start":{"line":221,"column":17},"end":{"line":221,"column":22}},"77":{"start":{"line":224,"column":4},"end":{"line":226,"column":5}},"78":{"start":{"line":225,"column":6},"end":{"line":225,"column":33}},"79":{"start":{"line":229,"column":4},"end":{"line":229,"column":38}},"80":{"start":{"line":232,"column":2},"end":{"line":232,"column":37}},"81":{"start":{"line":244,"column":21},"end":{"line":244,"column":51}},"82":{"start":{"line":247,"column":18},"end":{"line":257,"column":3}},"83":{"start":{"line":249,"column":24},"end":{"line":251,"column":6}},"84":{"start":{"line":250,"column":6},"end":{"line":250,"column":20}},"85":{"start":{"line":254,"column":4},"end":{"line":254,"column":18}},"86":{"start":{"line":256,"column":4},"end":{"line":256,"column":23}},"87":{"start":{"line":259,"column":2},"end":{"line":259,"column":29}},"88":{"start":{"line":277,"column":77},"end":{"line":277,"column":84}},"89":{"start":{"line":277,"column":22},"end":{"line":277,"column":39}},"90":{"start":{"line":277,"column":54},"end":{"line":277,"column":71}},"91":{"start":{"line":280,"column":24},"end":{"line":291,"column":16}},"92":{"start":{"line":282,"column":4},"end":{"line":285,"column":5}},"93":{"start":{"line":283,"column":26},"end":{"line":283,"column":34}},"94":{"start":{"line":284,"column":6},"end":{"line":284,"column":30}},"95":{"start":{"line":288,"column":29},"end":{"line":288,"column":44}},"96":{"start":{"line":289,"column":4},"end":{"line":289,"column":29}},"97":{"start":{"line":290,"column":4},"end":{"line":290,"column":22}},"98":{"start":{"line":294,"column":2},"end":{"line":294,"column":48}},"99":{"start":{"line":294,"column":29},"end":{"line":294,"column":47}},"100":{"start":{"line":296,"column":2},"end":{"line":300,"column":4}},"101":{"start":{"line":297,"column":4},"end":{"line":299,"column":7}},"102":{"start":{"line":298,"column":6},"end":{"line":298,"column":27}},"103":{"start":{"line":303,"column":2},"end":{"line":306,"column":5}},"104":{"start":{"line":304,"column":15},"end":{"line":304,"column":28}},"105":{"start":{"line":305,"column":19},"end":{"line":305,"column":33}},"106":{"start":{"line":308,"column":2},"end":{"line":308,"column":23}}},"fnMap":{"0":{"name":"(anonymous_0)","decl":{"start":{"line":312,"column":9},"end":{"line":312,"column":25}},"loc":{"start":{"line":312,"column":9},"end":{"line":2,"column":68}}},"1":{"name":"createLinkedSignal","decl":{"start":{"line":19,"column":16},"end":{"line":19,"column":34}},"loc":{"start":{"line":21,"column":35},"end":{"line":58,"column":1}}},"2":{"name":"(anonymous_2)","decl":{"start":{"line":36,"column":24},"end":{"line":36,"column":25}},"loc":{"start":{"line":36,"column":38},"end":{"line":45,"column":3}}},"3":{"name":"(anonymous_3)","decl":{"start":{"line":53,"column":9},"end":{"line":53,"column":12}},"loc":{"start":{"line":53,"column":15},"end":{"line":53,"column":23}}},"4":{"name":"(anonymous_4)","decl":{"start":{"line":54,"column":9},"end":{"line":54,"column":10}},"loc":{"start":{"line":54,"column":22},"end":{"line":54,"column":41}}},"5":{"name":"createTwoWayLinkedSignal","decl":{"start":{"line":66,"column":16},"end":{"line":66,"column":40}},"loc":{"start":{"line":67,"column":17},"end":{"line":84,"column":1}}},"6":{"name":"(anonymous_6)","decl":{"start":{"line":74,"column":15},"end":{"line":74,"column":18}},"loc":{"start":{"line":74,"column":20},"end":{"line":76,"column":3}}},"7":{"name":"(anonymous_7)","decl":{"start":{"line":79,"column":15},"end":{"line":79,"column":18}},"loc":{"start":{"line":79,"column":20},"end":{"line":81,"column":3}}},"8":{"name":"createComputePair","decl":{"start":{"line":93,"column":16},"end":{"line":93,"column":33}},"loc":{"start":{"line":95,"column":26},"end":{"line":103,"column":1}}},"9":{"name":"(anonymous_9)","decl":{"start":{"line":100,"column":39},"end":{"line":100,"column":42}},"loc":{"start":{"line":100,"column":45},"end":{"line":100,"column":61}}},"10":{"name":"createComputedSignal","decl":{"start":{"line":108,"column":9},"end":{"line":108,"column":29}},"loc":{"start":{"line":108,"column":44},"end":{"line":139,"column":1}}},"11":{"name":"(anonymous_11)","decl":{"start":{"line":113,"column":18},"end":{"line":113,"column":21}},"loc":{"start":{"line":113,"column":23},"end":{"line":119,"column":3}}},"12":{"name":"(anonymous_12)","decl":{"start":{"line":122,"column":15},"end":{"line":122,"column":18}},"loc":{"start":{"line":122,"column":20},"end":{"line":125,"column":3}}},"13":{"name":"(anonymous_13)","decl":{"start":{"line":128,"column":16},"end":{"line":128,"column":19}},"loc":{"start":{"line":128,"column":22},"end":{"line":128,"column":27}}},"14":{"name":"(anonymous_14)","decl":{"start":{"line":131,"column":21},"end":{"line":131,"column":24}},"loc":{"start":{"line":131,"column":27},"end":{"line":131,"column":35}}},"15":{"name":"(anonymous_15)","decl":{"start":{"line":131,"column":27},"end":{"line":131,"column":30}},"loc":{"start":{"line":131,"column":32},"end":{"line":131,"column":35}}},"16":{"name":"(anonymous_16)","decl":{"start":{"line":135,"column":9},"end":{"line":135,"column":12}},"loc":{"start":{"line":135,"column":15},"end":{"line":135,"column":23}}},"17":{"name":"linkSignals","decl":{"start":{"line":147,"column":16},"end":{"line":147,"column":27}},"loc":{"start":{"line":149,"column":31},"end":{"line":167,"column":1}}},"18":{"name":"(anonymous_18)","decl":{"start":{"line":152,"column":36},"end":{"line":152,"column":42}},"loc":{"start":{"line":152,"column":46},"end":{"line":152,"column":54}}},"19":{"name":"(anonymous_19)","decl":{"start":{"line":159,"column":18},"end":{"line":159,"column":24}},"loc":{"start":{"line":159,"column":27},"end":{"line":164,"column":3}}},"20":{"name":"(anonymous_20)","decl":{"start":{"line":160,"column":21},"end":{"line":160,"column":24}},"loc":{"start":{"line":160,"column":26},"end":{"line":163,"column":5}}},"21":{"name":"(anonymous_21)","decl":{"start":{"line":161,"column":40},"end":{"line":161,"column":41}},"loc":{"start":{"line":161,"column":45},"end":{"line":161,"column":48}}},"22":{"name":"createSignalChain","decl":{"start":{"line":179,"column":16},"end":{"line":179,"column":33}},"loc":{"start":{"line":181,"column":42},"end":{"line":233,"column":1}}},"23":{"name":"(anonymous_23)","decl":{"start":{"line":198,"column":26},"end":{"line":198,"column":31}},"loc":{"start":{"line":198,"column":34},"end":{"line":203,"column":5}}},"24":{"name":"(anonymous_24)","decl":{"start":{"line":220,"column":24},"end":{"line":220,"column":29}},"loc":{"start":{"line":220,"column":32},"end":{"line":230,"column":3}}},"25":{"name":"createWritableSignal","decl":{"start":{"line":241,"column":16},"end":{"line":241,"column":36}},"loc":{"start":{"line":242,"column":17},"end":{"line":260,"column":1}}},"26":{"name":"(anonymous_26)","decl":{"start":{"line":247,"column":18},"end":{"line":247,"column":19}},"loc":{"start":{"line":247,"column":60},"end":{"line":257,"column":3}}},"27":{"name":"(anonymous_27)","decl":{"start":{"line":249,"column":41},"end":{"line":249,"column":42}},"loc":{"start":{"line":249,"column":54},"end":{"line":251,"column":5}}},"28":{"name":"createWrappedSignal","decl":{"start":{"line":270,"column":16},"end":{"line":270,"column":35}},"loc":{"start":{"line":275,"column":8},"end":{"line":309,"column":1}}},"29":{"name":"(anonymous_29)","decl":{"start":{"line":277,"column":17},"end":{"line":277,"column":18}},"loc":{"start":{"line":277,"column":22},"end":{"line":277,"column":39}}},"30":{"name":"(anonymous_30)","decl":{"start":{"line":277,"column":49},"end":{"line":277,"column":50}},"loc":{"start":{"line":277,"column":54},"end":{"line":277,"column":71}}},"31":{"name":"(anonymous_31)","decl":{"start":{"line":280,"column":24},"end":{"line":280,"column":33}},"loc":{"start":{"line":280,"column":42},"end":{"line":291,"column":16}}},"32":{"name":"(anonymous_32)","decl":{"start":{"line":294,"column":23},"end":{"line":294,"column":26}},"loc":{"start":{"line":294,"column":29},"end":{"line":294,"column":47}}},"33":{"name":"(anonymous_33)","decl":{"start":{"line":296,"column":28},"end":{"line":296,"column":29}},"loc":{"start":{"line":296,"column":41},"end":{"line":300,"column":3}}},"34":{"name":"(anonymous_34)","decl":{"start":{"line":297,"column":28},"end":{"line":297,"column":29}},"loc":{"start":{"line":297,"column":38},"end":{"line":299,"column":5}}},"35":{"name":"(anonymous_35)","decl":{"start":{"line":304,"column":9},"end":{"line":304,"column":12}},"loc":{"start":{"line":304,"column":15},"end":{"line":304,"column":28}}},"36":{"name":"(anonymous_36)","decl":{"start":{"line":305,"column":9},"end":{"line":305,"column":10}},"loc":{"start":{"line":305,"column":19},"end":{"line":305,"column":33}}}},"branchMap":{"0":{"loc":{"start":{"line":21,"column":2},"end":{"line":21,"column":35}},"type":"default-arg","locations":[{"start":{"line":21,"column":33},"end":{"line":21,"column":35}}]},"1":{"loc":{"start":{"line":24,"column":21},"end":{"line":24,"column":38}},"type":"default-arg","locations":[{"start":{"line":24,"column":34},"end":{"line":24,"column":38}}]},"2":{"loc":{"start":{"line":38,"column":4},"end":{"line":41,"column":5}},"type":"if","locations":[{"start":{"line":38,"column":4},"end":{"line":41,"column":5}}]},"3":{"loc":{"start":{"line":114,"column":4},"end":{"line":117,"column":5}},"type":"if","locations":[{"start":{"line":114,"column":4},"end":{"line":117,"column":5}}]},"4":{"loc":{"start":{"line":172,"column":18},"end":{"line":173,"column":79}},"type":"binary-expr","locations":[{"start":{"line":172,"column":18},"end":{"line":172,"column":48}},{"start":{"line":172,"column":52},"end":{"line":172,"column":63}},{"start":{"line":173,"column":3},"end":{"line":173,"column":34}},{"start":{"line":173,"column":38},"end":{"line":173,"column":78}}]},"5":{"loc":{"start":{"line":184,"column":2},"end":{"line":187,"column":3}},"type":"if","locations":[{"start":{"line":184,"column":2},"end":{"line":187,"column":3}}]},"6":{"loc":{"start":{"line":193,"column":2},"end":{"line":206,"column":3}},"type":"if","locations":[{"start":{"line":193,"column":2},"end":{"line":206,"column":3}}]},"7":{"loc":{"start":{"line":193,"column":6},"end":{"line":194,"column":61}},"type":"binary-expr","locations":[{"start":{"line":193,"column":6},"end":{"line":193,"column":15}},{"start":{"line":193,"column":19},"end":{"line":193,"column":44}},{"start":{"line":194,"column":6},"end":{"line":194,"column":38}},{"start":{"line":194,"column":42},"end":{"line":194,"column":61}}]},"8":{"loc":{"start":{"line":200,"column":6},"end":{"line":202,"column":7}},"type":"if","locations":[{"start":{"line":200,"column":6},"end":{"line":202,"column":7}}]},"9":{"loc":{"start":{"line":272,"column":2},"end":{"line":275,"column":8}},"type":"default-arg","locations":[{"start":{"line":275,"column":6},"end":{"line":275,"column":8}}]},"10":{"loc":{"start":{"line":277,"column":10},"end":{"line":277,"column":40}},"type":"default-arg","locations":[{"start":{"line":277,"column":17},"end":{"line":277,"column":39}}]},"11":{"loc":{"start":{"line":277,"column":42},"end":{"line":277,"column":72}},"type":"default-arg","locations":[{"start":{"line":277,"column":49},"end":{"line":277,"column":71}}]},"12":{"loc":{"start":{"line":282,"column":4},"end":{"line":285,"column":5}},"type":"if","locations":[{"start":{"line":282,"column":4},"end":{"line":285,"column":5}}]}},"s":{"0":5,"1":5,"2":5,"3":5,"4":5,"5":5,"6":5,"7":5,"8":5,"9":5,"10":0,"11":0,"12":0,"13":0,"14":0,"15":0,"16":0,"17":0,"18":0,"19":0,"20":0,"21":0,"22":0,"23":0,"24":0,"25":0,"26":0,"27":0,"28":0,"29":0,"30":0,"31":0,"32":0,"33":0,"34":0,"35":0,"36":0,"37":0,"38":0,"39":0,"40":0,"41":0,"42":0,"43":0,"44":0,"45":0,"46":0,"47":0,"48":0,"49":0,"50":1,"51":3,"52":1,"53":1,"54":1,"55":3,"56":5,"57":15,"58":5,"59":1,"60":5,"61":1,"62":0,"63":0,"64":1,"65":1,"66":1,"67":1,"68":1,"69":0,"70":1,"71":0,"72":0,"73":0,"74":0,"75":0,"76":0,"77":0,"78":0,"79":0,"80":0,"81":1,"82":1,"83":1,"84":2,"85":1,"86":1,"87":1,"88":0,"89":0,"90":0,"91":0,"92":0,"93":0,"94":0,"95":0,"96":0,"97":0,"98":0,"99":0,"100":0,"101":0,"102":0,"103":0,"104":0,"105":0,"106":0},"f":{"0":0,"1":0,"2":0,"3":0,"4":0,"5":0,"6":0,"7":0,"8":0,"9":0,"10":0,"11":0,"12":0,"13":0,"14":0,"15":0,"16":0,"17":1,"18":3,"19":3,"20":5,"21":15,"22":1,"23":1,"24":0,"25":1,"26":1,"27":2,"28":0,"29":0,"30":0,"31":0,"32":0,"33":0,"34":0,"35":0,"36":0},"b":{"0":[0],"1":[0],"2":[0],"3":[0],"4":[5,5,5,0],"5":[0],"6":[1],"7":[1,1,1,1],"8":[0],"9":[0],"10":[0],"11":[0],"12":[0]}}
,"C:\\Users\\Ahmad\\reactive-y\\src\\provideInject.ts": {"path":"C:\\Users\\Ahmad\\reactive-y\\src\\provideInject.ts","statementMap":{"0":{"start":{"line":24,"column":0},"end":{"line":24,"column":16}},"1":{"start":{"line":33,"column":0},"end":{"line":33,"column":16}},"2":{"start":{"line":44,"column":0},"end":{"line":44,"column":16}},"3":{"start":{"line":81,"column":0},"end":{"line":81,"column":16}},"4":{"start":{"line":108,"column":0},"end":{"line":108,"column":16}},"5":{"start":{"line":2,"column":0},"end":{"line":2,"column":44}},"6":{"start":{"line":12,"column":22},"end":{"line":12,"column":64}},"7":{"start":{"line":17,"column":59},"end":{"line":17,"column":61}},"8":{"start":{"line":25,"column":2},"end":{"line":25,"column":48}},"9":{"start":{"line":34,"column":23},"end":{"line":34,"column":73}},"10":{"start":{"line":35,"column":2},"end":{"line":35,"column":31}},"11":{"start":{"line":46,"column":2},"end":{"line":56,"column":3}},"12":{"start":{"line":46,"column":15},"end":{"line":46,"column":36}},"13":{"start":{"line":47,"column":18},"end":{"line":47,"column":31}},"14":{"start":{"line":48,"column":4},"end":{"line":55,"column":5}},"15":{"start":{"line":49,"column":20},"end":{"line":49,"column":34}},"16":{"start":{"line":51,"column":6},"end":{"line":53,"column":7}},"17":{"start":{"line":52,"column":8},"end":{"line":52,"column":21}},"18":{"start":{"line":54,"column":6},"end":{"line":54,"column":19}},"19":{"start":{"line":59,"column":2},"end":{"line":66,"column":3}},"20":{"start":{"line":60,"column":18},"end":{"line":60,"column":40}},"21":{"start":{"line":62,"column":4},"end":{"line":64,"column":5}},"22":{"start":{"line":63,"column":6},"end":{"line":63,"column":19}},"23":{"start":{"line":65,"column":4},"end":{"line":65,"column":17}},"24":{"start":{"line":69,"column":2},"end":{"line":71,"column":3}},"25":{"start":{"line":70,"column":4},"end":{"line":70,"column":29}},"26":{"start":{"line":73,"column":2},"end":{"line":73,"column":65}},"27":{"start":{"line":82,"column":19},"end":{"line":82,"column":61}},"28":{"start":{"line":83,"column":2},"end":{"line":83,"column":28}},"29":{"start":{"line":85,"column":2},"end":{"line":89,"column":3}},"30":{"start":{"line":86,"column":4},"end":{"line":86,"column":22}},"31":{"start":{"line":88,"column":4},"end":{"line":88,"column":21}},"32":{"start":{"line":96,"column":2},"end":{"line":98,"column":3}},"33":{"start":{"line":97,"column":4},"end":{"line":97,"column":49}},"34":{"start":{"line":99,"column":2},"end":{"line":99,"column":37}},"35":{"start":{"line":99,"column":30},"end":{"line":99,"column":35}},"36":{"start":{"line":113,"column":2},"end":{"line":119,"column":3}},"37":{"start":{"line":113,"column":15},"end":{"line":113,"column":36}},"38":{"start":{"line":114,"column":18},"end":{"line":114,"column":31}},"39":{"start":{"line":115,"column":4},"end":{"line":118,"column":5}},"40":{"start":{"line":116,"column":20},"end":{"line":116,"column":34}},"41":{"start":{"line":117,"column":6},"end":{"line":117,"column":34}},"42":{"start":{"line":122,"column":2},"end":{"line":125,"column":3}},"43":{"start":{"line":123,"column":18},"end":{"line":123,"column":40}},"44":{"start":{"line":124,"column":4},"end":{"line":124,"column":32}},"45":{"start":{"line":128,"column":2},"end":{"line":130,"column":3}},"46":{"start":{"line":129,"column":4},"end":{"line":129,"column":44}},"47":{"start":{"line":132,"column":2},"end":{"line":132,"column":65}}},"fnMap":{"0":{"name":"createInjectionKey","decl":{"start":{"line":24,"column":16},"end":{"line":24,"column":34}},"loc":{"start":{"line":24,"column":58},"end":{"line":26,"column":1}}},"1":{"name":"provide","decl":{"start":{"line":33,"column":16},"end":{"line":33,"column":23}},"loc":{"start":{"line":33,"column":66},"end":{"line":36,"column":1}}},"2":{"name":"inject","decl":{"start":{"line":44,"column":16},"end":{"line":44,"column":22}},"loc":{"start":{"line":44,"column":73},"end":{"line":74,"column":1}}},"3":{"name":"createScope","decl":{"start":{"line":81,"column":16},"end":{"line":81,"column":27}},"loc":{"start":{"line":81,"column":48},"end":{"line":90,"column":1}}},"4":{"name":"valueToSignal","decl":{"start":{"line":95,"column":9},"end":{"line":95,"column":22}},"loc":{"start":{"line":95,"column":34},"end":{"line":100,"column":1}}},"5":{"name":"(anonymous_5)","decl":{"start":{"line":99,"column":24},"end":{"line":99,"column":27}},"loc":{"start":{"line":99,"column":30},"end":{"line":99,"column":35}}},"6":{"name":"injectSignal","decl":{"start":{"line":108,"column":16},"end":{"line":108,"column":28}},"loc":{"start":{"line":110,"column":18},"end":{"line":133,"column":1}}}},"branchMap":{"0":{"loc":{"start":{"line":34,"column":23},"end":{"line":34,"column":73}},"type":"binary-expr","locations":[{"start":{"line":34,"column":23},"end":{"line":34,"column":56}},{"start":{"line":34,"column":60},"end":{"line":34,"column":73}}]},"1":{"loc":{"start":{"line":48,"column":4},"end":{"line":55,"column":5}},"type":"if","locations":[{"start":{"line":48,"column":4},"end":{"line":55,"column":5}}]},"2":{"loc":{"start":{"line":51,"column":6},"end":{"line":53,"column":7}},"type":"if","locations":[{"start":{"line":51,"column":6},"end":{"line":53,"column":7}}]},"3":{"loc":{"start":{"line":51,"column":10},"end":{"line":51,"column":61}},"type":"binary-expr","locations":[{"start":{"line":51,"column":10},"end":{"line":51,"column":37}},{"start":{"line":51,"column":41},"end":{"line":51,"column":61}}]},"4":{"loc":{"start":{"line":59,"column":2},"end":{"line":66,"column":3}},"type":"if","locations":[{"start":{"line":59,"column":2},"end":{"line":66,"column":3}}]},"5":{"loc":{"start":{"line":62,"column":4},"end":{"line":64,"column":5}},"type":"if","locations":[{"start":{"line":62,"column":4},"end":{"line
[...]
loc":{"start":{"line":250,"column":8},"end":{"line":253,"column":9}},"type":"if","locations":[{"start":{"line":250,"column":8},"end":{"line":253,"column":9}}]},"25":{"loc":{"start":{"line":278,"column":2},"end":{"line":278,"column":49}},"type":"default-arg","locations":[{"start":{"line":278,"column":47},"end":{"line":278,"column":49}}]},"26":{"loc":{"start":{"line":388,"column":4},"end":{"line":394,"column":5}},"type":"if","locations":[{"start":{"line":388,"column":4},"end":{"line":394,"column":5}}]},"27":{"loc":{"start":{"line":458,"column":4},"end":{"line":462,"column":5}},"type":"if","locations":[{"start":{"line":458,"column":4},"end":{"line":462,"column":5}},{"start":{"line":460,"column":11},"end":{"line":462,"column":5}}]}},"s":{"0":6,"1":6,"2":6,"3":6,"4":6,"5":6,"6":6,"7":1,"8":1,"9":1,"10":1,"11":1,"12":1,"13":1,"14":1,"15":1,"16":1,"17":0,"18":0,"19":0,"20":0,"21":0,"22":0,"23":0,"24":0,"25":1,"26":0,"27":0,"28":0,"29":0,"30":0,"31":1,"32":0,"33":0,"34":0,"35":0,"36":0,"37":0,"38":0,"39":1,"40":1,"41":1,"42":0,"43":0,"44":0,"45":0,"46":0,"47":0,"48":0,"49":0,"50":0,"51":0,"52":0,"53":0,"54":0,"55":0,"56":0,"57":0,"58":0,"59":0,"60":0,"61":0,"62":0,"63":0,"64":0,"65":0,"66":0,"67":0,"68":0,"69":0,"70":0,"71":0,"72":0,"73":0,"74":0,"75":0,"76":0,"77":0,"78":0,"79":0,"80":0,"81":1,"82":1,"83":0,"84":0,"85":1,"86":1,"87":1,"88":0,"89":1,"90":0,"91":1,"92":0,"93":1,"94":1,"95":1,"96":1,"97":1,"98":1,"99":1,"100":1,"101":0,"102":1,"103":1,"104":0,"105":1,"106":0,"107":0,"108":0,"109":1,"110":3,"111":3,"112":3,"113":1,"114":3,"115":2,"116":2,"117":2,"118":1,"119":1,"120":1,"121":1,"122":1,"123":3,"124":3,"125":3,"126":3,"127":3,"128":8,"129":8,"130":8,"131":8,"132":8,"133":8,"134":8,"135":8,"136":3,"137":6,"138":6,"139":6,"140":3,"141":6,"142":3,"143":3,"144":3,"145":3,"146":3,"147":3,"148":3,"149":0,"150":3,"151":2,"152":2,"153":2,"154":5,"155":2,"156":3,"157":5,"158":5,"159":5,"160":2},"f":{"0":1,"1":0,"2":0,"3":0,"4":0,"5":0,"6":0,"7":0,"8":0,"9":1,"10":0,"11":0,"12":0,"13":0,"14":0,"15":0,"16":3,"17":1,"18":2,"19":3,"20":8,"21":8,"22":6,"23":6,"24":0,"25":2,"26":5},"b":{"0":[6,6,6,0],"1":[0],"2":[1],"3":[1],"4":[1],"5":[1,0],"6":[0,1],"7":[0],"8":[0,1],"9":[0,1],"10":[0],"11":[0,0],"12":[0],"13":[0],"14":[0,0,0],"15":[0],"16":[0],"17":[0],"18":[0,0,0],"19":[0],"20":[0,1],"21":[0],"22":[0],"23":[1],"24":[0],"25":[2],"26":[8],"27":[2,3]}}
,"C:\\Users\\Ahmad\\reactive-y\\src\\utils.ts": {"path":"C:\\Users\\Ahmad\\reactive-y\\src\\utils.ts","statementMap":{"0":{"start":{"line":47,"column":0},"end":{"line":47,"column":16}},"1":{"start":{"line":100,"column":0},"end":{"line":100,"column":16}},"2":{"start":{"line":114,"column":0},"end":{"line":114,"column":16}},"3":{"start":{"line":9,"column":26},"end":{"line":10,"column":29}},"4":{"start":{"line":10,"column":2},"end":{"line":10,"column":29}},"5":{"start":{"line":9,"column":13},"end":{"line":9,"column":26}},"6":{"start":{"line":15,"column":24},"end":{"line":16,"column":45}},"7":{"start":{"line":16,"column":2},"end":{"line":16,"column":45}},"8":{"start":{"line":15,"column":13},"end":{"line":15,"column":24}},"9":{"start":{"line":21,"column":29},"end":{"line":25,"column":1}},"10":{"start":{"line":22,"column":2},"end":{"line":22,"column":37}},"11":{"start":{"line":22,"column":24},"end":{"line":22,"column":37}},"12":{"start":{"line":23,"column":20},"end":{"line":23,"column":48}},"13":{"start":{"line":24,"column":2},"end":{"line":24,"column":62}},"14":{"start":{"line":21,"column":13},"end":{"line":21,"column":29}},"15":{"start":{"line":30,"column":13},"end":{"line":30,"column":37}},"16":{"start":{"line":35,"column":18},"end":{"line":36,"column":79}},"17":{"start":{"line":41,"column":17},"end":{"line":41,"column":18}},"18":{"start":{"line":42,"column":23},"end":{"line":42,"column":44}},"19":{"start":{"line":48,"column":2},"end":{"line":48,"column":15}},"20":{"start":{"line":49,"column":2},"end":{"line":94,"column":3}},"21":{"start":{"line":50,"column":4},"end":{"line":50,"column":16}},"22":{"start":{"line":52,"column":4},"end":{"line":52,"column":17}},"23":{"start":{"line":54,"column":4},"end":{"line":93,"column":5}},"24":{"start":{"line":55,"column":22},"end":{"line":55,"column":48}},"25":{"start":{"line":56,"column":6},"end":{"line":56,"column":29}},"26":{"start":{"line":58,"column":6},"end":{"line":92,"column":7}},"27":{"start":{"line":61,"column":30},"end":{"line":61,"column":54}},"28":{"start":{"line":64,"column":22},"end":{"line":64,"column":45}},"29":{"start":{"line":65,"column":28},"end":{"line":66,"column":76}},"30":{"start":{"line":68,"column":8},"end":{"line":88,"column":9}},"31":{"start":{"line":71,"column":10},"end":{"line":78,"column":13}},"32":{"start":{"line":73,"column":30},"end":{"line":73,"column":47}},"33":{"start":{"line":75,"column":12},"end":{"line":77,"column":13}},"34":{"start":{"line":76,"column":14},"end":{"line":76,"column":51}},"35":{"start":{"line":80,"column":10},"end":{"line":82,"column":13}},"36":{"start":{"line":81,"column":12},"end":{"line":81,"column":21}},"37":{"start":{"line":85,"column":10},"end":{"line":87,"column":13}},"38":{"start":{"line":86,"column":12},"end":{"line":86,"column":21}},"39":{"start":{"line":91,"column":8},"end":{"line":91,"column":74}},"40":{"start":{"line":91,"column":37},"end":{"line":91,"column":72}},"41":{"start":{"line":91,"column":63},"end":{"line":91,"column":71}},"42":{"start":{"line":101,"column":2},"end":{"line":108,"column":3}},"43":{"start":{"line":102,"column":4},"end":{"line":102,"column":33}},"44":{"start":{"line":103,"column":9},"end":{"line":108,"column":3}},"45":{"start":{"line":105,"column":4},"end":{"line":105,"column":15}},"46":{"start":{"line":107,"column":4},"end":{"line":107,"column":37}},"47":{"start":{"line":116,"column":2},"end":{"line":121,"column":4}},"48":{"start":{"line":117,"column":4},"end":{"line":119,"column":5}},"49":{"start":{"line":118,"column":6},"end":{"line":118,"column":27}},"50":{"start":{"line":120,"column":4},"end":{"line":120,"column":20}}},"fnMap":{"0":{"name":"(anonymous_0)","decl":{"start":{"line":9,"column":26},"end":{"line":9,"column":27}},"loc":{"start":{"line":10,"column":2},"end":{"line":10,"column":29}}},"1":{"name":"(anonymous_1)","decl":{"start":{"line":15,"column":24},"end":{"line":15,"column":25}},"loc":{"start":{"line":16,"column":2},"end":{"line":16,"column":45}}},"2":{"name":"(anonymous_2)","decl":{"start":{"line":21,"column":29},"end":{"line":21,"column":30}},"loc":{"start":{"line":21,"column":57},"end":{"line":25,"column":1}}},"3":{"name":"batch","decl":{"start":{"line":47,"column":16},"end":{"line":47,"column":21}},"loc":{"start":{"line":47,"column":36},"end":{"line":95,"column":1}}},"4":{"name":"(anonymous_4)","decl":{"start":{"line":71,"column":26},"end":{"line":71,"column":32}},"loc":{"start":{"line":71,"column":35},"end":{"line":78,"column":11}}},"5":{"name":"(anonymous_5)","decl":{"start":{"line":80,"column":32},"end":{"line":80,"column":38}},"loc":{"start":{"line":80,"column":41},"end":{"line":82,"column":11}}},"6":{"name":"(anonymous_6)","decl":{"start":{"line":85,"column":26},"end":{"line":85,"column":32}},"loc":{"start":{"line":85,"column":35},"end":{"line":87,"column":11}}},"7":{"name":"(anonymous_7)","decl":{"start":{"line":91,"column":31},"end":{"line":91,"column":34}},"loc":{"start":{"line":91,"column":37},"end":{"line":91,"column":72}}},"8":{"name":"(anonymous_8)","decl":{"start":{"line":91,"column":53},"end":{"line":91,"column":59}},"loc":{"start":{"line":91,"column":63},"end":{"line":91,"column":71}}},"9":{"name":"queueMicrotask","decl":{"start":{"line":100,"column":16},"end":{"line":100,"column":30}},"loc":{"start":{"line":100,"column":51},"end":{"line":109,"column":1}}},"10":{"name":"singleton","decl":{"start":{"line":114,"column":16},"end":{"line":114,"column":25}},"loc":{"start":{"line":114,"column":45},"end":{"line":122,"column":1}}},"11":{"name":"(anonymous_11)","decl":{"start":{"line":116,"column":9},"end":{"line":116,"column":12}},"loc":{"start":{"line":116,"column":14},"end":{"line":121,"column":3}}}},"branchMap":{"0":{"loc":{"start":{"line":16,"column":2},"end":{"line":16,"column":45}},"type":"binary-expr","locations":[{"start":{"line":16,"column":2},"end":{"line":16,"column":16}},{"start":{"line":16,"column":20},"end":{"line":16,"column":45}}]},"1":{"loc":{"start":{"line":22,"column":2},"end":{"line":22,"column":37}},"type":"if","locations":[{"start":{"line":22,"column":2},"end":{"line":22,"column":37}}]},"2":{"loc":{"start":{"line":24,"column":9},"end":{"line":24,"column":61}},"type":"binary-expr","locations":[{"start":{"line":24,"column":9},"end":{"line":24,"column":39}},{"start":{"line":24,"column":43},"end":{"line":24,"column":61}}]},"3":{"loc":{"start":{"line":35,"column":18},"end":{"line":36,"column":79}},"type":"binary-expr","locations":[{"start":{"line":35,"column":18},"end":{"line":35,"column":48}},{"start":{"line":35,"column":52},"end":{"line":35,"column":63}},{"start":{"line":36,"column":3},"end":{"line":36,"column":34}},{"start":{"line":36,"column":38},"end":{"line":36,"column":78}}]},"4":{"loc":{"start":{"line":54,"column":4},"end":{"line":93,"column":5}},"type":"if","locations":[{"start":{"line":54,"column":4},"end":{"line":93,"column":5}}]},"5":{"loc":{"start":{"line":54,"column":8},"end":{"line":54,"column":51}},"type":"binary-expr","locations":[{"start":{"line":54,"column":8},"end":{"line":54,"column":24}},{"start":{"line":54,"column":28},"end":{"line":54,"column":51}}]},"6":{"loc":{"start":{"line":58,"column":6},"end":{"line":92,"column":7}},"type":"if","locations":[{"start":{"line":58,"column":6},"end":{"line":92,"column":7}},{"start":{"line":89,"column":13},"end":{"line":92,"column":7}}]},"7":{"loc":{"start":{"line":64,"column":22},"end":{"line":64,"column":45}},"type":"binary-expr","locations":[{"start":{"line":64,"column":22},"end":{"line":64,"column":39}},{"start":{"line":64,"column":43},"end":{"line":64,"column":45}}]},"8":{"loc":{"start":{"line":65,"column":28},"end":{"line":66,"column":76}},"type":"binary-expr","locations":[{"start":{"line":65,"column":28},"end":{"line":65,"column":66}},{"start":{"line":66,"column":27},"end":{"line":66,"column":76}}]},"9":{"loc":{"start":{"line":68,"column":8},"end":{"line":88,"column":9}},"type":"if","locations":[{"start":{"line":68,"column":8},"end":{"line":88,"column":9}},{"start":{"line":83,"column":15},"end":{"line":88,"column":9}}]},"10":{"loc":{"start":{"line":75,"column":12},"end":{"line":77,"column":13}},"type":"if","locations":[{"start":{"line":75,"column":12},"end":{"line":77,"column":13}}]},"11":{"loc":{"start":{"line":101,"column":2},"end":{"line":108,"column":3}},"type":"if","locations":[{"start":{"line":101,"column":2},"end":{"line":108,"column":3}},{"start":{"line":103,"column":9},"end":{"line":108,"column":3}}]},"12":{"loc":{"start":{"line":103,"column":9},"end":{"line":108,"column":3}},"type":"if","locations":[{"start":{"line":103,"column":9},"end":{"line":108,"column":3}},{"start":{"line":106,"column":9},"end":{"line":108,"column":3}}]},"13":{"loc":{"start":{"line":117,"column":4},"end":{"line":119,"column":5}},"type":"if","locations":[{"start":{"line":117,"column":4},"end":{"line":119,"column":5}}]}},"s":{"0":17,"1":17,"2":17,"3":17,"4":22,"5":17,"6":17,"7":0,"8":17,"9":17,"10":0,"11":0,"12":0,"13":0,"14":17,"15":17,"16":17,"17":17,"18":17,"19":917,"20":917,"21":917,"22":917,"23":917,"24":0,"25":0,"26":0,"27":0,"28":0,"29":0,"30":0,"31":0,"32":0,"33":0,"34":0,"35":0,"36":0,"37":0,"38":0,"39":0,"40":0,"41":0,"42":0,"43":0,"44":0,"45":0,"46":0,"47":0,"48":0,"49":0,"50":0},"f":{"0":22,"1":0,"2":0,"3":917,"4":0,"5":0,"6":0,"7":0,"8":0,"9":0,"10":0,"11":0},"b":{"0":[0,0],"1":[0],"2":[0,0],"3":[17,17,17,0],"4":[0],"5":[917,581],"6":[0,0],"7":[0,0],"8":[0,0],"9":[0,0],"10":[0],"11":[0,0],"12":[0,0],"13":[0]}}
,"C:\\Users\\Ahmad\\reactive-y\\src\\watch.ts": {"path":"C:\\Users\\Ahmad\\reactive-y\\src\\watch.ts","statementMap":{"0":{"start":{"line":32,"column":0},"end":{"line":32,"column":16}},"1":{"start":{"line":47,"column":0},"end":{"line":47,"column":16}},"2":{"start":{"line":1,"column":0},"end":{"line":1,"column":37}},"3":{"start":{"line":2,"column":0},"end":{"line":2,"column":64}},"4":{"start":{"line":37,"column":2},"end":{"line":37,"column":44}},"5":{"start":{"line":52,"column":2},"end":{"line":52,"column":45}},"6":{"start":{"line":63,"column":64},"end":{"line":63,"column":71}},"7":{"start":{"line":65,"column":22},"end":{"line":65,"column":31}},"8":{"start":{"line":66,"column":25},"end":{"line":66,"column":27}},"9":{"start":{"line":67,"column":19},"end":{"line":67,"column":23}},"10":{"start":{"line":70,"column":17},"end":{"line":75,"column":3}},"11":{"start":{"line":71,"column":4},"end":{"line":73,"column":5}},"12":{"start":{"line":72,"column":6},"end":{"line":72,"column":49}},"13":{"start":{"line":72,"column":31},"end":{"line":72,"column":47}},"14":{"start":{"line":74,"column":4},"end":{"line":74,"column":48}},"15":{"start":{"line":78,"column":23},"end":{"line":86,"column":3}},"16":{"start":{"line":79,"column":4},"end":{"line":85,"column":5}},"17":{"start":{"line":80,"column":6},"end":{"line":80,"column":36}},"18":{"start":{"line":81,"column":6},"end":{"line":81,"column":32}},"19":{"start":{"line":83,"column":6},"end":{"line":83,"column":35}},"20":{"start":{"line":84,"column":6},"end":{"line":84,"column":26}},"21":{"start":{"line":89,"column":17},"end":{"line":108,"column":3}},"22":{"start":{"line":90,"column":21},"end":{"line":90,"column":29}},"23":{"start":{"line":92,"column":4},"end":{"line":105,"column":5}},"24":{"start":{"line":93,"column":6},"end":{"line":101,"column":7}},"25":{"start":{"line":94,"column":8},"end":{"line":94,"column":46}},"26":{"start":{"line":94,"column":22},"end":{"line":94,"column":44}},"27":{"start":{"line":96,"column":8},"end":{"line":100,"column":9}},"28":{"start":{"line":97,"column":10},"end":{"line":97,"column":36}},"29":{"start":{"line":99,"column":10},"end":{"line":99,"column":30}},"30":{"start":{"line":102,"column":6},"end":{"line":102,"column":25}},"31":{"start":{"line":104,"column":6},"end":{"line":104,"column":44}},"32":{"start":{"line":104,"column":20},"end":{"line":104,"column":42}},"33":{"start":{"line":107,"column":4},"end":{"line":107,"column":20}},"34":{"start":{"line":111,"column":2},"end":{"line":111,"column":45}},"35":{"start":{"line":118,"column":2},"end":{"line":120,"column":3}},"36":{"start":{"line":119,"column":4},"end":{"line":119,"column":20}},"37":{"start":{"line":121,"column":2},"end":{"line":123,"column":3}},"38":{"start":{"line":122,"column":4},"end":{"line":122,"column":24}},"39":{"start":{"line":124,"column":2},"end":{"line":126,"column":3}},"40":{"start":{"line":125,"column":4},"end":{"line":125,"column":29}},"41":{"start":{"line":127,"column":2},"end":{"line":127,"column":32}}},"fnMap":{"0":{"name":"watch","decl":{"start":{"line":32,"column":16},"end":{"line":32,"column":21}},"loc":{"start":{"line":35,"column":28},"end":{"line":38,"column":1}}},"1":{"name":"watchSources","decl":{"start":{"line":47,"column":16},"end":{"line":47,"column":28}},"loc":{"start":{"line":50,"column":28},"end":{"line":53,"column":1}}},"2":{"name":"doWatch","decl":{"start":{"line":58,"column":9},"end":{"line":58,"column":16}},"loc":{"start":{"line":61,"column":23},"end":{"line":112,"column":1}}},"3":{"name":"(anonymous_3)","decl":{"start":{"line":70,"column":17},"end":{"line":70,"column":20}},"loc":{"start":{"line":70,"column":22},"end":{"line":75,"column":3}}},"4":{"name":"(anonymous_4)","decl":{"start":{"line":72,"column":24},"end":{"line":72,"column":25}},"loc":{"start":{"line":72,"column":31},"end":{"line":72,"column":47}}},"5":{"name":"(anonymous_5)","decl":{"start":{"line":78,"column":23},"end":{"line":78,"column":24}},"loc":{"start":{"line":78,"column":41},"end":{"line":86,"column":3}}},"6":{"name":"(anonymous_6)","decl":{"start":{"line":89,"column":17},"end":{"line":89,"column":20}},"loc":{"start":{"line":89,"column":22},"end":{"line":108,"column":3}}},"7":{"name":"(anonymous_7)","decl":{"start":{"line":94,"column":16},"end":{"line":94,"column":19}},"loc":{"start":{"line":94,"column":22},"end":{"line":94,"column":44}}},"8":{"name":"(anonymous_8)","decl":{"start":{"line":104,"column":14},"end":{"line":104,"column":17}},"loc":{"start":{"line":104,"column":20},"end":{"line":104,"column":42}}},"9":{"name":"getWatchValue","decl":{"start":{"line":117,"column":9},"end":{"line":117,"column":22}},"loc":{"start":{"line":117,"column":48},"end":{"line":128,"column":1}}}},"branchMap":{"0":{"loc":{"start":{"line":35,"column":2},"end":{"line":35,"column":28}},"type":"default-arg","locations":[{"start":{"line":35,"column":26},"end":{"line":35,"column":28}}]},"1":{"loc":{"start":{"line":50,"column":2},"end":{"line":50,"column":28}},"type":"default-arg","locations":[{"start":{"line":50,"column":26},"end":{"line":50,"column":28}}]},"2":{"loc":{"start":{"line":63,"column":10},"end":{"line":63,"column":27}},"type":"default-arg","locations":[{"start":{"line":63,"column":22},"end":{"line":63,"column":27}}]},"3":{"loc":{"start":{"line":63,"column":29},"end":{"line":63,"column":41}},"type":"default-arg","locations":[{"start":{"line":63,"column":36},"end":{"line":63,"column":41}}]},"4":{"loc":{"start":{"line":71,"column":4},"end":{"line":73,"column":5}},"type":"if","locations":[{"start":{"line":71,"column":4},"end":{"line":73,"column":5}}]},"5":{"loc":{"start":{"line":71,"column":8},"end":{"line":71,"column":52}},"type":"binary-expr","locations":[{"start":{"line":71,"column":8},"end":{"line":71,"column":29}},{"start":{"line":71,"column":33},"end":{"line":71,"column":52}}]},"6":{"loc":{"start":{"line":79,"column":4},"end":{"line":85,"column":5}},"type":"if","locations":[{"start":{"line":79,"column":4},"end":{"line":85,"column":5}},{"start":{"line":82,"column":11},"end":{"line":85,"column":5}}]},"7":{"loc":{"start":{"line":79,"column":8},"end":{"line":79,"column":52}},"type":"binary-expr","locations":[{"start":{"line":79,"column":8},"end":{"line":79,"column":29}},{"start":{"line":79,"column":33},"end":{"line":79,"column":52}}]},"8":{"loc":{"start":{"line":92,"column":4},"end":{"line":105,"column":5}},"type":"if","locations":[{"start":{"line":92,"column":4},"end":{"line":105,"column":5}},{"start":{"line":103,"column":11},"end":{"line":105,"column":5}}]},"9":{"loc":{"start":{"line":93,"column":6},"end":{"line":101,"column":7}},"type":"if","locations":[{"start":{"line":93,"column":6},"end":{"line":101,"column":7}},{"start":{"line":95,"column":13},"end":{"line":101,"column":7}}]},"10":{"loc":{"start":{"line":96,"column":8},"end":{"line":100,"column":9}},"type":"if","locations":[{"start":{"line":96,"column":8},"end":{"line":100,"column":9}},{"start":{"line":98,"column":15},"end":{"line":100,"column":9}}]},"11":{"loc":{"start":{"line":96,"column":12},"end":{"line":96,"column":56}},"type":"binary-expr","locations":[{"start":{"line":96,"column":12},"end":{"line":96,"column":33}},{"start":{"line":96,"column":37},"end":{"line":96,"column":56}}]},"12":{"loc":{"start":{"line":118,"column":2},"end":{"line":120,"column":3}},"type":"if","locations":[{"start":{"line":118,"column":2},"end":{"line":120,"column":3}}]},"13":{"loc":{"start":{"line":121,"column":2},"end":{"line":123,"column":3}},"type":"if","locations":[{"start":{"line":121,"column":2},"end":{"line":123,"column":3}}]},"14":{"loc":{"start":{"line":124,"column":2},"end":{"line":126,"column":3}},"type":"if","locations":[{"start":{"line":124,"column":2},"end":{"line":126,"column":3}}]}},"s":{"0":1,"1":1,"2":1,"3":1,"4":5,"5":1,"6":6,"7":6,"8":6,"9":6,"10":6,"11":13,"12":3,"13":6,"14":10,"15":6,"16":8,"17":2,"18":2,"19":6,"20":6,"21":6,"22":13,"23":13,"24":6,"25":1,"26":1,"27":5,"28":1,"29":4,"30":6,"31":7,"32":7,"33":13,"34":6,"35":16,"36":14,"37":2,"38":2,"39":0,"40":0,"41":0},"f":{"0":5,"1":1,"2":6,"3":13,"4":6,"5":8,"6":13,"7":1,"8":7,"9":16},"b":{"0":[4],"1":[1],"2":[5],"3":[6],"4":[3],"5":[13,3],"6":[2,6],"7":[8,2],"8":[6,7],"9":[1,5],"10":[1,4],"11":[5,1],"12":[14],"13":[2],"14":[0]}}
}
