TN:
SF:src\computed.ts
FN:24,createComputed
FN:40,(anonymous_1)
FN:55,(anonymous_2)
FN:57,(anonymous_3)
FN:58,(anonymous_4)
FN:70,(anonymous_5)
FN:81,(anonymous_6)
FN:88,(anonymous_7)
FN:95,(anonymous_8)
FN:103,(anonymous_9)
FN:111,(anonymous_10)
FN:119,(anonymous_11)
FN:124,(anonymous_12)
FN:136,createMemo
FNF:14
FNH:10
FNDA:8,createComputed
FNDA:25,(anonymous_1)
FNDA:1,(anonymous_2)
FNDA:0,(anonymous_3)
FNDA:0,(anonymous_4)
FNDA:0,(anonymous_5)
FNDA:18,(anonymous_6)
FNDA:0,(anonymous_7)
FNDA:17,(anonymous_8)
FNDA:3,(anonymous_9)
FNDA:1,(anonymous_10)
FNDA:1,(anonymous_11)
FNDA:3,(anonymous_12)
FNDA:1,createMemo
DA:1,5
DA:2,5
DA:15,5
DA:24,5
DA:28,8
DA:31,8
DA:33,8
DA:34,8
DA:37,8
DA:40,8
DA:41,25
DA:43,25
DA:45,25
DA:47,25
DA:48,17
DA:49,17
DA:50,17
DA:52,17
DA:54,1
DA:55,1
DA:57,0
DA:58,0
DA:64,25
DA:68,8
DA:69,8
DA:70,0
DA:75,8
DA:78,8
DA:81,8
DA:83,18
DA:84,18
DA:88,0
DA:89,0
DA:90,0
DA:95,8
DA:96,17
DA:97,15
DA:99,17
DA:103,8
DA:104,3
DA:105,2
DA:107,3
DA:111,8
DA:112,1
DA:115,1
DA:116,1
DA:119,1
DA:123,8
DA:124,3
DA:127,8
DA:136,5
DA:140,1
LF:52
LH:46
BRDA:15,0,0,5
BRDA:15,0,1,5
BRDA:15,0,2,5
BRDA:15,0,3,0
BRDA:26,1,0,6
BRDA:28,2,0,7
BRDA:41,3,0,0
BRDA:41,4,0,25
BRDA:41,4,1,0
BRDA:47,5,0,17
BRDA:47,6,0,25
BRDA:47,6,1,17
BRDA:52,7,0,1
BRDA:54,8,0,1
BRDA:54,8,1,0
BRDA:68,9,0,8
BRDA:78,10,0,8
BRDA:78,10,1,0
BRDA:96,11,0,15
BRDA:104,12,0,2
BRDA:115,13,0,1
BRDA:138,14,0,1
BRF:22
BRH:17
end_of_record
TN:
SF:src\derivedSignal.ts
FN:36,createDerivedSignal
FN:43,(anonymous_1)
FN:48,(anonymous_2)
FN:59,(anonymous_3)
FN:60,(anonymous_4)
FN:64,(anonymous_5)
FN:86,(anonymous_6)
FN:90,(anonymous_7)
FN:98,(anonymous_8)
FN:100,(anonymous_9)
FN:108,(anonymous_10)
FN:109,(anonymous_11)
FN:113,(anonymous_12)
FN:127,(anonymous_13)
FN:130,(anonymous_14)
FN:146,(anonymous_15)
FN:148,(anonymous_16)
FN:172,createFilteredSignal
FN:186,(anonymous_18)
FN:193,(anonymous_19)
FN:209,createDebouncedSignal
FN:220,(anonymous_21)
FN:227,(anonymous_22)
FN:234,(anonymous_23)
FN:259,createThrottledSignal
FN:279,(anonymous_25)
FN:294,(anonymous_26)
FN:316,(anonymous_27)
FN:331,(anonymous_28)
FN:345,(anonymous_29)
FN:371,createHistorySignal
FN:380,(anonymous_31)
FN:393,(anonymous_32)
FN:399,(anonymous_33)
FN:402,(anonymous_34)
FN:412,(anonymous_35)
FN:417,(anonymous_36)
FN:444,createTimeTravelSignal
FN:453,(anonymous_38)
FN:471,(anonymous_39)
FN:476,(anonymous_40)
FN:479,(anonymous_41)
FN:487,(anonymous_42)
FN:496,(anonymous_43)
FN:497,(anonymous_44)
FN:530,createSignalFamily
FN:537,(anonymous_46)
FN:554,(anonymous_47)
FN:564,(anonymous_48)
FN:569,(anonymous_49)
FN:574,(anonymous_50)
FN:579,(anonymous_51)
FNF:52
FNH:34
FNDA:1,createDerivedSignal
FNDA:1,(anonymous_1)
FNDA:2,(anonymous_2)
FNDA:2,(anonymous_3)
FNDA:2,(anonymous_4)
FNDA:4,(anonymous_5)
FNDA:3,(anonymous_6)
FNDA:0,(anonymous_7)
FNDA:0,(anonymous_8)
FNDA:0,(anonymous_9)
FNDA:0,(anonymous_10)
FNDA:0,(anonymous_11)
FNDA:0,(anonymous_12)
FNDA:0,(anonymous_13)
FNDA:0,(anonymous_14)
FNDA:0,(anonymous_15)
FNDA:0,(anonymous_16)
FNDA:2,createFilteredSignal
FNDA:5,(anonymous_18)
FNDA:7,(anonymous_19)
FNDA:2,createDebouncedSignal
FNDA:4,(anonymous_21)
FNDA:2,(anonymous_22)
FNDA:6,(anonymous_23)
FNDA:0,createThrottledSignal
FNDA:0,(anonymous_25)
FNDA:0,(anonymous_26)
FNDA:0,(anonymous_27)
FNDA:0,(anonymous_28)
FNDA:0,(anonymous_29)
FNDA:3,createHistorySignal
FNDA:8,(anonymous_31)
FNDA:3,(anonymous_32)
FNDA:5,(anonymous_33)
FNDA:5,(anonymous_34)
FNDA:0,(anonymous_35)
FNDA:0,(anonymous_36)
FNDA:3,createTimeTravelSignal
FNDA:5,(anonymous_38)
FNDA:11,(anonymous_39)
FNDA:12,(anonymous_40)
FNDA:5,(anonymous_41)
FNDA:4,(anonymous_42)
FNDA:3,(anonymous_43)
FNDA:3,(anonymous_44)
FNDA:5,createSignalFamily
FNDA:14,(anonymous_46)
FNDA:4,(anonymous_47)
FNDA:5,(anonymous_48)
FNDA:1,(anonymous_49)
FNDA:2,(anonymous_50)
FNDA:1,(anonymous_51)
DA:1,5
DA:13,5
DA:36,5
DA:43,1
DA:45,1
DA:48,2
DA:49,1
DA:50,1
DA:53,1
DA:54,1
DA:57,1
DA:59,1
DA:60,2
DA:61,2
DA:64,4
DA:67,2
DA:70,2
DA:73,1
DA:74,1
DA:77,1
DA:78,1
DA:79,1
DA:86,3
DA:89,1
DA:90,1
DA:92,0
DA:93,0
DA:97,1
DA:98,0
DA:99,0
DA:100,0
DA:104,1
DA:108,0
DA:109,0
DA:110,0
DA:113,0
DA:116,0
DA:119,0
DA:120,0
DA:121,0
DA:127,0
DA:129,0
DA:130,0
DA:131,0
DA:133,0
DA:134,0
DA:137,0
DA:141,0
DA:142,0
DA:145,0
DA:146,0
DA:147,0
DA:148,0
DA:152,0
DA:172,5
DA:177,2
DA:180,2
DA:181,2
DA:186,2
DA:187,5
DA:188,2
DA:193,7
DA:196,2
DA:197,2
DA:199,2
DA:209,5
DA:214,2
DA:217,2
DA:220,2
DA:222,4
DA:223,2
DA:227,4
DA:228,2
DA:229,2
DA:234,6
DA:237,2
DA:238,2
DA:240,2
DA:259,5
DA:264,0
DA:267,0
DA:270,0
DA:273,0
DA:274,0
DA:277,0
DA:278,0
DA:279,0
DA:281,0
DA:284,0
DA:286,0
DA:289,0
DA:294,0
DA:295,0
DA:296,0
DA:300,0
DA:301,0
DA:304,0
DA:305,0
DA:310,0
DA:311,0
DA:312,0
DA:316,0
DA:317,0
DA:319,0
DA:321,0
DA:322,0
DA:323,0
DA:326,0
DA:329,0
DA:330,0
DA:331,0
DA:332,0
DA:333,0
DA:334,0
DA:335,0
DA:337,0
DA:345,0
DA:348,0
DA:349,0
DA:351,0
DA:371,5
DA:376,3
DA:377,3
DA:380,3
DA:381,8
DA:382,8
DA:385,8
DA:386,2
DA:389,8
DA:393,3
DA:394,3
DA:395,3
DA:399,5
DA:402,3
DA:403,5
DA:404,5
DA:406,2
DA:408,3
DA:412,3
DA:413,0
DA:414,0
DA:417,3
DA:418,0
DA:421,3
DA:444,5
DA:448,3
DA:449,3
DA:450,3
DA:453,3
DA:454,5
DA:455,5
DA:458,5
DA:463,5
DA:464,5
DA:468,3
DA:471,3
DA:472,11
DA:476,12
DA:479,3
DA:480,5
DA:481,5
DA:482,4
DA:487,3
DA:488,4
DA:489,4
DA:490,4
DA:491,2
DA:496,3
DA:497,3
DA:500,3
DA:501,3
DA:503,3
DA:530,5
DA:534,5
DA:537,5
DA:538,14
DA:540,10
DA:545,10
DA:546,10
DA:547,10
DA:550,4
DA:554,5
DA:555,4
DA:557,2
DA:560,4
DA:564,5
DA:565,5
DA:569,5
DA:570,1
DA:574,5
DA:575,2
DA:579,5
DA:580,1
DA:583,5
LF:194
LH:123
BRDA:13,0,0,5
BRDA:13,0,1,5
BRDA:13,0,2,5
BRDA:13,0,3,0
BRDA:39,1,0,1
BRDA:42,2,0,1
BRDA:43,3,0,1
BRDA:44,4,0,1
BRDA:57,5,0,1
BRDA:57,5,1,0
BRDA:61,6,0,0
BRDA:70,7,0,1
BRDA:70,7,1,1
BRDA:77,8,0,1
BRDA:97,9,0,0
BRDA:110,10,0,0
BRDA:119,11,0,0
BRDA:129,12,0,0
BRDA:133,13,0,0
BRDA:145,14,0,0
BRDA:175,15,0,1
BRDA:177,16,0,1
BRDA:182,17,0,2
BRDA:182,17,1,0
BRDA:182,18,0,2
BRDA:182,18,1,1
BRDA:187,19,0,2
BRDA:222,20,0,2
BRDA:262,21,0,0
BRDA:264,22,0,0
BRDA:273,23,0,0
BRDA:273,23,1,0
BRDA:277,24,0,0
BRDA:284,25,0,0
BRDA:300,26,0,0
BRDA:300,26,1,0
BRDA:304,27,0,0
BRDA:319,28,0,0
BRDA:319,28,1,0
BRDA:329,29,0,0
BRDA:329,30,0,0
BRDA:329,30,1,0
BRDA:332,31,0,0
BRDA:373,32,0,1
BRDA:385,33,0,2
BRDA:404,34,0,2
BRDA:458,35,0,1
BRDA:458,35,1,4
BRDA:481,36,0,4
BRDA:490,37,0,2
BRDA:538,38,0,10
BRDA:540,39,0,2
BRDA:540,39,1,8
BRDA:555,40,0,2
BRF:54
BRH:29
end_of_record
TN:
SF:src\effect.ts
FN:30,trackEffect
FN:39,triggerEffects
FN:46,(anonymous_2)
FN:61,createEffect
FN:72,(anonymous_4)
FN:92,(anonymous_5)
FN:100,(anonymous_6)
FN:111,(anonymous_7)
FN:120,(anonymous_8)
FN:138,runSync
FN:145,queueEffect
FN:152,untrack
FN:165,getActiveEffect
FNF:13
FNH:8
FNDA:753,trackEffect
FNDA:0,triggerEffects
FNDA:0,(anonymous_2)
FNDA:20,createEffect
FNDA:47,(anonymous_4)
FNDA:47,(anonymous_5)
FNDA:1,(anonymous_6)
FNDA:0,(anonymous_7)
FNDA:6,(anonymous_8)
FNDA:47,runSync
FNDA:0,queueEffect
FNDA:12,untrack
FNDA:0,getActiveEffect
DA:1,11
DA:24,11
DA:25,11
DA:30,11
DA:31,753
DA:32,22
DA:39,11
DA:45,0
DA:46,0
DA:52,11
DA:61,11
DA:66,20
DA:72,20
DA:74,47
DA:75,1
DA:76,1
DA:79,47
DA:80,47
DA:82,47
DA:83,47
DA:84,47
DA:86,47
DA:87,47
DA:92,20
DA:93,47
DA:94,47
DA:98,20
DA:100,1
DA:101,1
DA:104,1
DA:105,1
DA:106,1
DA:109,19
DA:111,0
DA:112,0
DA:117,20
DA:120,20
DA:121,6
DA:122,0
DA:125,0
DA:126,0
DA:127,0
DA:128,0
DA:139,47
DA:146,0
DA:152,11
DA:153,12
DA:154,12
DA:155,12
DA:156,12
DA:158,12
DA:165,11
DA:166,0
LF:53
LH:42
BRDA:31,0,0,22
BRDA:31,1,0,753
BRDA:31,1,1,56
BRDA:52,2,0,11
BRDA:52,2,1,11
BRDA:52,2,2,11
BRDA:52,2,3,0
BRDA:63,3,0,13
BRDA:66,4,0,20
BRDA:66,5,0,20
BRDA:66,5,1,0
BRDA:74,6,0,1
BRDA:87,7,0,47
BRDA:87,7,1,45
BRDA:98,8,0,1
BRDA:98,8,1,19
BRDA:98,9,0,20
BRDA:98,9,1,20
BRDA:104,10,0,0
BRDA:104,10,1,1
BRDA:104,11,0,1
BRDA:104,11,1,0
BRDA:105,12,0,1
BRDA:109,13,0,0
BRDA:121,14,0,0
BRDA:125,15,0,0
BRDA:126,16,0,0
BRDA:126,16,1,0
BRDA:126,17,0,0
BRDA:126,17,1,0
BRDA:127,18,0,0
BRF:31
BRH:19
end_of_record
TN:
SF:src\index.ts
FN:36,(anonymous_4)
FN:39,(anonymous_5)
FN:40,(anonymous_6)
FN:41,(anonymous_7)
FN:42,(anonymous_8)
FN:43,(anonymous_9)
FN:44,(anonymous_10)
FN:45,(anonymous_11)
FN:46,(anonymous_12)
FN:47,(anonymous_13)
FN:48,(anonymous_14)
FN:49,(anonymous_15)
FNF:12
FNH:0
FNDA:0,(anonymous_4)
FNDA:0,(anonymous_5)
FNDA:0,(anonymous_6)
FNDA:0,(anonymous_7)
FNDA:0,(anonymous_8)
FNDA:0,(anonymous_9)
FNDA:0,(anonymous_10)
FNDA:0,(anonymous_11)
FNDA:0,(anonymous_12)
FNDA:0,(anonymous_13)
FNDA:0,(anonymous_14)
FNDA:0,(anonymous_15)
DA:6,4
DA:7,4
DA:8,4
DA:12,4
DA:15,4
DA:16,4
DA:17,4
DA:18,4
DA:25,4
DA:26,4
DA:27,4
DA:28,4
DA:29,4
DA:30,4
DA:31,4
DA:35,4
DA:36,4
DA:39,4
DA:40,4
DA:41,4
DA:42,4
DA:43,4
DA:44,4
DA:45,4
DA:46,4
DA:47,4
DA:48,4
DA:49,4
DA:60,4
DA:61,4
DA:62,4
DA:67,4
DA:68,4
DA:69,4
DA:72,4
LF:35
LH:35
BRF:0
BRH:0
end_of_record
TN:
SF:src\linkedSignal.ts
FN:312,(anonymous_0)
FN:19,createLinkedSignal
FN:36,(anonymous_2)
FN:53,(anonymous_3)
FN:54,(anonymous_4)
FN:66,createTwoWayLinkedSignal
FN:74,(anonymous_6)
FN:79,(anonymous_7)
FN:93,createComputePair
FN:100,(anonymous_9)
FN:108,createComputedSignal
FN:113,(anonymous_11)
FN:122,(anonymous_12)
FN:128,(anonymous_13)
FN:131,(anonymous_14)
FN:131,(anonymous_15)
FN:135,(anonymous_16)
FN:147,linkSignals
FN:152,(anonymous_18)
FN:159,(anonymous_19)
FN:160,(anonymous_20)
FN:161,(anonymous_21)
FN:179,createSignalChain
FN:198,(anonymous_23)
FN:220,(anonymous_24)
FN:241,createWritableSignal
FN:247,(anonymous_26)
FN:249,(anonymous_27)
FN:270,createWrappedSignal
FN:277,(anonymous_29)
FN:277,(anonymous_30)
FN:280,(anonymous_31)
FN:294,(anonymous_32)
FN:296,(anonymous_33)
FN:297,(anonymous_34)
FN:304,(anonymous_35)
FN:305,(anonymous_36)
FNF:37
FNH:9
FNDA:0,(anonymous_0)
FNDA:0,createLinkedSignal
FNDA:0,(anonymous_2)
FNDA:0,(anonymous_3)
FNDA:0,(anonymous_4)
FNDA:0,createTwoWayLinkedSignal
FNDA:0,(anonymous_6)
FNDA:0,(anonymous_7)
FNDA:0,createComputePair
FNDA:0,(anonymous_9)
FNDA:0,createComputedSignal
FNDA:0,(anonymous_11)
FNDA:0,(anonymous_12)
FNDA:0,(anonymous_13)
FNDA:0,(anonymous_14)
FNDA:0,(anonymous_15)
FNDA:0,(anonymous_16)
FNDA:1,linkSignals
FNDA:3,(anonymous_18)
FNDA:3,(anonymous_19)
FNDA:2,(anonymous_20)
FNDA:6,(anonymous_21)
FNDA:1,createSignalChain
FNDA:0,(anonymous_23)
FNDA:0,(anonymous_24)
FNDA:1,createWritableSignal
FNDA:1,(anonymous_26)
FNDA:1,(anonymous_27)
FNDA:0,createWrappedSignal
FNDA:0,(anonymous_29)
FNDA:0,(anonymous_30)
FNDA:0,(anonymous_31)
FNDA:0,(anonymous_32)
FNDA:0,(anonymous_33)
FNDA:0,(anonymous_34)
FNDA:0,(anonymous_35)
FNDA:0,(anonymous_36)
DA:1,4
DA:2,4
DA:19,4
DA:24,0
DA:27,0
DA:36,0
DA:38,0
DA:39,0
DA:40,0
DA:44,0
DA:48,0
DA:49,0
DA:52,0
DA:53,0
DA:54,0
DA:57,0
DA:66,4
DA:70,0
DA:71,0
DA:74,0
DA:75,0
DA:79,0
DA:80,0
DA:83,0
DA:93,4
DA:97,0
DA:100,0
DA:102,0
DA:110,0
DA:113,0
DA:114,0
DA:115,0
DA:116,0
DA:118,0
DA:122,0
DA:123,0
DA:124,0
DA:128,0
DA:131,0
DA:134,0
DA:135,0
DA:138,0
DA:147,4
DA:152,3
DA:153,1
DA:156,1
DA:159,1
DA:160,3
DA:161,6
DA:162,2
DA:166,1
DA:172,4
DA:179,4
DA:184,1
DA:185,0
DA:186,0
DA:190,1
DA:193,1
DA:195,1
DA:198,1
DA:200,0
DA:201,0
DA:205,1
DA:209,0
DA:212,0
DA:213,0
DA:217,0
DA:220,0
DA:221,0
DA:224,0
DA:225,0
DA:229,0
DA:232,0
DA:241,4
DA:244,1
DA:247,1
DA:249,1
DA:250,1
DA:254,1
DA:256,1
DA:259,1
DA:270,4
DA:277,0
DA:280,0
DA:282,0
DA:283,0
DA:284,0
DA:288,0
DA:289,0
DA:290,0
DA:294,0
DA:296,0
DA:297,0
DA:298,0
DA:303,0
DA:304,0
DA:305,0
DA:308,0
DA:312,4
LF:99
LH:32
BRDA:21,0,0,0
BRDA:24,1,0,0
BRDA:38,2,0,0
BRDA:114,3,0,0
BRDA:172,4,0,4
BRDA:172,4,1,4
BRDA:172,4,2,4
BRDA:172,4,3,0
BRDA:184,5,0,0
BRDA:193,6,0,1
BRDA:193,7,0,1
BRDA:193,7,1,1
BRDA:193,7,2,1
BRDA:193,7,3,1
BRDA:200,8,0,0
BRDA:272,9,0,0
BRDA:277,10,0,0
BRDA:277,11,0,0
BRDA:282,12,0,0
BRF:19
BRH:8
end_of_record
TN:
SF:src\provideInject.ts
FN:24,createInjectionKey
FN:33,provide
FN:44,inject
FN:81,createScope
FN:95,valueToSignal
FN:99,(anonymous_5)
FN:108,injectSignal
FNF:7
FNH:6
FNDA:1,createInjectionKey
FNDA:7,provide
FNDA:8,inject
FNDA:7,createScope
FNDA:1,valueToSignal
FNDA:0,(anonymous_5)
FNDA:1,injectSignal
DA:2,4
DA:12,4
DA:17,4
DA:24,4
DA:25,1
DA:33,4
DA:34,7
DA:35,7
DA:44,4
DA:46,8
DA:47,7
DA:48,7
DA:49,6
DA:51,6
DA:52,1
DA:54,5
DA:59,2
DA:60,0
DA:62,0
DA:63,0
DA:65,0
DA:69,2
DA:70,1
DA:73,1
DA:81,4
DA:82,7
DA:83,7
DA:85,7
DA:86,7
DA:88,7
DA:96,1
DA:97,1
DA:99,0
DA:108,4
DA:113,1
DA:114,1
DA:115,1
DA:116,1
DA:117,1
DA:122,0
DA:123,0
DA:124,0
DA:128,0
DA:129,0
DA:132,0
LF:45
LH:34
BRDA:34,0,0,7
BRDA:34,0,1,0
BRDA:48,1,0,6
BRDA:51,2,0,1
BRDA:51,3,0,6
BRDA:51,3,1,1
BRDA:59,4,0,0
BRDA:62,5,0,0
BRDA:62,6,0,0
BRDA:62,6,1,0
BRDA:69,7,0,1
BRDA:96,8,0,1
BRDA:96,9,0,1
BRDA:96,9,1,1
BRDA:96,9,2,1
BRDA:115,10,0,1
BRDA:122,11,0,0
BRDA:128,12,0,0
BRF:18
BRH:11
end_of_record
TN:
SF:src\reactive.ts
FN:30,createReactive
FN:50,isReactive
FN:57,toRaw
FN:65,handleArrayMethodsForTests
FN:79,(anonymous_4)
FN:85,(anonymous_5)
FN:106,createReactiveObject
FN:110,(anonymous_7)
FN:123,(anonymous_8)
FN:152,(anonymous_9)
FN:164,(anonymous_10)
FN:175,(anonymous_11)
FN:183,(anonymous_12)
FN:198,(anonymous_13)
FN:202,(anonymous_14)
FN:215,reactive
FN:232,ref
FN:243,(anonymous_17)
FN:244,(anonymous_18)
FN:263,isRef
FN:270,unref
FNF:21
FNH:21
FNDA:17,createReactive
FNDA:23,isReactive
FNDA:14,toRaw
FNDA:9,handleArrayMethodsForTests
FNDA:28,(anonymous_4)
FNDA:2,(anonymous_5)
FNDA:10,createReactiveObject
FNDA:119,(anonymous_7)
FNDA:9,(anonymous_8)
FNDA:6,(anonymous_9)
FNDA:3,(anonymous_10)
FNDA:1,(anonymous_11)
FNDA:1,(anonymous_12)
FNDA:1,(anonymous_13)
FNDA:14,(anonymous_14)
FNDA:11,reactive
FNDA:3,ref
FNDA:6,(anonymous_17)
FNDA:1,(anonymous_18)
FNDA:6,isRef
FNDA:2,unref
DA:1,1
DA:2,1
DA:7,1
DA:12,1
DA:17,1
DA:22,1
DA:30,1
DA:32,17
DA:33,1
DA:37,16
DA:38,6
DA:42,10
DA:43,10
DA:44,10
DA:50,1
DA:51,23
DA:57,1
DA:58,14
DA:59,14
DA:67,9
DA:69,9
DA:71,9
DA:73,9
DA:74,28
DA:75,28
DA:76,7
DA:78,28
DA:79,28
DA:83,9
DA:84,2
DA:85,2
DA:89,9
DA:92,2
DA:93,2
DA:95,2
DA:96,0
DA:107,10
DA:109,10
DA:112,119
DA:113,1
DA:115,118
DA:116,5
DA:119,113
DA:122,113
DA:123,9
DA:124,9
DA:127,9
DA:129,9
DA:134,104
DA:135,6
DA:139,98
DA:140,7
DA:144,91
DA:145,7
DA:148,91
DA:149,91
DA:154,6
DA:157,6
DA:160,6
DA:162,6
DA:163,3
DA:164,3
DA:167,3
DA:171,6
DA:173,1
DA:174,1
DA:175,1
DA:180,6
DA:184,1
DA:185,1
DA:188,1
DA:190,1
DA:191,0
DA:195,1
DA:199,1
DA:203,14
DA:207,10
DA:215,1
DA:216,11
DA:232,1
DA:234,3
DA:235,0
DA:239,3
DA:242,3
DA:243,6
DA:245,1
DA:252,3
DA:257,3
DA:263,1
DA:264,6
DA:270,1
DA:271,2
LF:92
LH:89
BRDA:22,0,0,1
BRDA:22,0,1,1
BRDA:22,0,2,1
BRDA:22,0,3,0
BRDA:32,1,0,1
BRDA:37,2,0,6
BRDA:51,3,0,23
BRDA:51,3,1,23
BRDA:58,4,0,14
BRDA:58,4,1,14
BRDA:59,5,0,1
BRDA:59,5,1,13
BRDA:67,6,0,9
BRDA:67,7,0,9
BRDA:67,7,1,9
BRDA:71,8,0,9
BRDA:75,9,0,7
BRDA:83,10,0,2
BRDA:89,11,0,2
BRDA:89,12,0,9
BRDA:89,12,1,2
BRDA:95,13,0,0
BRDA:112,14,0,1
BRDA:115,15,0,5
BRDA:122,16,0,9
BRDA:122,17,0,113
BRDA:122,17,1,99
BRDA:134,18,0,6
BRDA:134,19,0,104
BRDA:134,19,1,6
BRDA:139,20,0,7
BRDA:139,21,0,98
BRDA:139,21,1,91
BRDA:139,21,2,91
BRDA:144,22,0,7
BRDA:160,23,0,6
BRDA:162,24,0,3
BRDA:162,24,1,3
BRDA:171,25,0,1
BRDA:171,26,0,6
BRDA:171,26,1,1
BRDA:171,26,2,1
BRDA:173,27,0,1
BRDA:188,28,0,1
BRDA:188,29,0,1
BRDA:188,29,1,1
BRDA:190,30,0,0
BRDA:234,31,0,0
BRDA:243,32,0,3
BRDA:243,32,1,3
BRDA:264,33,0,6
BRDA:264,33,1,4
BRDA:271,34,0,1
BRDA:271,34,1,1
BRF:54
BRH:50
end_of_record
TN:
SF:src\reactiveActions.ts
FN:97,createAction
FN:98,(anonymous_1)
FN:112,createActionManager
FN:159,(anonymous_3)
FN:175,(anonymous_4)
FN:180,(anonymous_5)
FN:193,(anonymous_6)
FN:207,(anonymous_7)
FN:229,(anonymous_8)
FN:250,(anonymous_9)
FN:256,(anonymous_10)
FN:272,(anonymous_11)
FN:284,(anonymous_12)
FN:298,(anonymous_13)
FN:318,(anonymous_14)
FN:331,(anonymous_15)
FN:343,(anonymous_16)
FN:344,(anonymous_17)
FN:356,(anonymous_18)
FN:367,(anonymous_19)
FN:379,(anonymous_20)
FN:383,(anonymous_21)
FN:407,loggerMiddleware
FN:408,(anonymous_23)
FN:426,filterMiddleware
FN:429,(anonymous_25)
FN:440,throttleMiddleware
FN:445,(anonymous_27)
FN:459,createReducer
FN:463,(anonymous_29)
FNF:30
FNH:0
FNDA:0,createAction
FNDA:0,(anonymous_1)
FNDA:0,createActionManager
FNDA:0,(anonymous_3)
FNDA:0,(anonymous_4)
FNDA:0,(anonymous_5)
FNDA:0,(anonymous_6)
FNDA:0,(anonymous_7)
FNDA:0,(anonymous_8)
FNDA:0,(anonymous_9)
FNDA:0,(anonymous_10)
FNDA:0,(anonymous_11)
FNDA:0,(anonymous_12)
FNDA:0,(anonymous_13)
FNDA:0,(anonymous_14)
FNDA:0,(anonymous_15)
FNDA:0,(anonymous_16)
FNDA:0,(anonymous_17)
FNDA:0,(anonymous_18)
FNDA:0,(anonymous_19)
FNDA:0,(anonymous_20)
FNDA:0,(anonymous_21)
FNDA:0,loggerMiddleware
FNDA:0,(anonymous_23)
FNDA:0,filterMiddleware
FNDA:0,(anonymous_25)
FNDA:0,throttleMiddleware
FNDA:0,(anonymous_27)
FNDA:0,createReducer
FNDA:0,(anonymous_29)
DA:1,4
DA:2,4
DA:3,4
DA:97,4
DA:98,0
DA:112,4
DA:123,0
DA:126,0
DA:127,0
DA:129,0
DA:130,0
DA:131,0
DA:132,0
DA:133,0
DA:134,0
DA:135,0
DA:138,0
DA:143,0
DA:144,0
DA:152,0
DA:155,0
DA:158,0
DA:159,0
DA:160,0
DA:161,0
DA:163,0
DA:164,0
DA:169,0
DA:175,0
DA:176,0
DA:180,0
DA:181,0
DA:183,0
DA:185,0
DA:186,0
DA:190,0
DA:191,0
DA:193,0
DA:194,0
DA:195,0
DA:196,0
DA:198,0
DA:203,0
DA:207,0
DA:209,0
DA:212,0
DA:216,0
DA:221,0
DA:224,0
DA:225,0
DA:229,0
DA:230,0
DA:232,0
DA:241,0
DA:242,0
DA:243,0
DA:244,0
DA:250,0
DA:252,0
DA:256,0
DA:257,0
DA:259,0
DA:260,0
DA:262,0
DA:263,0
DA:266,0
DA:267,0
DA:268,0
DA:272,0
DA:273,0
DA:274,0
DA:284,0
DA:285,0
DA:287,0
DA:288,0
DA:290,0
DA:291,0
DA:294,0
DA:295,0
DA:298,0
DA:299,0
DA:300,0
DA:309,0
DA:310,0
DA:311,0
DA:312,0
DA:318,0
DA:319,0
DA:321,0
DA:322,0
DA:325,0
DA:326,0
DA:327,0
DA:331,0
DA:332,0
DA:333,0
DA:343,0
DA:344,0
DA:345,0
DA:346,0
DA:356,0
DA:360,0
DA:361,0
DA:364,0
DA:367,0
DA:368,0
DA:369,0
DA:370,0
DA:371,0
DA:372,0
DA:379,0
DA:380,0
DA:383,0
DA:384,0
DA:385,0
DA:386,0
DA:391,0
DA:407,4
DA:408,0
DA:409,0
DA:410,0
DA:411,0
DA:412,0
DA:415,0
DA:418,0
DA:419,0
DA:426,4
DA:429,0
DA:430,0
DA:431,0
DA:440,4
DA:443,0
DA:445,0
DA:446,0
DA:447,0
DA:449,0
DA:450,0
DA:451,0
DA:459,4
DA:463,0
DA:464,0
DA:465,0
DA:467,0
LF:143
LH:9
BRDA:118,0,0,0
BRDA:119,1,0,0
BRDA:120,2,0,0
BRDA:121,3,0,0
BRDA:122,4,0,0
BRDA:122,5,0,0
BRDA:122,5,1,0
BRDA:129,6,0,0
BRDA:129,7,0,0
BRDA:129,7,1,0
BRDA:132,8,0,0
BRDA:134,9,0,0
BRDA:135,10,0,0
BRDA:158,11,0,0
BRDA:158,12,0,0
BRDA:158,12,1,0
BRDA:183,13,0,0
BRDA:194,14,0,0
BRDA:194,14,1,0
BRDA:216,15,0,0
BRDA:216,15,1,0
BRDA:224,16,0,0
BRDA:242,17,0,0
BRDA:257,18,0,0
BRDA:260,19,0,0
BRDA:263,20,0,0
BRDA:285,21,0,0
BRDA:288,22,0,0
BRDA:291,23,0,0
BRDA:310,24,0,0
BRDA:319,25,0,0
BRDA:322,26,0,0
BRDA:322,27,0,0
BRDA:322,27,1,0
BRDA:360,28,0,0
BRDA:369,29,0,0
BRDA:371,30,0,0
BRDA:385,31,0,0
BRDA:430,32,0,0
BRDA:441,33,0,0
BRDA:447,34,0,0
BRDA:447,34,1,0
BRDA:449,35,0,0
BRDA:463,36,0,0
BRDA:464,37,0,0
BRF:45
BRH:0
end_of_record
TN:
SF:src\reactiveCache.ts
FN:117,createCache
FN:150,log
FN:159,initialize
FN:191,saveToStorage
FN:209,updateWatchSignal
FN:219,isFresh
FN:226,isStale
FN:236,removeExpiredEntries
FN:261,enforceMaxEntries
FN:275,(anonymous_9)
FN:278,(anonymous_10)
FN:281,(anonymous_11)
FN:305,trackAccess
FN:313,compute
FN:437,recomputeInBackground
FN:497,getCached
FN:527,has
FN:534,set
FN:568,remove
FN:587,invalidate
FN:600,(anonymous_20)
FN:622,clear
FN:645,getStats
FN:657,watch
FN:674,(anonymous_24)
FN:702,getCache
FN:712,memoize
FN:724,(anonymous_27)
FN:730,(anonymous_28)
FN:735,(anonymous_29)
FNF:30
FNH:0
FNDA:0,createCache
FNDA:0,log
FNDA:0,initialize
FNDA:0,saveToStorage
FNDA:0,updateWatchSignal
FNDA:0,isFresh
FNDA:0,isStale
FNDA:0,removeExpiredEntries
FNDA:0,enforceMaxEntries
FNDA:0,(anonymous_9)
FNDA:0,(anonymous_10)
FNDA:0,(anonymous_11)
FNDA:0,trackAccess
FNDA:0,compute
FNDA:0,recomputeInBackground
FNDA:0,getCached
FNDA:0,has
FNDA:0,set
FNDA:0,remove
FNDA:0,invalidate
FNDA:0,(anonymous_20)
FNDA:0,clear
FNDA:0,getStats
FNDA:0,watch
FNDA:0,(anonymous_24)
FNDA:0,getCache
FNDA:0,memoize
FNDA:0,(anonymous_27)
FNDA:0,(anonymous_28)
FNDA:0,(anonymous_29)
DA:1,4
DA:117,4
DA:128,0
DA:131,0
DA:134,0
DA:135,0
DA:138,0
DA:139,0
DA:142,0
DA:145,0
DA:151,0
DA:152,0
DA:160,0
DA:161,0
DA:162,0
DA:166,0
DA:167,0
DA:168,0
DA:171,0
DA:172,0
DA:175,0
DA:178,0
DA:183,0
DA:184,0
DA:192,0
DA:193,0
DA:194,0
DA:198,0
DA:199,0
DA:201,0
DA:210,0
DA:211,0
DA:212,0
DA:220,0
DA:227,0
DA:229,0
DA:230,0
DA:237,0
DA:238,0
DA:240,0
DA:241,0
DA:242,0
DA:243,0
DA:244,0
DA:245,0
DA:248,0
DA:252,0
DA:253,0
DA:254,0
DA:262,0
DA:264,0
DA:265,0
DA:268,0
DA:273,0
DA:275,0
DA:276,0
DA:278,0
DA:281,0
DA:282,0
DA:287,0
DA:289,0
DA:290,0
DA:291,0
DA:292,0
DA:295,0
DA:298,0
DA:299,0
DA:306,0
DA:307,0
DA:323,0
DA:326,0
DA:328,0
DA:329,0
DA:331,0
DA:333,0
DA:334,0
DA:337,0
DA:342,0
DA:343,0
DA:345,0
DA:346,0
DA:349,0
DA:355,0
DA:357,0
DA:361,0
DA:362,0
DA:365,0
DA:366,0
DA:370,0
DA:371,0
DA:374,0
DA:375,0
DA:384,0
DA:387,0
DA:390,0
DA:393,0
DA:395,0
DA:397,0
DA:399,0
DA:401,0
DA:404,0
DA:411,0
DA:413,0
DA:417,0
DA:418,0
DA:428,0
DA:430,0
DA:442,0
DA:444,0
DA:445,0
DA:448,0
DA:449,0
DA:457,0
DA:460,0
DA:463,0
DA:465,0
DA:467,0
DA:469,0
DA:471,0
DA:478,0
DA:479,0
DA:490,0
DA:498,0
DA:500,0
DA:501,0
DA:503,0
DA:504,0
DA:505,0
DA:509,0
DA:510,0
DA:516,0
DA:520,0
DA:521,0
DA:528,0
DA:539,0
DA:541,0
DA:542,0
DA:551,0
DA:554,0
DA:557,0
DA:560,0
DA:562,0
DA:569,0
DA:570,0
DA:571,0
DA:572,0
DA:575,0
DA:578,0
DA:580,0
DA:588,0
DA:590,0
DA:591,0
DA:594,0
DA:596,0
DA:597,0
DA:600,0
DA:601,0
DA:602,0
DA:603,0
DA:604,0
DA:607,0
DA:611,0
DA:612,0
DA:615,0
DA:623,0
DA:624,0
DA:625,0
DA:626,0
DA:629,0
DA:633,0
DA:634,0
DA:637,0
DA:639,0
DA:646,0
DA:659,0
DA:661,0
DA:662,0
DA:666,0
DA:670,0
DA:673,0
DA:674,0
DA:675,0
DA:676,0
DA:681,0
DA:697,4
DA:702,4
DA:703,0
DA:704,0
DA:706,0
DA:712,4
DA:724,0
DA:728,0
DA:730,0
DA:731,0
DA:733,0
DA:735,0
LF:196
LH:5
BRDA:117,0,0,0
BRDA:119,1,0,0
BRDA:120,2,0,0
BRDA:121,3,0,0
BRDA:122,4,0,0
BRDA:123,5,0,0
BRDA:124,6,0,0
BRDA:125,7,0,0
BRDA:126,8,0,0
BRDA:127,9,0,0
BRDA:151,10,0,0
BRDA:160,11,0,0
BRDA:160,12,0,0
BRDA:160,12,1,0
BRDA:162,13,0,0
BRDA:162,13,1,0
BRDA:167,14,0,0
BRDA:183,15,0,0
BRDA:192,16,0,0
BRDA:192,17,0,0
BRDA:192,17,1,0
BRDA:194,18,0,0
BRDA:194,18,1,0
BRDA:210,19,0,0
BRDA:230,20,0,0
BRDA:230,20,1,0
BRDA:241,21,0,0
BRDA:252,22,0,0
BRDA:261,23,0,0
BRDA:264,24,0,0
BRDA:273,25,0,0
BRDA:273,25,1,0
BRDA:275,26,0,0
BRDA:275,26,1,0
BRDA:275,27,0,0
BRDA:275,27,1,0
BRDA:276,28,0,0
BRDA:276,28,1,0
BRDA:278,29,0,0
BRDA:278,29,1,0
BRDA:278,30,0,0
BRDA:278,30,1,0
BRDA:282,31,0,0
BRDA:282,31,1,0
BRDA:282,32,0,0
BRDA:282,32,1,0
BRDA:306,33,0,0
BRDA:306,33,1,0
BRDA:316,34,0,0
BRDA:319,35,0,0
BRDA:320,36,0,0
BRDA:321,37,0,0
BRDA:322,38,0,0
BRDA:328,39,0,0
BRDA:328,39,1,0
BRDA:331,40,0,0
BRDA:331,40,1,0
BRDA:343,41,0,0
BRDA:343,42,0,0
BRDA:343,42,1,0
BRDA:399,43,0,0
BRDA:399,44,0,0
BRDA:399,44,1,0
BRDA:440,45,0,0
BRDA:442,46,0,0
BRDA:442,47,0,0
BRDA:442,48,0,0
BRDA:469,49,0,0
BRDA:469,49,1,0
BRDA:469,50,0,0
BRDA:469,50,1,0
BRDA:500,51,0,0
BRDA:503,52,0,0
BRDA:503,53,0,0
BRDA:503,53,1,0
BRDA:509,54,0,0
BRDA:509,55,0,0
BRDA:509,55,1,0
BRDA:537,56,0,0
BRDA:539,57,0,0
BRDA:539,58,0,0
BRDA:569,59,0,0
BRDA:588,60,0,0
BRDA:588,60,1,0
BRDA:590,61,0,0
BRDA:600,62,0,0
BRDA:611,63,0,0
BRDA:659,64,0,0
BRDA:673,65,0,0
BRDA:675,66,0,0
BRDA:703,67,0,0
BRDA:714,68,0,0
BRDA:723,69,0,0
BRDA:724,70,0,0
BRF:94
BRH:0
end_of_record
TN:
SF:src\reactiveContext.ts
FN:13,createContextKey
FN:41,getCurrentContext
FN:56,createReactiveContext
FN:71,(anonymous_3)
FN:81,(anonymous_4)
FN:87,(anonymous_5)
FN:95,(anonymous_6)
FN:103,(anonymous_7)
FN:113,(anonymous_8)
FN:124,(anonymous_9)
FN:143,createReactiveScope
FN:147,(anonymous_11)
FN:176,createStore
FN:189,(anonymous_13)
FN:197,(anonymous_14)
FN:223,(anonymous_15)
FN:225,(anonymous_16)
FN:231,(anonymous_17)
FN:232,(anonymous_18)
FN:242,(anonymous_19)
FN:250,(anonymous_20)
FN:255,(anonymous_21)
FNF:22
FNH:0
FNDA:0,createContextKey
FNDA:0,getCurrentContext
FNDA:0,createReactiveContext
FNDA:0,(anonymous_3)
FNDA:0,(anonymous_4)
FNDA:0,(anonymous_5)
FNDA:0,(anonymous_6)
FNDA:0,(anonymous_7)
FNDA:0,(anonymous_8)
FNDA:0,(anonymous_9)
FNDA:0,createReactiveScope
FNDA:0,(anonymous_11)
FNDA:0,createStore
FNDA:0,(anonymous_13)
FNDA:0,(anonymous_14)
FNDA:0,(anonymous_15)
FNDA:0,(anonymous_16)
FNDA:0,(anonymous_17)
FNDA:0,(anonymous_18)
FNDA:0,(anonymous_19)
FNDA:0,(anonymous_20)
FNDA:0,(anonymous_21)
DA:1,4
DA:2,4
DA:3,4
DA:13,4
DA:14,0
DA:36,4
DA:42,0
DA:43,0
DA:44,0
DA:46,0
DA:56,4
DA:61,0
DA:62,0
DA:66,0
DA:71,0
DA:72,0
DA:73,0
DA:74,0
DA:75,0
DA:76,0
DA:81,0
DA:82,0
DA:83,0
DA:85,0
DA:87,0
DA:89,0
DA:90,0
DA:95,0
DA:97,0
DA:100,0
DA:103,0
DA:104,0
DA:105,0
DA:106,0
DA:109,0
DA:113,0
DA:118,0
DA:121,0
DA:124,0
DA:125,0
DA:126,0
DA:127,0
DA:128,0
DA:131,0
DA:134,0
DA:143,4
DA:146,0
DA:147,0
DA:148,0
DA:176,4
DA:180,0
DA:182,0
DA:183,0
DA:184,0
DA:189,0
DA:190,0
DA:191,0
DA:193,0
DA:197,0
DA:201,0
DA:202,0
DA:205,0
DA:207,0
DA:208,0
DA:209,0
DA:211,0
DA:216,0
DA:219,0
DA:220,0
DA:221,0
DA:223,0
DA:224,0
DA:225,0
DA:231,0
DA:232,0
DA:233,0
DA:234,0
DA:235,0
DA:242,0
DA:246,0
DA:247,0
DA:250,0
DA:251,0
DA:252,0
DA:255,0
DA:256,0
DA:257,0
DA:258,0
DA:264,0
DA:267,0
LF:90
LH:8
BRDA:43,0,0,0
BRDA:43,1,0,0
BRDA:43,1,1,0
BRDA:61,2,0,0
BRDA:62,3,0,0
BRDA:62,3,1,0
BRDA:67,4,0,0
BRDA:67,4,1,0
BRDA:73,5,0,0
BRDA:73,5,1,0
BRDA:75,6,0,0
BRDA:82,7,0,0
BRDA:82,7,1,0
BRDA:89,8,0,0
BRDA:89,8,1,0
BRDA:148,9,0,0
BRDA:183,10,0,0
BRDA:190,11,0,0
BRDA:201,12,0,0
BRDA:207,13,0,0
BRDA:207,13,1,0
BRDA:220,14,0,0
BRDA:234,15,0,0
BRDA:257,16,0,0
BRF:24
BRH:0
end_of_record
TN:
SF:src\reactiveForms.ts
FN:109,createFormField
FN:145,(anonymous_1)
FN:182,(anonymous_2)
FN:183,(anonymous_3)
FN:202,(anonymous_4)
FN:203,(anonymous_5)
FN:211,(anonymous_6)
FN:212,(anonymous_7)
FN:224,(anonymous_8)
FN:225,(anonymous_9)
FN:232,(anonymous_10)
FN:235,(anonymous_11)
FN:244,(anonymous_12)
FN:253,(anonymous_13)
FN:258,(anonymous_14)
FN:261,(anonymous_15)
FN:273,(anonymous_16)
FN:285,(anonymous_17)
FN:290,(anonymous_18)
FN:293,(anonymous_19)
FN:294,(anonymous_20)
FN:298,(anonymous_21)
FN:303,(anonymous_22)
FN:408,createForm
FN:426,(anonymous_24)
FN:444,(anonymous_25)
FN:481,(anonymous_26)
FN:497,(anonymous_27)
FN:501,(anonymous_28)
FN:524,(anonymous_29)
FN:528,(anonymous_30)
FN:547,(anonymous_31)
FN:559,(anonymous_32)
FN:566,(anonymous_33)
FN:578,(anonymous_34)
FN:596,(anonymous_35)
FN:605,(anonymous_36)
FN:613,(anonymous_37)
FN:624,(anonymous_38)
FN:631,(anonymous_39)
FN:631,(anonymous_40)
FN:638,(anonymous_41)
FN:659,(anonymous_42)
FN:670,(anonymous_43)
FN:676,(anonymous_44)
FN:683,(anonymous_45)
FN:699,(anonymous_46)
FN:709,(anonymous_47)
FN:715,(anonymous_48)
FN:727,(anonymous_49)
FN:754,required
FN:755,(anonymous_51)
FN:775,minLength
FN:776,(anonymous_53)
FN:791,maxLength
FN:792,(anonymous_55)
FN:806,email
FN:807,(anonymous_57)
FN:826,pattern
FN:827,(anonymous_59)
FN:846,range
FN:847,(anonymous_61)
FN:864,composeValidators
FN:865,(anonymous_63)
FNF:64
FNH:0
FNDA:0,createFormField
FNDA:0,(anonymous_1)
FNDA:0,(anonymous_2)
FNDA:0,(anonymous_3)
FNDA:0,(anonymous_4)
FNDA:0,(anonymous_5)
FNDA:0,(anonymous_6)
FNDA:0,(anonymous_7)
FNDA:0,(anonymous_8)
FNDA:0,(anonymous_9)
FNDA:0,(anonymous_10)
FNDA:0,(anonymous_11)
FNDA:0,(anonymous_12)
FNDA:0,(anonymous_13)
FNDA:0,(anonymous_14)
FNDA:0,(anonymous_15)
FNDA:0,(anonymous_16)
FNDA:0,(anonymous_17)
FNDA:0,(anonymous_18)
FNDA:0,(anonymous_19)
FNDA:0,(anonymous_20)
FNDA:0,(anonymous_21)
FNDA:0,(anonymous_22)
FNDA:0,createForm
FNDA:0,(anonymous_24)
FNDA:0,(anonymous_25)
FNDA:0,(anonymous_26)
FNDA:0,(anonymous_27)
FNDA:0,(anonymous_28)
FNDA:0,(anonymous_29)
FNDA:0,(anonymous_30)
FNDA:0,(anonymous_31)
FNDA:0,(anonymous_32)
FNDA:0,(anonymous_33)
FNDA:0,(anonymous_34)
FNDA:0,(anonymous_35)
FNDA:0,(anonymous_36)
FNDA:0,(anonymous_37)
FNDA:0,(anonymous_38)
FNDA:0,(anonymous_39)
FNDA:0,(anonymous_40)
FNDA:0,(anonymous_41)
FNDA:0,(anonymous_42)
FNDA:0,(anonymous_43)
FNDA:0,(anonymous_44)
FNDA:0,(anonymous_45)
FNDA:0,(anonymous_46)
FNDA:0,(anonymous_47)
FNDA:0,(anonymous_48)
FNDA:0,(anonymous_49)
FNDA:0,required
FNDA:0,(anonymous_51)
FNDA:0,minLength
FNDA:0,(anonymous_53)
FNDA:0,maxLength
FNDA:0,(anonymous_55)
FNDA:0,email
FNDA:0,(anonymous_57)
FNDA:0,pattern
FNDA:0,(anonymous_59)
FNDA:0,range
FNDA:0,(anonymous_61)
FNDA:0,composeValidators
FNDA:0,(anonymous_63)
DA:1,4
DA:2,4
DA:3,4
DA:109,4
DA:117,0
DA:120,0
DA:132,0
DA:135,0
DA:136,0
DA:137,0
DA:138,0
DA:139,0
DA:140,0
DA:141,0
DA:142,0
DA:145,0
DA:146,0
DA:148,0
DA:149,0
DA:152,0
DA:153,0
DA:156,0
DA:157,0
DA:160,0
DA:161,0
DA:164,0
DA:165,0
DA:168,0
DA:169,0
DA:172,0
DA:173,0
DA:176,0
DA:177,0
DA:182,0
DA:183,0
DA:184,0
DA:188,0
DA:196,0
DA:197,0
DA:202,0
DA:203,0
DA:211,0
DA:212,0
DA:218,0
DA:219,0
DA:224,0
DA:225,0
DA:232,0
DA:233,0
DA:235,0
DA:240,0
DA:244,0
DA:249,0
DA:251,0
DA:252,0
DA:253,0
DA:257,0
DA:258,0
DA:261,0
DA:268,0
DA:271,0
DA:273,0
DA:280,0
DA:285,0
DA:286,0
DA:290,0
DA:291,0
DA:293,0
DA:295,0
DA:296,0
DA:298,0
DA:303,0
DA:306,0
DA:307,0
DA:308,0
DA:309,0
DA:310,0
DA:311,0
DA:312,0
DA:313,0
DA:314,0
DA:315,0
DA:316,0
DA:317,0
DA:318,0
DA:320,0
DA:408,4
DA:415,0
DA:418,0
DA:427,0
DA:428,0
DA:433,0
DA:436,0
DA:437,0
DA:438,0
DA:439,0
DA:440,0
DA:441,0
DA:444,0
DA:445,0
DA:447,0
DA:448,0
DA:451,0
DA:452,0
DA:455,0
DA:456,0
DA:459,0
DA:460,0
DA:463,0
DA:464,0
DA:467,0
DA:468,0
DA:472,0
DA:473,0
DA:478,0
DA:481,0
DA:486,0
DA:494,0
DA:497,0
DA:498,0
DA:501,0
DA:517,0
DA:520,0
DA:524,0
DA:525,0
DA:528,0
DA:529,0
DA:530,0
DA:532,0
DA:533,0
DA:535,0
DA:543,0
DA:547,0
DA:548,0
DA:551,0
DA:552,0
DA:553,0
DA:554,0
DA:559,0
DA:566,0
DA:571,0
DA:573,0
DA:575,0
DA:578,0
DA:579,0
DA:583,0
DA:596,0
DA:600,0
DA:605,0
DA:606,0
DA:607,0
DA:613,0
DA:614,0
DA:616,0
DA:617,0
DA:620,0
DA:624,0
DA:625,0
DA:627,0
DA:630,0
DA:631,0
DA:635,0
DA:638,0
DA:641,0
DA:644,0
DA:648,0
DA:651,0
DA:652,0
DA:654,0
DA:659,0
DA:661,0
DA:662,0
DA:666,0
DA:670,0
DA:674,0
DA:676,0
DA:678,0
DA:679,0
DA:683,0
DA:689,0
DA:690,0
DA:691,0
DA:694,0
DA:695,0
DA:699,0
DA:704,0
DA:706,0
DA:709,0
DA:715,0
DA:721,0
DA:727,0
DA:730,0
DA:731,0
DA:732,0
DA:733,0
DA:734,0
DA:735,0
DA:736,0
DA:737,0
DA:738,0
DA:739,0
DA:740,0
DA:741,0
DA:742,0
DA:743,0
DA:745,0
DA:754,4
DA:755,0
DA:756,0
DA:757,0
DA:760,0
DA:761,0
DA:764,0
DA:775,4
DA:776,0
DA:777,0
DA:778,0
DA:780,0
DA:791,4
DA:792,0
DA:793,0
DA:794,0
DA:796,0
DA:806,4
DA:807,0
DA:808,0
DA:810,0
DA:811,0
DA:812,0
DA:815,0
DA:826,4
DA:827,0
DA:828,0
DA:830,0
DA:831,0
DA:834,0
DA:846,4
DA:847,0
DA:848,0
DA:850,0
DA:851,0
DA:854,0
DA:864,4
DA:865,0
DA:866,0
DA:867,0
DA:868,0
DA:869,0
DA:872,0
LF:249
LH:12
BRDA:114,0,0,0
BRDA:115,1,0,0
BRDA:116,2,0,0
BRDA:148,3,0,0
BRDA:152,4,0,0
BRDA:156,5,0,0
BRDA:160,6,0,0
BRDA:164,7,0,0
BRDA:168,8,0,0
BRDA:172,9,0,0
BRDA:176,10,0,0
BRDA:184,11,0,0
BRDA:184,11,1,0
BRDA:196,12,0,0
BRDA:202,13,0,0
BRDA:206,14,0,0
BRDA:206,14,1,0
BRDA:211,15,0,0
BRDA:218,16,0,0
BRDA:218,17,0,0
BRDA:218,17,1,0
BRDA:224,18,0,0
BRDA:233,19,0,0
BRDA:258,20,0,0
BRDA:258,20,1,0
BRDA:271,21,0,0
BRDA:271,21,1,0
BRDA:447,22,0,0
BRDA:451,23,0,0
BRDA:455,24,0,0
BRDA:459,25,0,0
BRDA:463,26,0,0
BRDA:467,27,0,0
BRDA:472,28,0,0
BRDA:488,29,0,0
BRDA:488,29,1,0
BRDA:507,30,0,0
BRDA:507,30,1,0
BRDA:508,31,0,0
BRDA:508,31,1,0
BRDA:509,32,0,0
BRDA:509,32,1,0
BRDA:552,33,0,0
BRDA:573,34,0,0
BRDA:573,34,1,0
BRDA:579,35,0,0
BRDA:579,35,1,0
BRDA:600,36,0,0
BRDA:600,36,1,0
BRDA:616,37,0,0
BRDA:631,38,0,0
BRDA:631,38,1,0
BRDA:644,39,0,0
BRDA:644,40,0,0
BRDA:644,40,1,0
BRDA:672,41,0,0
BRDA:674,42,0,0
BRDA:678,43,0,0
BRDA:678,44,0,0
BRDA:678,44,1,0
BRDA:690,45,0,0
BRDA:694,46,0,0
BRDA:754,47,0,0
BRDA:756,48,0,0
BRDA:756,49,0,0
BRDA:756,49,1,0
BRDA:756,49,2,0
BRDA:760,50,0,0
BRDA:760,51,0,0
BRDA:760,51,1,0
BRDA:777,52,0,0
BRDA:777,53,0,0
BRDA:777,53,1,0
BRDA:778,54,0,0
BRDA:778,54,1,0
BRDA:793,55,0,0
BRDA:793,56,0,0
BRDA:793,56,1,0
BRDA:794,57,0,0
BRDA:794,57,1,0
BRDA:806,58,0,0
BRDA:808,59,0,0
BRDA:811,60,0,0
BRDA:826,61,0,0
BRDA:828,62,0,0
BRDA:830,63,0,0
BRDA:848,64,0,0
BRDA:848,65,0,0
BRDA:848,65,1,0
BRDA:850,66,0,0
BRDA:850,67,0,0
BRDA:850,67,1,0
BRDA:851,68,0,0
BRDA:851,68,1,0
BRDA:868,69,0,0
BRF:95
BRH:0
end_of_record
TN:
SF:src\reactiveHistory.ts
FN:137,createHistory
FN:204,persistHistory
FN:224,notifyChange
FN:244,updateDerivedState
FN:245,(anonymous_4)
FN:254,push
FN:312,setStateWithHistory
FN:334,(anonymous_7)
FN:351,undo
FN:361,(anonymous_9)
FN:384,redo
FN:394,(anonymous_11)
FN:417,clear
FN:418,(anonymous_13)
FN:431,reset
FN:432,(anonymous_15)
FN:450,startGroup
FN:469,endGroup
FN:505,goTo
FN:526,(anonymous_19)
FN:544,onChange
FN:548,(anonymous_21)
FN:556,getHistory
FN:590,createStateHistory
FN:605,(anonymous_24)
FN:613,(anonymous_25)
FNF:26
FNH:0
FNDA:0,createHistory
FNDA:0,persistHistory
FNDA:0,notifyChange
FNDA:0,updateDerivedState
FNDA:0,(anonymous_4)
FNDA:0,push
FNDA:0,setStateWithHistory
FNDA:0,(anonymous_7)
FNDA:0,undo
FNDA:0,(anonymous_9)
FNDA:0,redo
FNDA:0,(anonymous_11)
FNDA:0,clear
FNDA:0,(anonymous_13)
FNDA:0,reset
FNDA:0,(anonymous_15)
FNDA:0,startGroup
FNDA:0,endGroup
FNDA:0,goTo
FNDA:0,(anonymous_19)
FNDA:0,onChange
FNDA:0,(anonymous_21)
FNDA:0,getHistory
FNDA:0,createStateHistory
FNDA:0,(anonymous_24)
FNDA:0,(anonymous_25)
DA:1,4
DA:2,4
DA:137,4
DA:150,0
DA:153,0
DA:156,0
DA:157,0
DA:160,0
DA:166,0
DA:167,0
DA:170,0
DA:171,0
DA:174,0
DA:177,0
DA:178,0
DA:181,0
DA:182,0
DA:183,0
DA:184,0
DA:185,0
DA:187,0
DA:188,0
DA:189,0
DA:190,0
DA:191,0
DA:193,0
DA:197,0
DA:205,0
DA:206,0
DA:207,0
DA:216,0
DA:229,0
DA:236,0
DA:237,0
DA:245,0
DA:246,0
DA:247,0
DA:255,0
DA:256,0
DA:259,0
DA:261,0
DA:263,0
DA:264,0
DA:268,0
DA:275,0
DA:277,0
DA:281,0
DA:282,0
DA:286,0
DA:293,0
DA:294,0
DA:297,0
DA:298,0
DA:302,0
DA:304,0
DA:305,0
DA:306,0
DA:313,0
DA:316,0
DA:317,0
DA:321,0
DA:324,0
DA:325,0
DA:328,0
DA:329,0
DA:330,0
DA:333,0
DA:334,0
DA:335,0
DA:336,0
DA:337,0
DA:339,0
DA:343,0
DA:352,0
DA:354,0
DA:355,0
DA:358,0
DA:359,0
DA:361,0
DA:363,0
DA:366,0
DA:367,0
DA:370,0
DA:372,0
DA:375,0
DA:376,0
DA:378,0
DA:385,0
DA:387,0
DA:388,0
DA:391,0
DA:392,0
DA:394,0
DA:396,0
DA:399,0
DA:400,0
DA:403,0
DA:405,0
DA:408,0
DA:409,0
DA:411,0
DA:418,0
DA:419,0
DA:420,0
DA:421,0
DA:424,0
DA:425,0
DA:432,0
DA:433,0
DA:434,0
DA:438,0
DA:439,0
DA:440,0
DA:443,0
DA:444,0
DA:452,0
DA:453,0
DA:456,0
DA:457,0
DA:463,0
DA:470,0
DA:471,0
DA:474,0
DA:477,0
DA:478,0
DA:479,0
DA:483,0
DA:486,0
DA:487,0
DA:490,0
DA:491,0
DA:494,0
DA:495,0
DA:497,0
DA:499,0
DA:506,0
DA:508,0
DA:509,0
DA:512,0
DA:514,0
DA:518,0
DA:521,0
DA:524,0
DA:526,0
DA:527,0
DA:528,0
DA:529,0
DA:530,0
DA:532,0
DA:535,0
DA:536,0
DA:538,0
DA:545,0
DA:548,0
DA:549,0
DA:557,0
DA:565,0
DA:567,0
DA:590,4
DA:596,0
DA:602,0
DA:605,0
DA:606,0
DA:607,0
DA:608,0
DA:612,0
DA:613,0
DA:614,0
DA:615,0
DA:617,0
DA:620,0
LF:171
LH:4
BRDA:142,0,0,0
BRDA:143,1,0,0
BRDA:144,2,0,0
BRDA:145,3,0,0
BRDA:146,4,0,0
BRDA:147,5,0,0
BRDA:148,6,0,0
BRDA:149,7,0,0
BRDA:181,8,0,0
BRDA:181,9,0,0
BRDA:181,9,1,0
BRDA:184,10,0,0
BRDA:187,11,0,0
BRDA:187,12,0,0
BRDA:187,12,1,0
BRDA:187,12,2,0
BRDA:205,13,0,0
BRDA:205,14,0,0
BRDA:205,14,1,0
BRDA:259,15,0,0
BRDA:259,16,0,0
BRDA:259,16,1,0
BRDA:263,17,0,0
BRDA:263,18,0,0
BRDA:263,18,1,0
BRDA:263,18,2,0
BRDA:281,19,0,0
BRDA:281,20,0,0
BRDA:281,20,1,0
BRDA:297,21,0,0
BRDA:312,22,0,0
BRDA:316,23,0,0
BRDA:316,24,0,0
BRDA:316,24,1,0
BRDA:324,25,0,0
BRDA:324,25,1,0
BRDA:328,26,0,0
BRDA:329,27,0,0
BRDA:329,27,1,0
BRDA:329,28,0,0
BRDA:329,28,1,0
BRDA:333,29,0,0
BRDA:335,30,0,0
BRDA:354,31,0,0
BRDA:387,32,0,0
BRDA:452,33,0,0
BRDA:470,34,0,0
BRDA:470,35,0,0
BRDA:470,35,1,0
BRDA:477,36,0,0
BRDA:490,37,0,0
BRDA:508,38,0,0
BRDA:508,39,0,0
BRDA:508,39,1,0
BRDA:512,40,0,0
BRDA:593,41,0,0
BRDA:613,42,0,0
BRDA:614,43,0,0
BRF:58
BRH:0
end_of_record
TN:
SF:src\reactiveInspector.ts
FN:192,createReactiveInspector
FN:236,updateSnapshot
FN:262,(anonymous_2)
FN:283,(anonymous_3)
FN:300,processValue
FN:339,registerSignal
FN:367,unregisterSignal
FN:376,(anonymous_7)
FN:384,(anonymous_8)
FN:399,reportUpdate
FN:419,(anonymous_10)
FN:462,reportDependency
FN:485,(anonymous_12)
FN:497,removeDependency
FN:506,(anonymous_14)
FN:511,(anonymous_15)
FN:520,reportSubscription
FN:532,reportUnsubscription
FN:544,getSignalMeta
FN:551,reset
FN:569,findProblematicSignals
FN:581,(anonymous_21)
FN:602,(anonymous_22)
FN:608,checkForCycles
FN:618,dfs
FN:626,(anonymous_25)
FN:664,exportData
FN:676,importData
FN:712,visualizeDependencyGraph
FN:755,(anonymous_29)
FN:768,(anonymous_30)
FN:809,getInspector
FN:819,resetInspector
FN:829,enableInspectorHooks
FNF:34
FNH:0
FNDA:0,createReactiveInspector
FNDA:0,updateSnapshot
FNDA:0,(anonymous_2)
FNDA:0,(anonymous_3)
FNDA:0,processValue
FNDA:0,registerSignal
FNDA:0,unregisterSignal
FNDA:0,(anonymous_7)
FNDA:0,(anonymous_8)
FNDA:0,reportUpdate
FNDA:0,(anonymous_10)
FNDA:0,reportDependency
FNDA:0,(anonymous_12)
FNDA:0,removeDependency
FNDA:0,(anonymous_14)
FNDA:0,(anonymous_15)
FNDA:0,reportSubscription
FNDA:0,reportUnsubscription
FNDA:0,getSignalMeta
FNDA:0,reset
FNDA:0,findProblematicSignals
FNDA:0,(anonymous_21)
FNDA:0,(anonymous_22)
FNDA:0,checkForCycles
FNDA:0,dfs
FNDA:0,(anonymous_25)
FNDA:0,exportData
FNDA:0,importData
FNDA:0,visualizeDependencyGraph
FNDA:0,(anonymous_29)
FNDA:0,(anonymous_30)
FNDA:0,getInspector
FNDA:0,resetInspector
FNDA:0,enableInspectorHooks
DA:1,4
DA:2,4
DA:192,4
DA:204,0
DA:207,0
DA:210,0
DA:213,0
DA:216,0
DA:219,0
DA:222,0
DA:231,0
DA:238,0
DA:243,0
DA:244,0
DA:245,0
DA:246,0
DA:255,0
DA:257,0
DA:258,0
DA:260,0
DA:261,0
DA:262,0
DA:264,0
DA:267,0
DA:268,0
DA:270,0
DA:283,0
DA:287,0
DA:301,0
DA:302,0
DA:305,0
DA:307,0
DA:308,0
DA:311,0
DA:313,0
DA:314,0
DA:318,0
DA:322,0
DA:324,0
DA:328,0
DA:333,0
DA:345,0
DA:360,0
DA:361,0
DA:368,0
DA:369,0
DA:373,0
DA:374,0
DA:375,0
DA:376,0
DA:381,0
DA:382,0
DA:383,0
DA:384,0
DA:390,0
DA:391,0
DA:393,0
DA:405,0
DA:406,0
DA:409,0
DA:412,0
DA:413,0
DA:415,0
DA:418,0
DA:419,0
DA:423,0
DA:434,0
DA:435,0
DA:436,0
DA:440,0
DA:444,0
DA:447,0
DA:456,0
DA:463,0
DA:465,0
DA:466,0
DA:470,0
DA:471,0
DA:475,0
DA:476,0
DA:480,0
DA:481,0
DA:483,0
DA:484,0
DA:485,0
DA:486,0
DA:491,0
DA:498,0
DA:500,0
DA:501,0
DA:505,0
DA:506,0
DA:510,0
DA:511,0
DA:514,0
DA:521,0
DA:522,0
DA:525,0
DA:526,0
DA:533,0
DA:534,0
DA:537,0
DA:538,0
DA:545,0
DA:552,0
DA:553,0
DA:556,0
DA:557,0
DA:559,0
DA:560,0
DA:563,0
DA:570,0
DA:571,0
DA:575,0
DA:577,0
DA:579,0
DA:580,0
DA:581,0
DA:583,0
DA:586,0
DA:587,0
DA:589,0
DA:602,0
DA:609,0
DA:610,0
DA:613,0
DA:614,0
DA:615,0
DA:616,0
DA:619,0
DA:621,0
DA:622,0
DA:624,0
DA:626,0
DA:629,0
DA:632,0
DA:633,0
DA:636,0
DA:637,0
DA:638,0
DA:640,0
DA:641,0
DA:642,0
DA:643,0
DA:647,0
DA:648,0
DA:652,0
DA:653,0
DA:654,0
DA:658,0
DA:665,0
DA:677,0
DA:678,0
DA:681,0
DA:684,0
DA:686,0
DA:687,0
DA:690,0
DA:691,0
DA:695,0
DA:696,0
DA:697,0
DA:699,0
DA:702,0
DA:704,0
DA:713,0
DA:714,0
DA:717,0
DA:718,0
DA:719,0
DA:722,0
DA:723,0
DA:724,0
DA:725,0
DA:728,0
DA:731,0
DA:732,0
DA:733,0
DA:737,0
DA:739,0
DA:743,0
DA:745,0
DA:746,0
DA:747,0
DA:748,0
DA:751,0
DA:755,0
DA:756,0
DA:757,0
DA:759,0
DA:765,0
DA:767,0
DA:768,0
DA:776,0
DA:783,0
DA:804,4
DA:809,4
DA:810,0
DA:811,0
DA:813,0
DA:819,4
DA:820,0
DA:821,0
DA:829,4
DA:832,0
LF:205
LH:7
BRDA:193,0,0,0
BRDA:196,1,0,0
BRDA:197,2,0,0
BRDA:198,3,0,0
BRDA:199,4,0,0
BRDA:200,5,0,0
BRDA:201,6,0,0
BRDA:202,7,0,0
BRDA:203,8,0,0
BRDA:243,9,0,0
BRDA:257,10,0,0
BRDA:261,11,0,0
BRDA:261,11,1,0
BRDA:301,12,0,0
BRDA:305,13,0,0
BRDA:307,14,0,0
BRDA:307,15,0,0
BRDA:307,15,1,0
BRDA:311,16,0,0
BRDA:313,17,0,0
BRDA:322,18,0,0
BRDA:324,19,0,0
BRDA:325,20,0,0
BRDA:325,20,1,0
BRDA:368,21,0,0
BRDA:374,22,0,0
BRDA:382,23,0,0
BRDA:405,24,0,0
BRDA:412,25,0,0
BRDA:435,26,0,0
BRDA:463,27,0,0
BRDA:465,28,0,0
BRDA:465,29,0,0
BRDA:465,29,1,0
BRDA:470,30,0,0
BRDA:475,31,0,0
BRDA:481,32,0,0
BRDA:485,33,0,0
BRDA:498,34,0,0
BRDA:500,35,0,0
BRDA:500,36,0,0
BRDA:500,36,1,0
BRDA:521,37,0,0
BRDA:533,38,0,0
BRDA:570,39,0,0
BRDA:580,40,0,0
BRDA:580,40,1,0
BRDA:609,41,0,0
BRDA:619,42,0,0
BRDA:626,43,0,0
BRDA:626,43,1,0
BRDA:632,44,0,0
BRDA:641,45,0,0
BRDA:653,46,0,0
BRDA:684,47,0,0
BRDA:684,47,1,0
BRDA:686,48,0,0
BRDA:686,49,0,0
BRDA:686,49,1,0
BRDA:690,50,0,0
BRDA:690,51,0,0
BRDA:690,51,1,0
BRDA:696,52,0,0
BRDA:713,53,0,0
BRDA:723,54,0,0
BRDA:723,54,1,0
BRDA:743,55,0,0
BRDA:743,56,0,0
BRDA:743,56,1,0
BRDA:747,57,0,0
BRDA:765,58,0,0
BRDA:765,59,0,0
BRDA:765,59,1,0
BRDA:810,60,0,0
BRDA:820,61,0,0
BRF:75
BRH:0
end_of_record
TN:
SF:src\reactiveMediator.ts
FN:98,createMediator
FN:138,(anonymous_1)
FN:155,createChannel
FN:171,(anonymous_3)
FN:191,(anonymous_4)
FN:197,(anonymous_5)
FN:216,(anonymous_6)
FN:238,(anonymous_7)
FN:254,(anonymous_8)
FN:265,(anonymous_9)
FN:275,(anonymous_10)
FN:285,(anonymous_11)
FN:286,(anonymous_12)
FN:294,(anonymous_13)
FN:313,createChannels
FN:320,(anonymous_15)
FN:342,once
FN:347,(anonymous_17)
FN:355,createChannelSignal
FN:365,(anonymous_19)
FN:373,(anonymous_20)
FN:383,request
FN:390,(anonymous_22)
FN:395,(anonymous_23)
FN:403,(anonymous_24)
FN:420,createResponder
FN:428,(anonymous_26)
FNF:27
FNH:0
FNDA:0,createMediator
FNDA:0,(anonymous_1)
FNDA:0,createChannel
FNDA:0,(anonymous_3)
FNDA:0,(anonymous_4)
FNDA:0,(anonymous_5)
FNDA:0,(anonymous_6)
FNDA:0,(anonymous_7)
FNDA:0,(anonymous_8)
FNDA:0,(anonymous_9)
FNDA:0,(anonymous_10)
FNDA:0,(anonymous_11)
FNDA:0,(anonymous_12)
FNDA:0,(anonymous_13)
FNDA:0,createChannels
FNDA:0,(anonymous_15)
FNDA:0,once
FNDA:0,(anonymous_17)
FNDA:0,createChannelSignal
FNDA:0,(anonymous_19)
FNDA:0,(anonymous_20)
FNDA:0,request
FNDA:0,(anonymous_22)
FNDA:0,(anonymous_23)
FNDA:0,(anonymous_24)
FNDA:0,createResponder
FNDA:0,(anonymous_26)
DA:1,4
DA:2,4
DA:3,4
DA:98,4
DA:103,0
DA:106,0
DA:109,0
DA:112,0
DA:113,0
DA:114,0
DA:115,0
DA:116,0
DA:117,0
DA:119,0
DA:120,0
DA:122,0
DA:123,0
DA:128,0
DA:132,0
DA:137,0
DA:138,0
DA:140,0
DA:142,0
DA:143,0
DA:146,0
DA:147,0
DA:149,0
DA:157,0
DA:163,0
DA:166,0
DA:171,0
DA:175,0
DA:176,0
DA:179,0
DA:180,0
DA:181,0
DA:185,0
DA:186,0
DA:191,0
DA:192,0
DA:197,0
DA:199,0
DA:207,0
DA:208,0
DA:209,0
DA:210,0
DA:211,0
DA:212,0
DA:216,0
DA:217,0
DA:218,0
DA:224,0
DA:227,0
DA:228,0
DA:231,0
DA:232,0
DA:238,0
DA:239,0
DA:240,0
DA:243,0
DA:254,0
DA:255,0
DA:256,0
DA:257,0
DA:258,0
DA:261,0
DA:265,0
DA:270,0
DA:271,0
DA:275,0
DA:280,0
DA:281,0
DA:285,0
DA:286,0
DA:287,0
DA:288,0
DA:294,0
DA:295,0
DA:296,0
DA:300,0
DA:313,4
DA:316,0
DA:319,0
DA:321,0
DA:324,0
DA:326,0
DA:330,0
DA:334,0
DA:342,4
DA:346,0
DA:347,0
DA:355,4
DA:360,0
DA:365,0
DA:366,0
DA:367,0
DA:368,0
DA:373,0
DA:374,0
DA:377,0
DA:383,4
DA:390,0
DA:392,0
DA:395,0
DA:396,0
DA:397,0
DA:401,0
DA:404,0
DA:405,0
DA:406,0
DA:407,0
DA:413,0
DA:420,4
DA:426,0
DA:429,0
DA:430,0
DA:431,0
DA:433,0
DA:435,0
LF:119
LH:9
BRDA:98,0,0,0
BRDA:100,1,0,0
BRDA:101,2,0,0
BRDA:112,3,0,0
BRDA:112,4,0,0
BRDA:112,4,1,0
BRDA:115,5,0,0
BRDA:117,6,0,0
BRDA:117,7,0,0
BRDA:117,7,1,0
BRDA:120,8,0,0
BRDA:137,9,0,0
BRDA:137,10,0,0
BRDA:137,10,1,0
BRDA:155,11,0,0
BRDA:167,12,0,0
BRDA:167,12,1,0
BRDA:173,13,0,0
BRDA:179,14,0,0
BRDA:181,15,0,0
BRDA:181,15,1,0
BRDA:197,16,0,0
BRDA:207,17,0,0
BRDA:218,18,0,0
BRDA:218,18,1,0
BRDA:231,19,0,0
BRDA:255,20,0,0
BRDA:268,21,0,0
BRDA:278,22,0,0
BRDA:295,23,0,0
BRDA:324,24,0,0
BRDA:361,25,0,0
BRDA:361,25,1,0
BRDA:367,26,0,0
BRDA:388,27,0,0
BRDA:404,28,0,0
BRF:36
BRH:0
end_of_record
TN:
SF:src\reactiveQuery.ts
FN:104,(anonymous_0)
FN:120,createQuery
FN:145,(anonymous_2)
FN:178,(anonymous_3)
FN:204,(anonymous_4)
FN:206,(anonymous_5)
FN:213,(anonymous_6)
FN:240,(anonymous_7)
FN:270,(anonymous_8)
FN:275,(anonymous_9)
FN:292,(anonymous_10)
FN:306,(anonymous_11)
FN:307,(anonymous_12)
FN:308,(anonymous_13)
FN:309,(anonymous_14)
FN:312,(anonymous_15)
FN:322,(anonymous_16)
FN:328,(anonymous_17)
FN:339,(anonymous_18)
FN:347,(anonymous_19)
FN:379,(anonymous_20)
FN:392,(anonymous_21)
FN:406,executeFetch
FN:429,(anonymous_23)
FN:437,(anonymous_24)
FN:443,(anonymous_25)
FN:480,(anonymous_26)
FN:486,(anonymous_27)
FN:559,createMutation
FN:573,(anonymous_29)
FN:626,(anonymous_30)
FN:698,createInfiniteQuery
FN:745,(anonymous_32)
FN:783,(anonymous_33)
FN:795,(anonymous_34)
FN:811,(anonymous_35)
FN:853,(anonymous_36)
FN:872,(anonymous_37)
FN:881,(anonymous_38)
FN:883,(anonymous_39)
FN:906,(anonymous_40)
FN:911,(anonymous_41)
FN:919,(anonymous_42)
FN:937,(anonymous_43)
FN:952,(anonymous_44)
FN:957,(anonymous_45)
FNF:46
FNH:0
FNDA:0,(anonymous_0)
FNDA:0,createQuery
FNDA:0,(anonymous_2)
FNDA:0,(anonymous_3)
FNDA:0,(anonymous_4)
FNDA:0,(anonymous_5)
FNDA:0,(anonymous_6)
FNDA:0,(anonymous_7)
FNDA:0,(anonymous_8)
FNDA:0,(anonymous_9)
FNDA:0,(anonymous_10)
FNDA:0,(anonymous_11)
FNDA:0,(anonymous_12)
FNDA:0,(anonymous_13)
FNDA:0,(anonymous_14)
FNDA:0,(anonymous_15)
FNDA:0,(anonymous_16)
FNDA:0,(anonymous_17)
FNDA:0,(anonymous_18)
FNDA:0,(anonymous_19)
FNDA:0,(anonymous_20)
FNDA:0,(anonymous_21)
FNDA:0,executeFetch
FNDA:0,(anonymous_23)
FNDA:0,(anonymous_24)
FNDA:0,(anonymous_25)
FNDA:0,(anonymous_26)
FNDA:0,(anonymous_27)
FNDA:0,createMutation
FNDA:0,(anonymous_29)
FNDA:0,(anonymous_30)
FNDA:0,createInfiniteQuery
FNDA:0,(anonymous_32)
FNDA:0,(anonymous_33)
FNDA:0,(anonymous_34)
FNDA:0,(anonymous_35)
FNDA:0,(anonymous_36)
FNDA:0,(anonymous_37)
FNDA:0,(anonymous_38)
FNDA:0,(anonymous_39)
FNDA:0,(anonymous_40)
FNDA:0,(anonymous_41)
FNDA:0,(anonymous_42)
FNDA:0,(anonymous_43)
FNDA:0,(anonymous_44)
FNDA:0,(anonymous_45)
DA:1,4
DA:2,4
DA:96,4
DA:101,4
DA:104,0
DA:120,4
DA:138,0
DA:144,0
DA:145,0
DA:146,0
DA:147,0
DA:148,0
DA:158,0
DA:160,0
DA:171,0
DA:172,0
DA:173,0
DA:174,0
DA:175,0
DA:178,0
DA:179,0
DA:181,0
DA:182,0
DA:185,0
DA:186,0
DA:189,0
DA:190,0
DA:193,0
DA:194,0
DA:199,0
DA:205,0
DA:206,0
DA:213,0
DA:228,0
DA:229,0
DA:238,0
DA:239,0
DA:240,0
DA:241,0
DA:242,0
DA:253,0
DA:256,0
DA:258,0
DA:267,0
DA:270,0
DA:271,0
DA:274,0
DA:275,0
DA:277,0
DA:278,0
DA:281,0
DA:282,0
DA:286,0
DA:292,0
DA:293,0
DA:297,0
DA:300,0
DA:301,0
DA:302,0
DA:306,0
DA:307,0
DA:308,0
DA:309,0
DA:312,0
DA:313,0
DA:322,0
DA:323,0
DA:324,0
DA:325,0
DA:328,0
DA:334,0
DA:339,0
DA:340,0
DA:341,0
DA:342,0
DA:347,0
DA:348,0
DA:349,0
DA:351,0
DA:352,0
DA:356,0
DA:367,0
DA:368,0
DA:379,0
DA:382,0
DA:383,0
DA:384,0
DA:385,0
DA:386,0
DA:387,0
DA:388,0
DA:389,0
DA:392,0
DA:394,0
DA:397,0
DA:400,0
DA:416,0
DA:417,0
DA:420,0
DA:421,0
DA:425,0
DA:426,0
DA:429,0
DA:437,0
DA:438,0
DA:439,0
DA:442,0
DA:443,0
DA:455,0
DA:456,0
DA:460,0
DA:462,0
DA:463,0
DA:466,0
DA:467,0
DA:471,0
DA:473,0
DA:480,0
DA:481,0
DA:485,0
DA:486,0
DA:495,0
DA:496,0
DA:500,0
DA:502,0
DA:503,0
DA:504,0
DA:510,0
DA:511,0
DA:559,4
DA:563,0
DA:565,0
DA:573,0
DA:575,0
DA:583,0
DA:585,0
DA:586,0
DA:590,0
DA:593,0
DA:602,0
DA:603,0
DA:606,0
DA:609,0
DA:618,0
DA:619,0
DA:622,0
DA:626,0
DA:627,0
DA:637,0
DA:638,0
DA:639,0
DA:641,0
DA:698,4
DA:717,0
DA:720,0
DA:734,0
DA:737,0
DA:738,0
DA:739,0
DA:740,0
DA:741,0
DA:742,0
DA:745,0
DA:746,0
DA:748,0
DA:749,0
DA:752,0
DA:753,0
DA:756,0
DA:757,0
DA:760,0
DA:761,0
DA:764,0
DA:765,0
DA:768,0
DA:769,0
DA:774,0
DA:780,0
DA:783,0
DA:784,0
DA:787,0
DA:788,0
DA:792,0
DA:795,0
DA:802,0
DA:804,0
DA:806,0
DA:807,0
DA:811,0
DA:812,0
DA:813,0
DA:816,0
DA:818,0
DA:833,0
DA:834,0
DA:840,0
DA:841,0
DA:844,0
DA:846,0
DA:847,0
DA:850,0
DA:853,0
DA:861,0
DA:862,0
DA:865,0
DA:867,0
DA:872,0
DA:873,0
DA:874,0
DA:877,0
DA:881,0
DA:883,0
DA:896,0
DA:899,0
DA:900,0
DA:902,0
DA:906,0
DA:907,0
DA:908,0
DA:909,0
DA:911,0
DA:919,0
DA:920,0
DA:922,0
DA:923,0
DA:926,0
DA:927,0
DA:932,0
DA:933,0
DA:937,0
DA:940,0
DA:941,0
DA:942,0
DA:943,0
DA:944,0
DA:945,0
DA:946,0
DA:947,0
DA:948,0
DA:949,0
DA:952,0
DA:954,0
DA:957,0
DA:958,0
DA:959,0
DA:960,0
DA:965,0
LF:247
LH:7
BRDA:123,0,0,0
BRDA:144,1,0,0
BRDA:144,2,0,0
BRDA:144,2,1,0
BRDA:147,3,0,0
BRDA:147,4,0,0
BRDA:147,4,1,0
BRDA:158,5,0,0
BRDA:166,6,0,0
BRDA:166,6,1,0
BRDA:181,7,0,0
BRDA:185,8,0,0
BRDA:189,9,0,0
BRDA:193,10,0,0
BRDA:205,11,0,0
BRDA:205,11,1,0
BRDA:228,12,0,0
BRDA:238,13,0,0
BRDA:238,14,0,0
BRDA:238,14,1,0
BRDA:241,15,0,0
BRDA:256,16,0,0
BRDA:256,17,0,0
BRDA:256,17,1,0
BRDA:256,17,2,0
BRDA:256,17,3,0
BRDA:274,18,0,0
BRDA:274,19,0,0
BRDA:274,19,1,0
BRDA:277,20,0,0
BRDA:281,21,0,0
BRDA:300,22,0,0
BRDA:324,23,0,0
BRDA:324,24,0,0
BRDA:324,24,1,0
BRDA:341,25,0,0
BRDA:349,26,0,0
BRDA:351,27,0,0
BRDA:362,28,0,0
BRDA:362,28,1,0
BRDA:367,29,0,0
BRDA:417,30,0,0
BRDA:420,31,0,0
BRDA:437,32,0,0
BRDA:442,33,0,0
BRDA:455,34,0,0
BRDA:455,35,0,0
BRDA:455,35,1,0
BRDA:462,36,0,0
BRDA:467,37,0,0
BRDA:467,37,1,0
BRDA:469,38,0,0
BRDA:469,38,1,0
BRDA:471,39,0,0
BRDA:473,40,0,0
BRDA:473,40,1,0
BRDA:475,41,0,0
BRDA:475,41,1,0
BRDA:485,42,0,0
BRDA:495,43,0,0
BRDA:502,44,0,0
BRDA:561,45,0,0
BRDA:585,46,0,0
BRDA:602,47,0,0
BRDA:618,48,0,0
BRDA:707,49,0,0
BRDA:709,50,0,0
BRDA:710,51,0,0
BRDA:711,52,0,0
BRDA:712,53,0,0
BRDA:713,54,0,0
BRDA:714,55,0,0
BRDA:715,56,0,0
BRDA:721,57,0,0
BRDA:721,57,1,0
BRDA:722,58,0,0
BRDA:722,58,1,0
BRDA:727,59,0,0
BRDA:727,59,1,0
BRDA:730,60,0,0
BRDA:730,60,1,0
BRDA:748,61,0,0
BRDA:752,62,0,0
BRDA:756,63,0,0
BRDA:760,64,0,0
BRDA:764,65,0,0
BRDA:768,66,0,0
BRDA:784,67,0,0
BRDA:787,68,0,0
BRDA:806,69,0,0
BRDA:806,70,0,0
BRDA:806,70,1,0
BRDA:840,71,0,0
BRDA:840,72,0,0
BRDA:840,72,1,0
BRDA:846,73,0,0
BRDA:846,74,0,0
BRDA:846,74,1,0
BRDA:861,75,0,0
BRDA:873,76,0,0
BRDA:907,77,0,0
BRDA:926,78,0,0
BRDA:932,79,0,0
BRDA:959,80,0,0
BRF:104
BRH:0
end_of_record
TN:
SF:src\reactiveRouter.ts
FN:177,extractParams
FN:211,parseQuery
FN:249,stringifyQuery
FN:274,parseUrl
FN:320,createUrl
FN:341,buildUrl
FN:364,createRouter
FN:373,(anonymous_7)
FN:394,findRouteById
FN:395,(anonymous_9)
FN:401,findRouteByPath
FN:426,(anonymous_11)
FN:437,parseCurrentUrl
FN:482,initFromCurrentUrl
FN:490,(anonymous_14)
FN:499,runGuards
FN:527,navigate
FN:593,(anonymous_17)
FN:654,navigateTo
FN:681,isActive
FN:694,isRouteActive
FN:721,getRouteUrl
FN:745,addRoute
FN:752,removeRoute
FN:754,(anonymous_24)
FN:770,beforeEachFn
FN:774,(anonymous_26)
FN:785,afterEachFn
FN:791,(anonymous_28)
FN:802,refresh
FN:817,(anonymous_30)
FN:818,(anonymous_31)
FN:819,(anonymous_32)
FN:820,(anonymous_33)
FN:828,(anonymous_34)
FN:874,createRouterLink
FN:875,(anonymous_36)
FN:888,createAuthGuard
FN:892,(anonymous_38)
FN:915,createRoleGuard
FN:919,(anonymous_40)
FN:929,(anonymous_41)
FN:946,isRouteMatch
FN:961,getRouter
FNF:44
FNH:38
FNDA:139,extractParams
FNDA:52,parseQuery
FNDA:29,stringifyQuery
FNDA:56,parseUrl
FNDA:29,createUrl
FNDA:9,buildUrl
FNDA:28,createRouter
FNDA:0,(anonymous_7)
FNDA:12,findRouteById
FNDA:35,(anonymous_9)
FNDA:86,findRouteByPath
FNDA:7,(anonymous_11)
FNDA:56,parseCurrentUrl
FNDA:28,initFromCurrentUrl
FNDA:4,(anonymous_14)
FNDA:23,runGuards
FNDA:23,navigate
FNDA:23,(anonymous_17)
FNDA:5,navigateTo
FNDA:3,isActive
FNDA:3,isRouteActive
FNDA:4,getRouteUrl
FNDA:1,addRoute
FNDA:2,removeRoute
FNDA:2,(anonymous_24)
FNDA:2,beforeEachFn
FNDA:0,(anonymous_26)
FNDA:1,afterEachFn
FNDA:0,(anonymous_28)
FNDA:1,refresh
FNDA:0,(anonymous_30)
FNDA:1,(anonymous_31)
FNDA:1,(anonymous_32)
FNDA:1,(anonymous_33)
FNDA:0,(anonymous_34)
FNDA:1,createRouterLink
FNDA:1,(anonymous_36)
FNDA:1,createAuthGuard
FNDA:2,(anonymous_38)
FNDA:1,createRoleGuard
FNDA:2,(anonymous_40)
FNDA:2,(anonymous_41)
FNDA:8,isRouteMatch
FNDA:0,getRouter
DA:1,5
DA:179,139
DA:183,139
DA:184,139
DA:186,139
DA:187,56
DA:191,83
DA:192,83
DA:195,83
DA:196,13
DA:200,83
DA:201,83
DA:202,13
DA:205,83
DA:212,52
DA:213,52
DA:216,0
DA:217,0
DA:219,0
DA:220,0
DA:221,0
DA:223,0
DA:224,0
DA:226,0
DA:228,0
DA:229,0
DA:230,0
DA:231,0
DA:234,0
DA:235,0
DA:239,0
DA:243,0
DA:250,29
DA:251,24
DA:254,5
DA:256,5
DA:257,7
DA:258,0
DA:259,7
DA:260,0
DA:261,0
DA:264,7
DA:268,5
DA:279,56
DA:281,4
DA:282,4
DA:283,4
DA:286,0
DA:287,0
DA:288,0
DA:293,52
DA:294,52
DA:296,52
DA:297,52
DA:298,52
DA:300,52
DA:301,0
DA:302,0
DA:305,52
DA:306,0
DA:307,0
DA:310,52
DA:326,29
DA:327,29
DA:329,29
DA:331,29
DA:332,2
DA:335,27
DA:349,9
DA:351,9
DA:352,11
DA:356,9
DA:358,9
DA:364,5
DA:373,0
DA:374,28
DA:377,28
DA:378,28
DA:381,28
DA:383,28
DA:386,28
DA:389,28
DA:395,35
DA:402,86
DA:403,86
DA:406,86
DA:407,180
DA:408,99
DA:409,99
DA:410,53
DA:416,33
DA:417,49
DA:418,40
DA:419,40
DA:420,30
DA:426,7
DA:427,3
DA:428,1
DA:431,2
DA:438,56
DA:442,56
DA:445,56
DA:446,0
DA:450,56
DA:451,0
DA:454,56
DA:457,56
DA:459,56
DA:460,54
DA:470,2
DA:483,28
DA:484,28
DA:490,28
DA:491,4
DA:492,4
DA:493,4
DA:504,23
DA:505,5
DA:506,5
DA:508,5
DA:509,2
DA:512,3
DA:513,1
DA:516,0
DA:517,0
DA:521,20
DA:539,23
DA:542,23
DA:543,0
DA:547,23
DA:550,23
DA:553,23
DA:554,0
DA:558,23
DA:559,0
DA:563,23
DA:565,23
DA:567,0
DA:568,0
DA:573,23
DA:574,23
DA:577,23
DA:580,23
DA:584,23
DA:593,23
DA:595,23
DA:597,23
DA:598,2
DA:601,21
DA:602,1
DA:603,1
DA:607,20
DA:614,20
DA:615,2
DA:617,18
DA:621,20
DA:624,20
DA:625,20
DA:633,20
DA:634,1
DA:635,1
DA:637,0
DA:641,20
DA:644,23
DA:645,23
DA:647,23
DA:659,5
DA:661,5
DA:662,0
DA:663,0
DA:667,5
DA:675,5
DA:682,3
DA:684,3
DA:685,2
DA:688,1
DA:695,3
DA:696,3
DA:698,3
DA:699,0
DA:703,3
DA:705,3
DA:706,0
DA:709,3
DA:710,2
DA:715,1
DA:726,4
DA:728,4
DA:729,0
DA:730,0
DA:733,4
DA:746,1
DA:753,2
DA:754,2
DA:756,2
DA:757,1
DA:760,1
DA:761,1
DA:762,1
DA:764,1
DA:771,2
DA:774,2
DA:775,0
DA:776,0
DA:777,0
DA:788,1
DA:791,1
DA:792,0
DA:793,0
DA:794,0
DA:803,1
DA:804,1
DA:813,28
DA:817,0
DA:818,1
DA:819,1
DA:820,1
DA:824,28
DA:825,28
DA:828,28
DA:829,0
DA:832,0
DA:834,0
DA:835,0
DA:836,0
DA:838,0
DA:843,0
DA:848,28
DA:866,28
DA:868,28
DA:874,5
DA:875,1
DA:879,1
DA:883,5
DA:888,5
DA:892,1
DA:895,2
DA:896,2
DA:897,4
DA:899,2
DA:900,2
DA:901,1
DA:903,1
DA:908,1
DA:915,5
DA:919,1
DA:921,2
DA:922,2
DA:923,4
DA:925,2
DA:926,2
DA:929,2
DA:931,2
DA:932,1
DA:934,1
DA:939,1
DA:948,8
DA:952,8
DA:961,5
DA:962,0
DA:963,0
DA:965,0
LF:262
LH:202
BRDA:186,0,0,56
BRDA:212,1,0,52
BRDA:221,2,0,0
BRDA:224,3,0,0
BRDA:224,3,1,0
BRDA:226,4,0,0
BRDA:226,4,1,0
BRDA:229,5,0,0
BRDA:229,5,1,0
BRDA:230,6,0,0
BRDA:234,7,0,0
BRDA:250,8,0,24
BRDA:250,9,0,29
BRDA:250,9,1,29
BRDA:257,10,0,0
BRDA:257,10,1,7
BRDA:257,11,0,7
BRDA:257,11,1,7
BRDA:259,12,0,0
BRDA:259,12,1,7
BRDA:274,13,0,0
BRDA:279,14,0,4
BRDA:282,15,0,4
BRDA:287,16,0,0
BRDA:300,17,0,0
BRDA:305,18,0,0
BRDA:322,19,0,0
BRDA:323,20,0,0
BRDA:324,21,0,0
BRDA:327,22,0,2
BRDA:327,22,1,27
BRDA:329,23,0,5
BRDA:329,23,1,24
BRDA:331,24,0,2
BRDA:343,25,0,0
BRDA:344,26,0,0
BRDA:345,27,0,0
BRDA:346,28,0,0
BRDA:364,29,0,0
BRDA:367,30,0,28
BRDA:368,31,0,0
BRDA:369,32,0,26
BRDA:371,33,0,28
BRDA:372,34,0,28
BRDA:373,35,0,28
BRDA:381,36,0,28
BRDA:381,36,1,28
BRDA:383,37,0,28
BRDA:383,37,1,28
BRDA:402,38,0,86
BRDA:402,38,1,0
BRDA:407,39,0,99
BRDA:409,40,0,53
BRDA:417,41,0,40
BRDA:419,42,0,30
BRDA:427,43,0,1
BRDA:445,44,0,0
BRDA:445,45,0,56
BRDA:445,45,1,0
BRDA:450,46,0,0
BRDA:459,47,0,54
BRDA:465,48,0,54
BRDA:465,48,1,0
BRDA:475,49,0,2
BRDA:475,49,1,0
BRDA:493,50,0,4
BRDA:493,50,1,0
BRDA:508,51,0,2
BRDA:512,52,0,1
BRDA:529,53,0,11
BRDA:532,54,0,21
BRDA:533,55,0,22
BRDA:534,56,0,19
BRDA:535,57,0,21
BRDA:536,58,0,22
BRDA:537,59,0,23
BRDA:538,60,0,23
BRDA:542,61,0,0
BRDA:553,62,0,0
BRDA:558,63,0,0
BRDA:558,64,0,23
BRDA:558,64,1,0
BRDA:565,65,0,0
BRDA:565,66,0,23
BRDA:565,66,1,0
BRDA:567,67,0,0
BRDA:567,68,0,0
BRDA:567,68,1,0
BRDA:574,69,0,1
BRDA:574,69,1,22
BRDA:577,70,0,0
BRDA:577,70,1,23
BRDA:580,71,0,0
BRDA:580,71,1,23
BRDA:586,72,0,23
BRDA:586,72,1,0
BRDA:597,73,0,2
BRDA:601,74,0,1
BRDA:614,75,0,2
BRDA:614,75,1,18
BRDA:624,76,0,20
BRDA:624,77,0,20
BRDA:624,77,1,20
BRDA:656,78,0,0
BRDA:657,79,0,5
BRDA:661,80,0,0
BRDA:670,81,0,5
BRDA:670,81,1,5
BRDA:671,82,0,5
BRDA:671,82,1,5
BRDA:681,83,0,0
BRDA:684,84,0,2
BRDA:694,85,0,0
BRDA:698,86,0,0
BRDA:705,87,0,0
BRDA:709,88,0,2
BRDA:715,89,0,1
BRDA:715,89,1,1
BRDA:723,90,0,0
BRDA:724,91,0,2
BRDA:728,92,0,0
BRDA:736,93,0,4
BRDA:736,93,1,2
BRDA:737,94,0,4
BRDA:737,94,1,3
BRDA:756,95,0,1
BRDA:776,96,0,0
BRDA:793,97,0,0
BRDA:817,98,0,0
BRDA:824,99,0,28
BRDA:877,100,0,0
BRDA:878,101,0,0
BRDA:895,102,0,2
BRDA:895,102,1,0
BRDA:897,103,0,2
BRDA:897,104,0,4
BRDA:897,104,1,2
BRDA:900,105,0,1
BRDA:921,106,0,2
BRDA:921,106,1,0
BRDA:923,107,0,2
BRDA:923,108,0,4
BRDA:923,108,1,2
BRDA:923,108,2,2
BRDA:926,109,0,2
BRDA:926,109,1,0
BRDA:931,110,0,1
BRDA:961,111,0,0
BRDA:962,112,0,0
BRF:149
BRH:88
end_of_record
TN:
SF:src\reactiveStorage.ts
FN:24,(anonymous_0)
FN:25,(anonymous_1)
FN:26,(anonymous_2)
FN:27,(anonymous_3)
FN:36,(anonymous_4)
FN:37,(anonymous_5)
FN:38,(anonymous_6)
FN:39,(anonymous_7)
FN:45,createMemoryStorageAdapter
FN:49,(anonymous_9)
FN:50,(anonymous_10)
FN:51,(anonymous_11)
FN:52,(anonymous_12)
FN:98,createReactiveStorage
FN:128,(anonymous_14)
FN:140,(anonymous_15)
FN:153,(anonymous_16)
FN:158,(anonymous_17)
FN:164,(anonymous_18)
FN:189,(anonymous_19)
FN:201,createLocalStorage
FN:220,createSessionStorage
FN:240,createExpiringStorage
FN:248,(anonymous_23)
FN:256,(anonymous_24)
FN:282,createSchemaValidator
FN:290,(anonymous_26)
FN:326,(anonymous_27)
FN:340,(anonymous_28)
FNF:29
FNH:0
FNDA:0,(anonymous_0)
FNDA:0,(anonymous_1)
FNDA:0,(anonymous_2)
FNDA:0,(anonymous_3)
FNDA:0,(anonymous_4)
FNDA:0,(anonymous_5)
FNDA:0,(anonymous_6)
FNDA:0,(anonymous_7)
FNDA:0,createMemoryStorageAdapter
FNDA:0,(anonymous_9)
FNDA:0,(anonymous_10)
FNDA:0,(anonymous_11)
FNDA:0,(anonymous_12)
FNDA:0,createReactiveStorage
FNDA:0,(anonymous_14)
FNDA:0,(anonymous_15)
FNDA:0,(anonymous_16)
FNDA:0,(anonymous_17)
FNDA:0,(anonymous_18)
FNDA:0,(anonymous_19)
FNDA:0,createLocalStorage
FNDA:0,createSessionStorage
FNDA:0,createExpiringStorage
FNDA:0,(anonymous_23)
FNDA:0,(anonymous_24)
FNDA:0,createSchemaValidator
FNDA:0,(anonymous_26)
FNDA:0,(anonymous_27)
FNDA:0,(anonymous_28)
DA:1,4
DA:2,4
DA:21,4
DA:24,0
DA:33,4
DA:36,0
DA:45,4
DA:46,0
DA:48,0
DA:49,0
DA:50,0
DA:51,0
DA:52,0
DA:98,4
DA:108,0
DA:111,0
DA:114,0
DA:115,0
DA:116,0
DA:117,0
DA:118,0
DA:121,0
DA:125,0
DA:128,0
DA:129,0
DA:131,0
DA:132,0
DA:134,0
DA:139,0
DA:140,0
DA:141,0
DA:142,0
DA:143,0
DA:144,0
DA:146,0
DA:153,0
DA:154,0
DA:158,0
DA:159,0
DA:160,0
DA:164,0
DA:165,0
DA:168,0
DA:171,0
DA:174,0
DA:177,0
DA:178,0
DA:180,0
DA:184,0
DA:189,0
DA:201,4
DA:205,0
DA:220,4
DA:224,0
DA:240,4
DA:245,0
DA:248,0
DA:249,0
DA:256,0
DA:257,0
DA:260,0
DA:262,0
DA:263,0
DA:264,0
DA:267,0
DA:270,0
DA:282,4
DA:290,0
DA:291,0
DA:294,0
DA:295,0
DA:296,0
DA:300,0
DA:301,0
DA:302,0
DA:307,0
DA:308,0
DA:309,0
DA:310,0
DA:316,0
DA:317,0
DA:318,0
DA:322,0
DA:326,0
DA:327,0
DA:328,0
DA:329,0
DA:330,0
DA:332,0
DA:336,0
DA:340,0
DA:341,0
DA:343,0
DA:344,0
DA:345,0
DA:346,0
DA:348,0
DA:350,0
DA:354,0
DA:357,0
LF:100
LH:10
BRDA:21,0,0,0
BRDA:21,0,1,4
BRDA:33,1,0,0
BRDA:33,1,1,4
BRDA:49,2,0,0
BRDA:49,2,1,0
BRDA:104,3,0,0
BRDA:105,4,0,0
BRDA:106,5,0,0
BRDA:107,6,0,0
BRDA:117,7,0,0
BRDA:139,8,0,0
BRDA:139,9,0,0
BRDA:139,9,1,0
BRDA:139,9,2,0
BRDA:141,10,0,0
BRDA:141,11,0,0
BRDA:141,11,1,0
BRDA:165,12,0,0
BRDA:260,13,0,0
BRDA:290,14,0,0
BRDA:291,15,0,0
BRDA:291,16,0,0
BRDA:291,16,1,0
BRDA:294,17,0,0
BRDA:295,18,0,0
BRDA:295,18,1,0
BRDA:296,19,0,0
BRDA:300,20,0,0
BRDA:300,21,0,0
BRDA:300,21,1,0
BRDA:302,22,0,0
BRDA:307,23,0,0
BRDA:307,24,0,0
BRDA:307,24,1,0
BRDA:309,25,0,0
BRDA:310,26,0,0
BRDA:316,27,0,0
BRDA:316,28,0,0
BRDA:316,28,1,0
BRDA:318,29,0,0
BRDA:327,30,0,0
BRDA:329,31,0,0
BRDA:329,31,1,0
BRDA:343,32,0,0
BRDA:345,33,0,0
BRDA:345,33,1,0
BRF:47
BRH:2
end_of_record
TN:
SF:src\reactiveSubscription.ts
FN:115,generateId
FN:122,createSubscriptionManager
FN:131,add
FN:160,remove
FN:193,pause
FN:218,resume
FN:244,pauseAll
FN:274,resumeAll
FN:300,cleanup
FN:320,createGroup
FN:336,addToGroup
FN:353,removeFromGroup
FN:373,pauseGroup
FN:407,resumeGroup
FN:438,getSubscription
FN:445,getGroup
FN:452,getSubscriptions
FN:459,getGroups
FN:492,getSubscriptionManager
FN:516,createAutoEffect
FN:535,(anonymous_20)
FN:577,(anonymous_21)
FN:590,fromDOMEvent
FN:598,(anonymous_23)
FN:606,fromInterval
FN:611,(anonymous_25)
FN:617,fromTimeout
FN:622,(anonymous_27)
FN:628,fromObservable
FN:634,(anonymous_29)
FN:644,untilSignalFalse
FN:651,(anonymous_31)
FN:668,(anonymous_32)
FN:681,autoExpire
FN:692,(anonymous_34)
FN:700,(anonymous_35)
FNF:36
FNH:0
FNDA:0,generateId
FNDA:0,createSubscriptionManager
FNDA:0,add
FNDA:0,remove
FNDA:0,pause
FNDA:0,resume
FNDA:0,pauseAll
FNDA:0,resumeAll
FNDA:0,cleanup
FNDA:0,createGroup
FNDA:0,addToGroup
FNDA:0,removeFromGroup
FNDA:0,pauseGroup
FNDA:0,resumeGroup
FNDA:0,getSubscription
FNDA:0,getGroup
FNDA:0,getSubscriptions
FNDA:0,getGroups
FNDA:0,getSubscriptionManager
FNDA:0,createAutoEffect
FNDA:0,(anonymous_20)
FNDA:0,(anonymous_21)
FNDA:0,fromDOMEvent
FNDA:0,(anonymous_23)
FNDA:0,fromInterval
FNDA:0,(anonymous_25)
FNDA:0,fromTimeout
FNDA:0,(anonymous_27)
FNDA:0,fromObservable
FNDA:0,(anonymous_29)
FNDA:0,untilSignalFalse
FNDA:0,(anonymous_31)
FNDA:0,(anonymous_32)
FNDA:0,autoExpire
FNDA:0,(anonymous_34)
FNDA:0,(anonymous_35)
DA:1,4
DA:2,4
DA:116,0
DA:122,4
DA:124,0
DA:125,0
DA:126,0
DA:135,0
DA:138,0
DA:147,0
DA:150,0
DA:151,0
DA:154,0
DA:161,0
DA:162,0
DA:166,0
DA:169,0
DA:170,0
DA:171,0
DA:173,0
DA:178,0
DA:179,0
DA:180,0
DA:185,0
DA:187,0
DA:194,0
DA:195,0
DA:198,0
DA:200,0
DA:201,0
DA:202,0
DA:204,0
DA:208,0
DA:209,0
DA:212,0
DA:219,0
DA:220,0
DA:223,0
DA:225,0
DA:229,0
DA:234,0
DA:235,0
DA:238,0
DA:245,0
DA:246,0
DA:250,0
DA:253,0
DA:254,0
DA:255,0
DA:256,0
DA:258,0
DA:261,0
DA:266,0
DA:267,0
DA:275,0
DA:276,0
DA:280,0
DA:283,0
DA:284,0
DA:288,0
DA:289,0
DA:292,0
DA:302,0
DA:303,0
DA:304,0
DA:305,0
DA:307,0
DA:313,0
DA:314,0
DA:321,0
DA:329,0
DA:330,0
DA:337,0
DA:338,0
DA:341,0
DA:342,0
DA:345,0
DA:347,0
DA:354,0
DA:355,0
DA:358,0
DA:360,0
DA:361,0
DA:365,0
DA:367,0
DA:374,0
DA:375,0
DA:378,0
DA:380,0
DA:381,0
DA:385,0
DA:386,0
DA:387,0
DA:388,0
DA:390,0
DA:393,0
DA:394,0
DA:399,0
DA:401,0
DA:408,0
DA:409,0
DA:412,0
DA:414,0
DA:415,0
DA:419,0
DA:424,0
DA:427,0
DA:428,0
DA:429,0
DA:432,0
DA:439,0
DA:446,0
DA:453,0
DA:460,0
DA:463,0
DA:487,4
DA:492,4
DA:493,0
DA:494,0
DA:496,0
DA:516,4
DA:525,0
DA:528,0
DA:532,0
DA:535,0
DA:537,0
DA:538,0
DA:539,0
DA:541,0
DA:542,0
DA:548,0
DA:549,0
DA:552,0
DA:554,0
DA:555,0
DA:559,0
DA:562,0
DA:563,0
DA:569,0
DA:572,0
DA:573,0
DA:577,0
DA:578,0
DA:580,0
DA:581,0
DA:582,0
DA:590,4
DA:596,0
DA:598,0
DA:599,0
DA:606,4
DA:610,0
DA:611,0
DA:617,4
DA:621,0
DA:622,0
DA:628,4
DA:632,0
DA:634,0
DA:635,0
DA:636,0
DA:644,4
DA:648,0
DA:651,0
DA:652,0
DA:655,0
DA:656,0
DA:657,0
DA:658,0
DA:662,0
DA:663,0
DA:668,0
DA:669,0
DA:671,0
DA:672,0
DA:673,0
DA:681,4
DA:685,0
DA:689,0
DA:692,0
DA:693,0
DA:694,0
DA:695,0
DA:700,0
DA:701,0
DA:703,0
DA:704,0
DA:705,0
LF:188
LH:12
BRDA:115,0,0,0
BRDA:133,1,0,0
BRDA:135,2,0,0
BRDA:150,3,0,0
BRDA:150,4,0,0
BRDA:150,4,1,0
BRDA:161,5,0,0
BRDA:169,6,0,0
BRDA:179,7,0,0
BRDA:194,8,0,0
BRDA:200,9,0,0
BRDA:219,10,0,0
BRDA:225,11,0,0
BRDA:225,12,0,0
BRDA:225,12,1,0
BRDA:245,13,0,0
BRDA:254,14,0,0
BRDA:275,15,0,0
BRDA:303,16,0,0
BRDA:320,17,0,0
BRDA:337,18,0,0
BRDA:337,19,0,0
BRDA:337,19,1,0
BRDA:354,20,0,0
BRDA:360,21,0,0
BRDA:374,22,0,0
BRDA:380,23,0,0
BRDA:386,24,0,0
BRDA:408,25,0,0
BRDA:414,26,0,0
BRDA:493,27,0,0
BRDA:518,28,0,0
BRDA:521,29,0,0
BRDA:524,30,0,0
BRDA:537,31,0,0
BRDA:541,32,0,0
BRDA:552,33,0,0
BRDA:554,34,0,0
BRDA:562,35,0,0
BRDA:572,36,0,0
BRDA:580,37,0,0
BRDA:635,38,0,0
BRDA:635,39,0,0
BRDA:635,39,1,0
BRDA:655,40,0,0
BRDA:655,41,0,0
BRDA:655,41,1,0
BRDA:662,42,0,0
BRDA:662,43,0,0
BRDA:662,43,1,0
BRDA:671,44,0,0
BRDA:693,45,0,0
BRDA:703,46,0,0
BRF:53
BRH:0
end_of_record
TN:
SF:src\reactiveValidation.ts
FN:90,createValidation
FN:124,(anonymous_1)
FN:148,(anonymous_2)
FN:153,runValidation
FN:173,(anonymous_4)
FN:211,scheduleValidation
FN:218,(anonymous_6)
FN:227,updateValue
FN:239,(anonymous_8)
FN:253,reset
FN:261,(anonymous_10)
FN:278,touch
FN:292,untouch
FN:299,addValidator
FN:308,(anonymous_14)
FN:321,clearValidators
FN:329,setContext
FN:341,(anonymous_17)
FN:365,required
FN:366,(anonymous_19)
FN:384,minLength
FN:385,(anonymous_21)
FN:402,maxLength
FN:403,(anonymous_23)
FN:420,pattern
FN:421,(anonymous_25)
FN:445,min
FN:446,(anonymous_27)
FN:462,max
FN:463,(anonymous_29)
FN:479,createValidator
FN:483,(anonymous_31)
FN:492,matches
FN:496,(anonymous_33)
FN:505,asyncValidator
FN:509,(anonymous_35)
FN:551,createFormValidation
FN:557,(anonymous_37)
FN:559,(anonymous_38)
FN:564,(anonymous_39)
FN:566,(anonymous_40)
FN:571,(anonymous_41)
FN:573,(anonymous_42)
FN:578,(anonymous_43)
FN:591,validate
FN:593,(anonymous_45)
FN:596,(anonymous_46)
FN:602,reset
FN:603,(anonymous_48)
FN:613,touchAll
FN:614,(anonymous_50)
FN:624,setValues
FN:625,(anonymous_52)
FN:637,getFieldErrors
FNF:54
FNH:1
FNDA:0,createValidation
FNDA:0,(anonymous_1)
FNDA:0,(anonymous_2)
FNDA:0,runValidation
FNDA:0,(anonymous_4)
FNDA:0,scheduleValidation
FNDA:0,(anonymous_6)
FNDA:0,updateValue
FNDA:0,(anonymous_8)
FNDA:0,reset
FNDA:0,(anonymous_10)
FNDA:0,touch
FNDA:0,untouch
FNDA:0,addValidator
FNDA:0,(anonymous_14)
FNDA:0,clearValidators
FNDA:0,setContext
FNDA:0,(anonymous_17)
FNDA:0,required
FNDA:0,(anonymous_19)
FNDA:0,minLength
FNDA:0,(anonymous_21)
FNDA:0,maxLength
FNDA:0,(anonymous_23)
FNDA:4,pattern
FNDA:0,(anonymous_25)
FNDA:0,min
FNDA:0,(anonymous_27)
FNDA:0,max
FNDA:0,(anonymous_29)
FNDA:0,createValidator
FNDA:0,(anonymous_31)
FNDA:0,matches
FNDA:0,(anonymous_33)
FNDA:0,asyncValidator
FNDA:0,(anonymous_35)
FNDA:0,createFormValidation
FNDA:0,(anonymous_37)
FNDA:0,(anonymous_38)
FNDA:0,(anonymous_39)
FNDA:0,(anonymous_40)
FNDA:0,(anonymous_41)
FNDA:0,(anonymous_42)
FNDA:0,(anonymous_43)
FNDA:0,validate
FNDA:0,(anonymous_45)
FNDA:0,(anonymous_46)
FNDA:0,reset
FNDA:0,(anonymous_48)
FNDA:0,touchAll
FNDA:0,(anonymous_50)
FNDA:0,setValues
FNDA:0,(anonymous_52)
FNDA:0,getFieldErrors
DA:1,4
DA:2,4
DA:3,4
DA:90,4
DA:102,0
DA:105,0
DA:108,0
DA:111,0
DA:112,0
DA:113,0
DA:114,0
DA:115,0
DA:118,0
DA:121,0
DA:124,0
DA:125,0
DA:126,0
DA:127,0
DA:128,0
DA:130,0
DA:131,0
DA:132,0
DA:133,0
DA:134,0
DA:137,0
DA:148,0
DA:154,0
DA:157,0
DA:158,0
DA:159,0
DA:163,0
DA:164,0
DA:165,0
DA:169,0
DA:171,0
DA:173,0
DA:174,0
DA:177,0
DA:180,0
DA:181,0
DA:185,0
DA:186,0
DA:187,0
DA:188,0
DA:189,0
DA:191,0
DA:197,0
DA:198,0
DA:200,0
DA:201,0
DA:202,0
DA:204,0
DA:213,0
DA:214,0
DA:218,0
DA:219,0
DA:220,0
DA:228,0
DA:231,0
DA:232,0
DA:236,0
DA:239,0
DA:240,0
DA:241,0
DA:244,0
DA:245,0
DA:255,0
DA:256,0
DA:257,0
DA:261,0
DA:262,0
DA:263,0
DA:264,0
DA:265,0
DA:266,0
DA:270,0
DA:271,0
DA:279,0
DA:280,0
DA:283,0
DA:284,0
DA:293,0
DA:300,0
DA:303,0
DA:304,0
DA:308,0
DA:309,0
DA:312,0
DA:313,0
DA:322,0
DA:323,0
DA:330,0
DA:333,0
DA:334,0
DA:339,0
DA:341,0
DA:342,0
DA:346,0
DA:365,4
DA:366,0
DA:367,0
DA:368,0
DA:370,0
DA:371,0
DA:373,0
DA:374,0
DA:377,0
DA:384,4
DA:385,0
DA:386,0
DA:387,0
DA:390,0
DA:391,0
DA:392,0
DA:395,0
DA:402,4
DA:403,0
DA:404,0
DA:405,0
DA:408,0
DA:409,0
DA:410,0
DA:413,0
DA:420,4
DA:421,4
DA:422,0
DA:423,0
DA:426,0
DA:427,0
DA:430,0
DA:437,4
DA:445,4
DA:446,0
DA:447,0
DA:448,0
DA:451,0
DA:452,0
DA:455,0
DA:462,4
DA:463,0
DA:464,0
DA:465,0
DA:468,0
DA:469,0
DA:472,0
DA:479,4
DA:483,0
DA:484,0
DA:485,0
DA:492,4
DA:496,0
DA:497,0
DA:498,0
DA:505,4
DA:509,0
DA:510,0
DA:511,0
DA:512,0
DA:514,0
DA:515,0
DA:551,4
DA:557,0
DA:558,0
DA:559,0
DA:564,0
DA:565,0
DA:566,0
DA:571,0
DA:572,0
DA:573,0
DA:578,0
DA:579,0
DA:581,0
DA:582,0
DA:585,0
DA:592,0
DA:593,0
DA:596,0
DA:603,0
DA:604,0
DA:605,0
DA:614,0
DA:615,0
DA:616,0
DA:625,0
DA:626,0
DA:627,0
DA:628,0
DA:638,0
DA:641,0
LF:190
LH:16
BRDA:91,0,0,0
BRDA:92,1,0,0
BRDA:95,2,0,0
BRDA:96,3,0,0
BRDA:97,4,0,0
BRDA:98,5,0,0
BRDA:99,6,0,0
BRDA:100,7,0,0
BRDA:101,8,0,0
BRDA:131,9,0,0
BRDA:131,9,1,0
BRDA:133,10,0,0
BRDA:133,11,0,0
BRDA:133,11,1,0
BRDA:134,12,0,0
BRDA:134,12,1,0
BRDA:157,13,0,0
BRDA:163,14,0,0
BRDA:180,15,0,0
BRDA:187,16,0,0
BRDA:188,17,0,0
BRDA:188,17,1,0
BRDA:213,18,0,0
BRDA:231,19,0,0
BRDA:244,20,0,0
BRDA:255,21,0,0
BRDA:270,22,0,0
BRDA:279,23,0,0
BRDA:283,24,0,0
BRDA:303,25,0,0
BRDA:312,26,0,0
BRDA:333,27,0,0
BRDA:339,28,0,0
BRDA:339,29,0,0
BRDA:339,29,1,0
BRDA:365,30,0,0
BRDA:367,31,0,0
BRDA:367,32,0,0
BRDA:367,32,1,0
BRDA:367,32,2,0
BRDA:370,33,0,0
BRDA:370,34,0,0
BRDA:370,34,1,0
BRDA:373,35,0,0
BRDA:373,36,0,0
BRDA:373,36,1,0
BRDA:386,37,0,0
BRDA:386,38,0,0
BRDA:386,38,1,0
BRDA:391,39,0,0
BRDA:392,40,0,0
BRDA:392,40,1,0
BRDA:404,41,0,0
BRDA:404,42,0,0
BRDA:404,42,1,0
BRDA:409,43,0,0
BRDA:410,44,0,0
BRDA:410,44,1,0
BRDA:420,45,0,0
BRDA:422,46,0,0
BRDA:422,47,0,0
BRDA:422,47,1,0
BRDA:422,47,2,0
BRDA:426,48,0,0
BRDA:447,49,0,0
BRDA:447,50,0,0
BRDA:447,50,1,0
BRDA:451,51,0,0
BRDA:452,52,0,0
BRDA:452,52,1,0
BRDA:464,53,0,0
BRDA:464,54,0,0
BRDA:464,54,1,0
BRDA:468,55,0,0
BRDA:469,56,0,0
BRDA:469,56,1,0
BRDA:485,57,0,0
BRDA:485,57,1,0
BRDA:494,58,0,0
BRDA:498,59,0,0
BRDA:498,59,1,0
BRDA:507,60,0,0
BRDA:512,61,0,0
BRDA:512,61,1,0
BRDA:627,62,0,0
BRF:85
BRH:0
end_of_record
TN:
SF:src\reactiveVirtualList.ts
FN:127,createVirtualList
FN:135,(anonymous_1)
FN:165,calculateVirtualWindow
FN:246,calculateVirtualItems
FN:296,recalculate
FN:305,(anonymous_5)
FN:318,handleScroll
FN:330,(anonymous_7)
FN:342,scrollToItem
FN:368,measureItem
FN:393,(anonymous_10)
FN:406,resetMeasurements
FN:414,setItems
FN:447,updateItem
FN:463,getTotalHeight
FN:470,getScrollInfo
FN:481,notifyEventListeners
FN:490,addEventListener
FN:495,(anonymous_18)
FN:501,(anonymous_19)
FN:507,(anonymous_20)
FN:537,connectVirtualList
FN:553,(anonymous_22)
FN:564,(anonymous_23)
FN:578,(anonymous_24)
FN:585,(anonymous_25)
FN:596,(anonymous_26)
FN:599,(anonymous_27)
FN:623,(anonymous_28)
FN:641,createInfiniteList
FN:656,(anonymous_30)
FN:673,loadMoreItems
FN:692,(anonymous_32)
FN:708,(anonymous_33)
FNF:34
FNH:17
FNDA:8,createVirtualList
FNDA:190,(anonymous_1)
FNDA:33,calculateVirtualWindow
FNDA:33,calculateVirtualItems
FNDA:25,recalculate
FNDA:25,(anonymous_5)
FNDA:2,handleScroll
FNDA:1,(anonymous_7)
FNDA:0,scrollToItem
FNDA:4,measureItem
FNDA:0,(anonymous_10)
FNDA:1,resetMeasurements
FNDA:2,setItems
FNDA:1,updateItem
FNDA:1,getTotalHeight
FNDA:0,getScrollInfo
FNDA:10,notifyEventListeners
FNDA:2,addEventListener
FNDA:0,(anonymous_18)
FNDA:1,(anonymous_19)
FNDA:8,(anonymous_20)
FNDA:0,connectVirtualList
FNDA:0,(anonymous_22)
FNDA:0,(anonymous_23)
FNDA:0,(anonymous_24)
FNDA:0,(anonymous_25)
FNDA:0,(anonymous_26)
FNDA:0,(anonymous_27)
FNDA:0,(anonymous_28)
FNDA:0,createInfiniteList
FNDA:0,(anonymous_30)
FNDA:0,loadMoreItems
FNDA:0,(anonymous_32)
FNDA:0,(anonymous_33)
DA:1,5
DA:2,5
DA:3,5
DA:127,5
DA:135,190
DA:138,8
DA:141,8
DA:142,8
DA:143,8
DA:144,8
DA:147,8
DA:150,8
DA:159,8
DA:160,8
DA:166,33
DA:167,33
DA:168,33
DA:171,33
DA:172,33
DA:174,33
DA:175,122
DA:176,122
DA:180,122
DA:185,122
DA:189,33
DA:190,33
DA:193,33
DA:194,33
DA:196,33
DA:197,41
DA:199,41
DA:203,3
DA:205,38
DA:209,33
DA:212,33
DA:214,33
DA:219,65
DA:222,33
DA:228,33
DA:231,33
DA:233,33
DA:247,33
DA:248,33
DA:249,33
DA:251,33
DA:253,33
DA:255,33
DA:256,122
DA:257,122
DA:258,122
DA:262,122
DA:263,122
DA:267,122
DA:270,122
DA:280,33
DA:284,8
DA:289,8
DA:297,25
DA:300,25
DA:302,25
DA:305,25
DA:306,25
DA:307,25
DA:310,25
DA:311,2
DA:319,2
DA:320,2
DA:322,2
DA:325,2
DA:326,0
DA:330,2
DA:331,1
DA:332,1
DA:336,2
DA:343,0
DA:345,0
DA:346,0
DA:350,0
DA:352,0
DA:353,0
DA:354,0
DA:358,0
DA:362,0
DA:369,4
DA:371,4
DA:372,0
DA:375,4
DA:378,4
DA:379,0
DA:382,4
DA:384,4
DA:391,4
DA:392,4
DA:393,2
DA:394,0
DA:395,0
DA:399,0
DA:407,1
DA:408,1
DA:415,2
DA:417,0
DA:420,2
DA:422,2
DA:423,4
DA:424,4
DA:428,2
DA:429,0
DA:430,0
DA:435,2
DA:436,2
DA:441,2
DA:448,1
DA:450,1
DA:451,0
DA:454,1
DA:455,1
DA:457,1
DA:464,1
DA:471,0
DA:482,10
DA:483,1
DA:494,2
DA:495,0
DA:498,2
DA:501,2
DA:502,1
DA:507,8
DA:509,8
DA:510,8
DA:511,8
DA:515,8
DA:517,8
DA:537,5
DA:546,0
DA:549,0
DA:551,0
DA:552,0
DA:561,0
DA:563,0
DA:564,0
DA:565,0
DA:566,0
DA:568,0
DA:569,0
DA:574,0
DA:578,0
DA:579,0
DA:582,0
DA:585,0
DA:586,0
DA:587,0
DA:591,0
DA:594,0
DA:596,0
DA:597,0
DA:598,0
DA:599,0
DA:603,0
DA:604,0
DA:606,0
DA:607,0
DA:609,0
DA:610,0
DA:619,0
DA:620,0
DA:623,0
DA:624,0
DA:626,0
DA:627,0
DA:630,0
DA:631,0
DA:634,0
DA:641,5
DA:656,0
DA:661,0
DA:664,0
DA:667,0
DA:668,0
DA:674,0
DA:675,0
DA:678,0
DA:679,0
DA:680,0
DA:682,0
DA:684,0
DA:685,0
DA:687,0
DA:688,0
DA:689,0
DA:692,0
DA:695,0
DA:696,0
DA:698,0
DA:700,0
DA:701,0
DA:703,0
DA:708,0
DA:709,0
DA:711,0
DA:716,0
DA:721,0
DA:722,0
DA:725,0
LF:203
LH:113
BRDA:128,0,0,2
BRDA:131,1,0,2
BRDA:132,2,0,4
BRDA:133,3,0,6
BRDA:134,4,0,7
BRDA:135,5,0,5
BRDA:136,6,0,8
BRDA:137,7,0,8
BRDA:176,8,0,4
BRDA:176,8,1,118
BRDA:199,9,0,3
BRDA:199,9,1,38
BRDA:215,10,0,98
BRDA:215,10,1,69
BRDA:228,11,0,1
BRDA:228,11,1,32
BRDA:258,12,0,4
BRDA:258,12,1,118
BRDA:267,13,0,122
BRDA:267,13,1,117
BRDA:302,14,0,25
BRDA:302,14,1,24
BRDA:310,15,0,2
BRDA:325,16,0,0
BRDA:342,17,0,0
BRDA:345,18,0,0
BRDA:345,19,0,0
BRDA:345,19,1,0
BRDA:354,20,0,0
BRDA:354,20,1,0
BRDA:371,21,0,0
BRDA:371,22,0,4
BRDA:371,22,1,4
BRDA:378,23,0,0
BRDA:391,24,0,4
BRDA:391,24,1,0
BRDA:392,25,0,2
BRDA:415,26,0,0
BRDA:415,26,1,2
BRDA:429,27,0,0
BRDA:450,28,0,0
BRDA:450,29,0,1
BRDA:450,29,1,1
BRDA:494,30,0,0
BRDA:551,31,0,0
BRDA:563,32,0,0
BRDA:565,33,0,0
BRDA:565,34,0,0
BRDA:565,34,1,0
BRDA:568,35,0,0
BRDA:568,36,0,0
BRDA:568,36,1,0
BRDA:586,37,0,0
BRDA:594,38,0,0
BRDA:599,39,0,0
BRDA:599,39,1,0
BRDA:606,40,0,0
BRDA:609,41,0,0
BRDA:609,42,0,0
BRDA:609,42,1,0
BRDA:626,43,0,0
BRDA:630,44,0,0
BRDA:656,45,0,0
BRDA:657,46,0,0
BRDA:658,47,0,0
BRDA:659,48,0,0
BRDA:674,49,0,0
BRDA:674,50,0,0
BRDA:674,50,1,0
BRDA:687,51,0,0
BRDA:711,52,0,0
BRDA:712,53,0,0
BRDA:712,53,1,0
BRDA:712,53,2,0
BRDA:721,54,0,0
BRF:75
BRH:30
end_of_record
TN:
SF:src\reactiveWorkflow.ts
FN:171,createWorkflow
FN:187,(anonymous_1)
FN:200,(anonymous_2)
FN:217,(anonymous_3)
FN:223,validateSteps
FN:224,(anonymous_5)
FN:243,hasCircularDependency
FN:249,(anonymous_7)
FN:273,start
FN:285,(anonymous_9)
FN:295,(anonymous_10)
FN:298,(anonymous_11)
FN:326,(anonymous_12)
FN:339,executeNextSteps
FN:349,(anonymous_14)
FN:355,(anonymous_15)
FN:362,(anonymous_16)
FN:372,(anonymous_17)
FN:373,(anonymous_18)
FN:382,(anonymous_19)
FN:402,(anonymous_20)
FN:420,(anonymous_21)
FN:433,(anonymous_22)
FN:436,(anonymous_23)
FN:448,executeStep
FN:453,(anonymous_25)
FN:472,(anonymous_26)
FN:493,(anonymous_27)
FN:511,(anonymous_28)
FN:537,handleStepFailure
FN:551,(anonymous_30)
FN:559,(anonymous_31)
FN:573,(anonymous_32)
FN:588,(anonymous_33)
FN:599,pause
FN:602,(anonymous_35)
FN:609,resume
FN:613,(anonymous_37)
FN:623,stop
FN:634,(anonymous_39)
FN:644,retryStep
FN:653,(anonymous_41)
FN:663,(anonymous_42)
FN:674,skipStep
FN:683,(anonymous_44)
FN:692,(anonymous_45)
FN:706,jumpToStep
FN:711,(anonymous_47)
FN:714,(anonymous_48)
FN:724,(anonymous_49)
FN:735,updateContext
FN:736,(anonymous_51)
FN:743,getStepInfo
FN:745,(anonymous_53)
FN:751,onStepChange
FN:762,(anonymous_55)
FN:774,onComplete
FN:778,(anonymous_57)
FN:784,notifyStepListeners
FN:808,(anonymous_59)
FN:844,createSequentialWorkflow
FN:851,(anonymous_61)
FN:872,createParallelWorkflow
FN:879,(anonymous_63)
FN:899,createConditionalSteps
FN:905,(anonymous_65)
FN:907,(anonymous_66)
FN:910,(anonymous_67)
FN:912,(anonymous_68)
FNF:69
FNH:53
FNDA:23,createWorkflow
FNDA:42,(anonymous_1)
FNDA:42,(anonymous_2)
FNDA:42,(anonymous_3)
FNDA:23,validateSteps
FNDA:42,(anonymous_5)
FNDA:13,hasCircularDependency
FNDA:16,(anonymous_7)
FNDA:20,start
FNDA:20,(anonymous_9)
FNDA:0,(anonymous_10)
FNDA:0,(anonymous_11)
FNDA:0,(anonymous_12)
FNDA:45,executeNextSteps
FNDA:48,(anonymous_14)
FNDA:17,(anonymous_15)
FNDA:38,(anonymous_16)
FNDA:4,(anonymous_17)
FNDA:4,(anonymous_18)
FNDA:7,(anonymous_19)
FNDA:7,(anonymous_20)
FNDA:13,(anonymous_21)
FNDA:27,(anonymous_22)
FNDA:43,(anonymous_23)
FNDA:30,executeStep
FNDA:30,(anonymous_25)
FNDA:0,(anonymous_26)
FNDA:19,(anonymous_27)
FNDA:20,(anonymous_28)
FNDA:5,handleStepFailure
FNDA:0,(anonymous_30)
FNDA:5,(anonymous_31)
FNDA:5,(anonymous_32)
FNDA:2,(anonymous_33)
FNDA:2,pause
FNDA:1,(anonymous_35)
FNDA:1,resume
FNDA:1,(anonymous_37)
FNDA:1,stop
FNDA:0,(anonymous_39)
FNDA:2,retryStep
FNDA:2,(anonymous_41)
FNDA:2,(anonymous_42)
FNDA:1,skipStep
FNDA:0,(anonymous_44)
FNDA:0,(anonymous_45)
FNDA:0,jumpToStep
FNDA:0,(anonymous_47)
FNDA:0,(anonymous_48)
FNDA:0,(anonymous_49)
FNDA:1,updateContext
FNDA:1,(anonymous_51)
FNDA:0,getStepInfo
FNDA:0,(anonymous_53)
FNDA:1,onStepChange
FNDA:0,(anonymous_55)
FNDA:1,onComplete
FNDA:1,(anonymous_57)
FNDA:58,notifyStepListeners
FNDA:0,(anonymous_59)
FNDA:1,createSequentialWorkflow
FNDA:2,(anonymous_61)
FNDA:1,createParallelWorkflow
FNDA:2,(anonymous_63)
FNDA:2,createConditionalSteps
FNDA:2,(anonymous_65)
FNDA:2,(anonymous_66)
FNDA:2,(anonymous_67)
FNDA:2,(anonymous_68)
DA:1,5
DA:2,5
DA:3,5
DA:171,5
DA:174,23
DA:177,23
DA:180,23
DA:188,42
DA:194,42
DA:200,42
DA:204,23
DA:207,23
DA:210,23
DA:216,23
DA:217,42
DA:220,23
DA:224,42
DA:226,23
DA:227,42
DA:228,10
DA:229,11
DA:230,0
DA:234,11
DA:235,0
DA:248,13
DA:249,16
DA:251,13
DA:252,11
DA:255,2
DA:256,2
DA:257,0
DA:260,2
DA:261,0
DA:264,2
DA:265,0
DA:269,2
DA:275,20
DA:285,20
DA:292,20
DA:294,20
DA:295,0
DA:296,0
DA:297,0
DA:298,0
DA:309,20
DA:312,16
DA:315,16
DA:316,13
DA:317,1
DA:321,16
DA:323,0
DA:326,0
DA:334,0
DA:340,45
DA:343,45
DA:344,3
DA:348,42
DA:350,48
DA:351,48
DA:354,48
DA:355,17
DA:356,17
DA:360,31
DA:364,38
DA:365,38
DA:367,38
DA:368,9
DA:371,9
DA:372,4
DA:373,4
DA:382,7
DA:388,4
DA:389,4
DA:393,34
DA:397,42
DA:398,42
DA:399,42
DA:402,42
DA:403,7
DA:404,7
DA:407,7
DA:408,7
DA:409,7
DA:413,42
DA:416,42
DA:418,14
DA:420,13
DA:428,14
DA:432,28
DA:433,27
DA:436,43
DA:441,28
DA:444,24
DA:449,30
DA:450,30
DA:453,30
DA:467,30
DA:471,30
DA:472,0
DA:473,0
DA:476,0
DA:479,30
DA:481,30
DA:484,19
DA:485,0
DA:486,0
DA:490,19
DA:493,19
DA:511,20
DA:516,19
DA:519,19
DA:520,0
DA:524,5
DA:525,0
DA:526,0
DA:530,5
DA:532,5
DA:538,5
DA:539,5
DA:541,5
DA:542,5
DA:545,5
DA:548,5
DA:550,0
DA:551,0
DA:555,0
DA:559,5
DA:573,5
DA:578,5
DA:581,5
DA:582,1
DA:586,5
DA:588,2
DA:600,2
DA:602,1
DA:610,1
DA:611,1
DA:613,1
DA:619,1
DA:624,1
DA:625,1
DA:628,0
DA:629,0
DA:631,0
DA:634,0
DA:645,2
DA:646,2
DA:648,2
DA:649,0
DA:653,2
DA:663,2
DA:668,2
DA:669,0
DA:675,1
DA:676,1
DA:678,1
DA:679,1
DA:683,0
DA:692,0
DA:697,0
DA:700,0
DA:701,0
DA:707,0
DA:708,0
DA:711,0
DA:715,0
DA:716,0
DA:718,0
DA:724,0
DA:729,0
DA:730,0
DA:736,1
DA:745,0
DA:747,0
DA:755,1
DA:756,1
DA:759,1
DA:762,1
DA:763,0
DA:764,0
DA:765,0
DA:766,0
DA:767,0
DA:775,1
DA:778,1
DA:779,1
DA:785,58
DA:786,58
DA:788,1
DA:789,1
DA:790,1
DA:795,23
DA:797,0
DA:798,0
DA:799,0
DA:800,0
DA:801,0
DA:804,0
DA:808,0
DA:809,0
DA:810,0
DA:811,0
DA:816,0
DA:821,23
DA:844,5
DA:851,2
DA:858,1
DA:872,5
DA:879,2
DA:886,1
DA:899,5
DA:905,2
DA:907,2
DA:910,2
DA:912,2
DA:915,2
LF:216
LH:155
BRDA:227,0,0,10
BRDA:229,1,0,0
BRDA:234,2,0,0
BRDA:251,3,0,11
BRDA:251,4,0,13
BRDA:251,4,1,13
BRDA:251,4,2,2
BRDA:256,5,0,0
BRDA:260,6,0,0
BRDA:264,7,0,0
BRDA:294,8,0,0
BRDA:296,9,0,0
BRDA:302,10,0,0
BRDA:302,10,1,0
BRDA:315,11,0,13
BRDA:331,12,0,0
BRDA:331,12,1,0
BRDA:343,13,0,3
BRDA:351,14,0,0
BRDA:354,15,0,17
BRDA:354,16,0,48
BRDA:354,16,1,17
BRDA:356,17,0,17
BRDA:356,17,1,10
BRDA:365,18,0,0
BRDA:367,19,0,9
BRDA:371,20,0,4
BRDA:397,21,0,42
BRDA:397,21,1,0
BRDA:407,22,0,0
BRDA:407,23,0,7
BRDA:407,23,1,4
BRDA:408,24,0,0
BRDA:408,25,0,7
BRDA:408,25,1,3
BRDA:416,26,0,14
BRDA:416,27,0,42
BRDA:416,27,1,15
BRDA:418,28,0,13
BRDA:425,29,0,13
BRDA:425,29,1,0
BRDA:432,30,0,27
BRDA:450,31,0,0
BRDA:471,32,0,0
BRDA:484,33,0,0
BRDA:490,34,0,0
BRDA:505,35,0,19
BRDA:505,35,1,0
BRDA:519,36,0,0
BRDA:524,37,0,0
BRDA:530,38,0,0
BRDA:539,39,0,0
BRDA:545,40,0,5
BRDA:545,40,1,5
BRDA:545,40,2,1
BRDA:546,41,0,1
BRDA:546,41,1,0
BRDA:548,42,0,0
BRDA:550,43,0,0
BRDA:567,44,0,5
BRDA:567,44,1,0
BRDA:581,45,0,1
BRDA:586,46,0,2
BRDA:593,47,0,2
BRDA:593,47,1,0
BRDA:600,48,0,1
BRDA:611,49,0,0
BRDA:611,50,0,1
BRDA:611,50,1,1
BRDA:611,50,2,1
BRDA:625,51,0,1
BRDA:639,52,0,0
BRDA:639,52,1,0
BRDA:648,53,0,0
BRDA:648,54,0,2
BRDA:648,54,1,2
BRDA:668,55,0,0
BRDA:678,56,0,1
BRDA:678,57,0,1
BRDA:678,57,1,1
BRDA:700,58,0,0
BRDA:708,59,0,0
BRDA:715,60,0,0
BRDA:729,61,0,0
BRDA:755,62,0,1
BRDA:764,63,0,0
BRDA:766,64,0,0
BRDA:786,65,0,57
BRDA:795,66,0,0
BRDA:795,67,0,23
BRDA:795,67,1,0
BRDA:795,67,2,0
BRDA:799,68,0,0
BRDA:855,69,0,1
BRDA:855,69,1,1
BRDA:902,70,0,0
BRDA:907,71,0,2
BRDA:907,71,1,1
BRDA:907,72,0,0
BRDA:907,72,1,1
BRDA:912,73,0,2
BRDA:912,73,1,1
BRDA:912,74,0,0
BRDA:912,74,1,1
BRF:104
BRH:55
end_of_record
TN:
SF:src\signal.ts
FN:26,createSignal
FN:35,(anonymous_1)
FN:54,(anonymous_2)
FN:64,(anonymous_3)
FN:67,(anonymous_4)
FN:78,(anonymous_5)
FN:88,(anonymous_6)
FN:89,(anonymous_7)
FN:94,(anonymous_8)
FN:97,(anonymous_9)
FN:105,(anonymous_10)
FN:127,createSignalPair
FN:132,(anonymous_12)
FN:133,(anonymous_13)
FN:134,(anonymous_14)
FN:137,(anonymous_15)
FN:140,(anonymous_16)
FNF:17
FNH:15
FNDA:195,createSignal
FNDA:1127,(anonymous_1)
FNDA:74,(anonymous_2)
FNDA:351,(anonymous_3)
FNDA:74,(anonymous_4)
FNDA:0,(anonymous_5)
FNDA:1,(anonymous_6)
FNDA:1,(anonymous_7)
FNDA:1,(anonymous_8)
FNDA:24,(anonymous_9)
FNDA:3,(anonymous_10)
FNDA:159,createSignalPair
FNDA:623,(anonymous_12)
FNDA:0,(anonymous_13)
FNDA:17,(anonymous_14)
FNDA:1,(anonymous_15)
FNDA:315,(anonymous_16)
DA:1,11
DA:2,11
DA:7,11
DA:26,11
DA:27,195
DA:28,195
DA:31,195
DA:32,195
DA:35,195
DA:37,1127
DA:38,753
DA:39,753
DA:43,374
DA:45,351
DA:46,351
DA:50,351
DA:51,351
DA:54,351
DA:55,74
DA:56,20
DA:58,74
DA:64,351
DA:66,351
DA:67,351
DA:68,74
DA:69,74
DA:70,74
DA:71,74
DA:74,351
DA:78,0
DA:82,351
DA:86,195
DA:88,1
DA:89,1
DA:94,195
DA:97,195
DA:98,24
DA:101,24
DA:102,24
DA:105,24
DA:106,3
DA:107,3
DA:108,3
DA:109,3
DA:114,195
DA:127,11
DA:130,159
DA:132,623
DA:133,159
DA:134,159
DA:136,159
DA:137,1
DA:140,315
DA:143,159
DA:144,159
DA:147,159
LF:56
LH:55
BRDA:7,0,0,11
BRDA:7,0,1,11
BRDA:7,0,2,11
BRDA:7,0,3,0
BRDA:37,1,0,753
BRDA:43,2,0,23
BRDA:46,3,0,127
BRDA:46,3,1,224
BRDA:50,4,0,351
BRDA:51,5,0,351
BRDA:51,5,1,0
BRDA:55,6,0,20
BRDA:68,7,0,74
BRDA:101,8,0,24
BRDA:107,9,0,3
BRDA:143,10,0,159
BRF:16
BRH:14
end_of_record
TN:
SF:src\statefulSignal.ts
FN:47,createResource
FN:82,(anonymous_1)
FN:98,(anonymous_2)
FN:109,(anonymous_3)
FN:125,(anonymous_4)
FN:148,(anonymous_5)
FN:172,(anonymous_6)
FN:181,(anonymous_7)
FN:190,(anonymous_8)
FN:204,(anonymous_9)
FN:206,(anonymous_10)
FN:220,(anonymous_11)
FN:224,(anonymous_12)
FN:238,(anonymous_13)
FN:244,(anonymous_14)
FN:249,(anonymous_15)
FN:277,createLoadable
FN:296,(anonymous_17)
FN:301,(anonymous_18)
FN:369,createStateMachine
FN:382,(anonymous_20)
FN:389,(anonymous_21)
FN:398,(anonymous_22)
FN:406,(anonymous_23)
FN:419,(anonymous_24)
FN:441,createValidatedSignal
FN:455,(anonymous_26)
FNF:27
FNH:12
FNDA:1,createResource
FNDA:0,(anonymous_1)
FNDA:0,(anonymous_2)
FNDA:0,(anonymous_3)
FNDA:0,(anonymous_4)
FNDA:0,(anonymous_5)
FNDA:0,(anonymous_6)
FNDA:0,(anonymous_7)
FNDA:0,(anonymous_8)
FNDA:1,(anonymous_9)
FNDA:0,(anonymous_10)
FNDA:0,(anonymous_11)
FNDA:0,(anonymous_12)
FNDA:0,(anonymous_13)
FNDA:0,(anonymous_14)
FNDA:0,(anonymous_15)
FNDA:3,createLoadable
FNDA:1,(anonymous_17)
FNDA:2,(anonymous_18)
FNDA:3,createStateMachine
FNDA:8,(anonymous_20)
FNDA:8,(anonymous_21)
FNDA:6,(anonymous_22)
FNDA:6,(anonymous_23)
FNDA:0,(anonymous_24)
FNDA:2,createValidatedSignal
FNDA:5,(anonymous_26)
DA:1,5
DA:2,5
DA:7,5
DA:47,5
DA:56,1
DA:59,1
DA:60,1
DA:61,1
DA:65,1
DA:66,1
DA:69,1
DA:72,1
DA:74,1
DA:77,1
DA:79,0
DA:80,0
DA:82,0
DA:83,0
DA:84,0
DA:85,0
DA:86,0
DA:87,0
DA:92,1
DA:94,0
DA:95,0
DA:98,0
DA:99,0
DA:100,0
DA:104,1
DA:106,0
DA:107,0
DA:109,0
DA:110,0
DA:111,0
DA:113,0
DA:114,0
DA:119,1
DA:120,1
DA:125,1
DA:127,0
DA:129,0
DA:132,0
DA:133,0
DA:134,0
DA:136,0
DA:140,0
DA:141,0
DA:142,0
DA:146,0
DA:147,0
DA:148,0
DA:149,0
DA:150,0
DA:151,0
DA:152,0
DA:153,0
DA:156,0
DA:160,0
DA:165,0
DA:166,0
DA:168,0
DA:172,0
DA:173,0
DA:174,0
DA:177,0
DA:178,0
DA:179,0
DA:181,0
DA:182,0
DA:183,0
DA:186,0
DA:188,0
DA:190,0
DA:191,0
DA:192,0
DA:195,0
DA:196,0
DA:199,0
DA:204,1
DA:205,1
DA:206,0
DA:208,1
DA:210,1
DA:214,1
DA:215,0
DA:219,1
DA:220,0
DA:224,1
DA:226,1
DA:227,1
DA:228,1
DA:229,1
DA:230,1
DA:233,1
DA:234,1
DA:237,1
DA:238,0
DA:242,1
DA:243,1
DA:244,0
DA:248,1
DA:250,0
DA:251,0
DA:252,0
DA:258,1
DA:277,5
DA:284,3
DA:293,3
DA:296,3
DA:297,1
DA:301,3
DA:302,2
DA:309,2
DA:310,2
DA:312,1
DA:319,1
DA:321,1
DA:323,1
DA:331,1
DA:335,3
DA:369,5
DA:375,3
DA:376,3
DA:377,3
DA:382,3
DA:383,8
DA:384,8
DA:386,8
DA:388,8
DA:389,8
DA:390,8
DA:391,8
DA:392,8
DA:398,3
DA:399,6
DA:400,6
DA:402,6
DA:406,6
DA:408,3
DA:409,3
DA:410,3
DA:411,3
DA:414,3
DA:415,3
DA:418,3
DA:419,0
DA:422,3
DA:441,5
DA:449,2
DA:452,2
DA:455,2
DA:458,5
DA:459,2
DA:461,3
DA:464,5
DA:465,5
DA:466,5
DA:469,2
LF:158
LH:90
BRDA:7,0,0,5
BRDA:7,0,1,5
BRDA:7,0,2,5
BRDA:7,0,3,0
BRDA:49,1,0,0
BRDA:54,2,0,1
BRDA:55,3,0,1
BRDA:72,4,0,1
BRDA:74,5,0,1
BRDA:74,5,1,0
BRDA:77,6,0,0
BRDA:77,6,1,1
BRDA:86,7,0,0
BRDA:92,8,0,0
BRDA:92,8,1,1
BRDA:104,9,0,0
BRDA:104,9,1,1
BRDA:127,10,0,0
BRDA:129,11,0,0
BRDA:129,11,1,0
BRDA:132,12,0,0
BRDA:134,13,0,0
BRDA:134,14,0,0
BRDA:134,14,1,0
BRDA:134,14,2,0
BRDA:146,15,0,0
BRDA:152,16,0,0
BRDA:166,17,0,0
BRDA:166,18,0,0
BRDA:166,18,1,0
BRDA:166,18,2,0
BRDA:195,19,0,0
BRDA:205,20,0,0
BRDA:205,20,1,1
BRDA:214,21,0,0
BRDA:219,22,0,0
BRDA:242,23,0,1
BRDA:250,24,0,0
BRDA:278,25,0,2
BRDA:388,26,0,8
BRDA:458,27,0,2
BRDA:458,27,1,3
BRF:42
BRH:16
end_of_record
TN:
SF:src\utils.ts
FN:9,(anonymous_0)
FN:15,(anonymous_1)
FN:21,(anonymous_2)
FN:47,batch
FN:71,(anonymous_4)
FN:80,(anonymous_5)
FN:85,(anonymous_6)
FN:91,(anonymous_7)
FN:91,(anonymous_8)
FN:100,queueMicrotask
FN:114,singleton
FN:116,(anonymous_11)
FNF:12
FNH:3
FNDA:377,(anonymous_0)
FNDA:110,(anonymous_1)
FNDA:0,(anonymous_2)
FNDA:400,batch
FNDA:0,(anonymous_4)
FNDA:0,(anonymous_5)
FNDA:0,(anonymous_6)
FNDA:0,(anonymous_7)
FNDA:0,(anonymous_8)
FNDA:0,queueMicrotask
FNDA:0,singleton
FNDA:0,(anonymous_11)
DA:9,11
DA:10,377
DA:15,11
DA:16,110
DA:21,11
DA:22,0
DA:23,0
DA:24,0
DA:30,11
DA:35,11
DA:41,11
DA:42,11
DA:47,11
DA:48,400
DA:49,400
DA:50,400
DA:52,400
DA:54,400
DA:55,0
DA:56,0
DA:58,0
DA:61,0
DA:64,0
DA:65,0
DA:68,0
DA:71,0
DA:73,0
DA:75,0
DA:76,0
DA:80,0
DA:81,0
DA:85,0
DA:86,0
DA:91,0
DA:100,11
DA:101,0
DA:102,0
DA:103,0
DA:105,0
DA:107,0
DA:114,11
DA:116,0
DA:117,0
DA:118,0
DA:120,0
LF:45
LH:17
BRDA:16,0,0,110
BRDA:16,0,1,110
BRDA:22,1,0,0
BRDA:24,2,0,0
BRDA:24,2,1,0
BRDA:35,3,0,11
BRDA:35,3,1,11
BRDA:35,3,2,11
BRDA:35,3,3,0
BRDA:54,4,0,0
BRDA:54,5,0,400
BRDA:54,5,1,317
BRDA:58,6,0,0
BRDA:58,6,1,0
BRDA:64,7,0,0
BRDA:64,7,1,0
BRDA:65,8,0,0
BRDA:65,8,1,0
BRDA:68,9,0,0
BRDA:68,9,1,0
BRDA:75,10,0,0
BRDA:101,11,0,0
BRDA:101,11,1,0
BRDA:103,12,0,0
BRDA:103,12,1,0
BRDA:117,13,0,0
BRF:26
BRH:7
end_of_record
TN:
SF:src\watch.ts
FN:32,watch
FN:47,watchSources
FN:58,doWatch
FN:71,(anonymous_3)
FN:74,(anonymous_4)
FN:86,(anonymous_5)
FN:97,(anonymous_6)
FN:102,(anonymous_7)
FN:104,(anonymous_8)
FN:121,getWatchValue
FNF:10
FNH:10
FNDA:5,watch
FNDA:1,watchSources
FNDA:6,doWatch
FNDA:14,(anonymous_3)
FNDA:6,(anonymous_4)
FNDA:10,(anonymous_5)
FNDA:14,(anonymous_6)
FNDA:5,(anonymous_7)
FNDA:5,(anonymous_8)
FNDA:17,getWatchValue
DA:1,1
DA:2,1
DA:32,1
DA:37,5
DA:47,1
DA:52,1
DA:63,6
DA:68,6
DA:71,6
DA:73,14
DA:74,3
DA:75,6
DA:76,6
DA:77,6
DA:81,11
DA:86,6
DA:87,10
DA:88,3
DA:89,3
DA:91,7
DA:92,7
DA:97,6
DA:98,14
DA:101,14
DA:102,5
DA:103,9
DA:104,5
DA:106,4
DA:109,14
DA:113,6
DA:115,6
DA:122,17
DA:123,15
DA:124,2
DA:125,2
DA:126,0
DA:128,0
DA:130,0
LF:38
LH:35
BRDA:35,0,0,4
BRDA:50,1,0,1
BRDA:63,2,0,5
BRDA:63,3,0,6
BRDA:73,4,0,3
BRDA:73,4,1,11
BRDA:73,5,0,14
BRDA:73,5,1,3
BRDA:87,6,0,3
BRDA:87,6,1,7
BRDA:87,7,0,10
BRDA:87,7,1,3
BRDA:101,8,0,5
BRDA:101,8,1,9
BRDA:101,9,0,14
BRDA:101,9,1,12
BRDA:101,9,2,3
BRDA:103,10,0,5
BRDA:103,10,1,4
BRDA:122,11,0,15
BRDA:122,11,1,2
BRDA:124,12,0,2
BRDA:124,12,1,0
BRDA:126,13,0,0
BRF:24
BRH:22
end_of_record
